2023-10-12 05:28:37,408 {'device': 'cuda', 'logdir': 'logs', 'checkpoints': 'checkpoints', 'data': {'name': 'RECOVERY', 'img_root': 'data/new_modified_data/RECOVERY/images', 'data_path': 'data/new_modified_data/RECOVERY/recoveryn_modified.csv', 'txt_col': 'body_text', 'img_col': 'image', 'tar_col': 'reliability', 'idx_col': 'Unnamed: 0', 'batch_size': 16, 'num_workers': 4, 'max_len': 512, 'chunk_len': 200, 'overlap_len': 50}, 'model': {'name': 'CnnVgg', 'modality': 'multi', 'vocab_size': 0, 'embedding_dim': 100, 'n_filters': 20, 'filter_sizes': [3, 4, 5], 'num_layers': 2, 'dropout': 0.2, 'common_hidden_dim': 512, 'output_dim': 1}, 'training': {'scheme': 2, 'beta': 0.7, 'margin': 0.2, 'epochs': 100, 'lr': 0.0001, 'warmup_steps': 0}}
2023-10-12 05:28:37,607 Loading tokenizer from local checkpoints checkpoints/tokenizer
2023-10-12 05:28:37,608 Length of tokenizer is 34141
2023-10-12 05:29:32,139 Epoch: 0 Train loss: 0.47199481564113893 Val loss: 0.43306824281102135 accuracy: 0.8328267477203647 precision: 0.9523809523809523 f1: 0.9043478260869565
2023-10-12 05:29:33,190 Best Model saved with accuracy 0.8328267477203647
2023-10-12 05:30:24,309 Epoch: 1 Train loss: 0.4203854472522276 Val loss: 0.3930344986064093 accuracy: 0.8480243161094225 precision: 0.989010989010989 f1: 0.9152542372881356
2023-10-12 05:30:26,812 Best Model saved with accuracy 0.8480243161094225
2023-10-12 05:31:17,184 Epoch: 2 Train loss: 0.39266588045171946 Val loss: 0.38535307844479877 accuracy: 0.8449848024316109 precision: 0.9853479853479854 f1: 0.9134125636672324
2023-10-12 05:32:08,571 Epoch: 3 Train loss: 0.3754109409020608 Val loss: 0.37707558487142834 accuracy: 0.8389057750759878 precision: 0.9853479853479854 f1: 0.910321489001692
2023-10-12 05:32:58,968 Epoch: 4 Train loss: 0.3628920635365578 Val loss: 0.42165488856179373 accuracy: 0.8328267477203647 precision: 0.9340659340659341 f1: 0.9026548672566372
2023-10-12 05:33:50,307 Epoch: 5 Train loss: 0.33564554804554547 Val loss: 0.3727390815814336 accuracy: 0.8480243161094225 precision: 0.978021978021978 f1: 0.9143835616438356
2023-10-12 05:34:42,064 Epoch: 6 Train loss: 0.32096123156777345 Val loss: 0.3525057523733094 accuracy: 0.851063829787234 precision: 0.989010989010989 f1: 0.9168081494057725
2023-10-12 05:34:44,584 Best Model saved with accuracy 0.851063829787234
2023-10-12 05:35:36,303 Epoch: 7 Train loss: 0.30488437737327023 Val loss: 0.35905352057445616 accuracy: 0.8632218844984803 precision: 0.9853479853479854 f1: 0.9228130360205834
2023-10-12 05:35:38,819 Best Model saved with accuracy 0.8632218844984803
2023-10-12 05:36:32,186 Epoch: 8 Train loss: 0.2766887834632253 Val loss: 0.3463135716461 accuracy: 0.8571428571428571 precision: 0.9706959706959707 f1: 0.9185441941074524
2023-10-12 05:37:23,040 Epoch: 9 Train loss: 0.2571229476885623 Val loss: 0.34255699777886983 accuracy: 0.8601823708206687 precision: 0.9816849816849816 f1: 0.9209621993127147
2023-10-12 05:38:14,687 Epoch: 10 Train loss: 0.24317969624177518 Val loss: 0.32710835550512585 accuracy: 0.8601823708206687 precision: 0.967032967032967 f1: 0.9198606271777003
2023-10-12 05:39:06,975 Epoch: 11 Train loss: 0.21798886637012643 Val loss: 0.3210924415006524 accuracy: 0.8723404255319149 precision: 0.9853479853479854 f1: 0.9275862068965518
2023-10-12 05:39:09,448 Best Model saved with accuracy 0.8723404255319149
2023-10-12 05:40:00,783 Epoch: 12 Train loss: 0.19824032570762806 Val loss: 0.3062423158969198 accuracy: 0.878419452887538 precision: 0.9743589743589743 f1: 0.9300699300699301
2023-10-12 05:40:03,287 Best Model saved with accuracy 0.878419452887538
2023-10-12 05:40:55,014 Epoch: 13 Train loss: 0.17562397901552268 Val loss: 0.31941913139252437 accuracy: 0.8662613981762918 precision: 0.945054945054945 f1: 0.9214285714285715
2023-10-12 05:41:45,546 Epoch: 14 Train loss: 0.17733533707368804 Val loss: 0.29308142016331357 accuracy: 0.8814589665653495 precision: 0.9706959706959707 f1: 0.9314586994727592
2023-10-12 05:41:48,035 Best Model saved with accuracy 0.8814589665653495
2023-10-12 05:42:38,226 Epoch: 15 Train loss: 0.15661390435444303 Val loss: 0.29062129255561603 accuracy: 0.8753799392097265 precision: 0.9597069597069597 f1: 0.9274336283185842
2023-10-12 05:43:27,971 Epoch: 16 Train loss: 0.1292491772896554 Val loss: 0.29428212699436007 accuracy: 0.8814589665653495 precision: 0.978021978021978 f1: 0.9319371727748691
2023-10-12 05:44:19,305 Epoch: 17 Train loss: 0.12747407053788024 Val loss: 0.29247343965939115 accuracy: 0.8723404255319149 precision: 0.9304029304029304 f1: 0.9236363636363637
2023-10-12 05:45:10,572 Epoch: 18 Train loss: 0.11484853481223066 Val loss: 0.2728569181192489 accuracy: 0.8753799392097265 precision: 0.967032967032967 f1: 0.9279437609841829
2023-10-12 05:46:01,018 Epoch: 19 Train loss: 0.10505555733948586 Val loss: 0.266478602375303 accuracy: 0.8814589665653495 precision: 0.9413919413919414 f1: 0.9294755877034357
2023-10-12 05:46:51,676 Epoch: 20 Train loss: 0.11143260230366366 Val loss: 0.28987206057423637 accuracy: 0.878419452887538 precision: 0.978021978021978 f1: 0.9303135888501742
2023-10-12 05:47:44,555 Epoch: 21 Train loss: 0.08631806822875178 Val loss: 0.2616338541819936 accuracy: 0.8936170212765957 precision: 0.978021978021978 f1: 0.9384885764499121
2023-10-12 05:47:47,069 Best Model saved with accuracy 0.8936170212765957
2023-10-12 05:48:39,788 Epoch: 22 Train loss: 0.09016511381704764 Val loss: 0.26247548538127113 accuracy: 0.8966565349544073 precision: 0.989010989010989 f1: 0.9407665505226481
2023-10-12 05:48:42,306 Best Model saved with accuracy 0.8966565349544073
2023-10-12 05:49:35,900 Epoch: 23 Train loss: 0.08755827938621662 Val loss: 0.2777884787037259 accuracy: 0.8844984802431611 precision: 0.9743589743589743 f1: 0.9333333333333333
2023-10-12 05:50:26,890 Epoch: 24 Train loss: 0.08983241195554834 Val loss: 0.26668504865041803 accuracy: 0.8966565349544073 precision: 0.978021978021978 f1: 0.9401408450704225
2023-10-12 05:51:18,539 Epoch: 25 Train loss: 0.06245694432901331 Val loss: 0.2739823545728411 accuracy: 0.8905775075987842 precision: 0.9706959706959707 f1: 0.9363957597173145
2023-10-12 05:52:10,276 Epoch: 26 Train loss: 0.0662322654865727 Val loss: 0.3133413049702843 accuracy: 0.878419452887538 precision: 0.978021978021978 f1: 0.9303135888501742
2023-10-12 05:53:01,000 Epoch: 27 Train loss: 0.06543601499533797 Val loss: 0.2520493900492078 accuracy: 0.8966565349544073 precision: 0.9743589743589743 f1: 0.9399293286219083
2023-10-12 05:53:53,508 Epoch: 28 Train loss: 0.05931632980951164 Val loss: 0.33198485603289946 accuracy: 0.8905775075987842 precision: 0.9926739926739927 f1: 0.9377162629757786
2023-10-12 05:54:45,854 Epoch: 29 Train loss: 0.06357094790247908 Val loss: 0.27382778535996166 accuracy: 0.8966565349544073 precision: 0.9816849816849816 f1: 0.9403508771929824
2023-10-12 05:55:38,620 Epoch: 30 Train loss: 0.05512068462165364 Val loss: 0.27580318032276063 accuracy: 0.8996960486322189 precision: 0.9816849816849816 f1: 0.9420035149384886
2023-10-12 05:55:41,139 Best Model saved with accuracy 0.8996960486322189
2023-10-12 05:56:33,507 Epoch: 31 Train loss: 0.04929109274673399 Val loss: 0.2394976658037021 accuracy: 0.9057750759878419 precision: 0.9743589743589743 f1: 0.9449378330373002
2023-10-12 05:56:36,024 Best Model saved with accuracy 0.9057750759878419
2023-10-12 05:57:26,893 Epoch: 32 Train loss: 0.05694742214372269 Val loss: 0.29803325085058097 accuracy: 0.8996960486322189 precision: 0.9816849816849816 f1: 0.9420035149384886
2023-10-12 05:58:18,716 Epoch: 33 Train loss: 0.042379852771444855 Val loss: 0.2730927456702505 accuracy: 0.8966565349544073 precision: 0.978021978021978 f1: 0.9401408450704225
2023-10-12 05:59:09,634 Epoch: 34 Train loss: 0.04639656876398991 Val loss: 0.2472192302701019 accuracy: 0.9088145896656535 precision: 0.9597069597069597 f1: 0.9458483754512635
2023-10-12 05:59:12,164 Best Model saved with accuracy 0.9088145896656535
2023-10-12 06:00:02,932 Epoch: 35 Train loss: 0.046889839887461926 Val loss: 0.2986748726772411 accuracy: 0.8966565349544073 precision: 0.9853479853479854 f1: 0.9405594405594405
2023-10-12 06:00:54,620 Epoch: 36 Train loss: 0.043137527761015905 Val loss: 0.25602712717262055 accuracy: 0.9027355623100304 precision: 0.978021978021978 f1: 0.9434628975265017
2023-10-12 06:01:46,074 Epoch: 37 Train loss: 0.04423628140841218 Val loss: 0.2911117878032937 accuracy: 0.8905775075987842 precision: 0.9816849816849816 f1: 0.937062937062937
2023-10-12 06:02:37,409 Epoch: 38 Train loss: 0.04627330015492009 Val loss: 0.25096608614105553 accuracy: 0.9148936170212766 precision: 0.978021978021978 f1: 0.9501779359430604
2023-10-12 06:02:39,936 Best Model saved with accuracy 0.9148936170212766
2023-10-12 06:03:31,237 Epoch: 39 Train loss: 0.03728872850952468 Val loss: 0.25905612022394225 accuracy: 0.9148936170212766 precision: 0.9816849816849816 f1: 0.9503546099290779
2023-10-12 06:04:22,419 Epoch: 40 Train loss: 0.03745544917112867 Val loss: 0.2588215634404194 accuracy: 0.9027355623100304 precision: 0.9597069597069597 f1: 0.9424460431654677
2023-10-12 06:05:15,511 Epoch: 41 Train loss: 0.0409411250035761 Val loss: 0.26214451325081645 accuracy: 0.9179331306990881 precision: 0.9853479853479854 f1: 0.952212389380531
2023-10-12 06:05:18,035 Best Model saved with accuracy 0.9179331306990881
2023-10-12 06:06:09,592 Epoch: 42 Train loss: 0.036930864331444324 Val loss: 0.28635604519929203 accuracy: 0.9209726443768997 precision: 0.9963369963369964 f1: 0.9543859649122807
2023-10-12 06:06:12,123 Best Model saved with accuracy 0.9209726443768997
2023-10-12 06:07:03,169 Epoch: 43 Train loss: 0.0470764252135575 Val loss: 0.43279426817649175 accuracy: 0.8875379939209727 precision: 1.0 f1: 0.9365351629502573
2023-10-12 06:07:55,200 Epoch: 44 Train loss: 0.035691766948467235 Val loss: 0.3060843319232975 accuracy: 0.9118541033434651 precision: 0.9816849816849816 f1: 0.9486725663716814
2023-10-12 06:08:47,411 Epoch: 45 Train loss: 0.019423636704604758 Val loss: 0.2988642458138721 accuracy: 0.9179331306990881 precision: 0.989010989010989 f1: 0.9523809523809524
2023-10-12 06:09:40,522 Epoch: 46 Train loss: 0.03065500121931153 Val loss: 0.28103169337624595 accuracy: 0.9148936170212766 precision: 0.9706959706959707 f1: 0.949820788530466
2023-10-12 06:10:34,512 Epoch: 47 Train loss: 0.030264398301895482 Val loss: 0.27188312927527086 accuracy: 0.9027355623100304 precision: 0.9743589743589743 f1: 0.9432624113475176
2023-10-12 06:11:26,148 Epoch: 48 Train loss: 0.0334935916001426 Val loss: 0.30807962108935627 accuracy: 0.8996960486322189 precision: 0.9743589743589743 f1: 0.9415929203539822
2023-10-12 06:12:17,854 Epoch: 49 Train loss: 0.03170179695884013 Val loss: 0.2947419202398686 accuracy: 0.9148936170212766 precision: 0.9597069597069597 f1: 0.9492753623188406
2023-10-12 06:13:10,092 Epoch: 50 Train loss: 0.045588265185760535 Val loss: 0.30304075431610855 accuracy: 0.8905775075987842 precision: 0.9523809523809523 f1: 0.935251798561151
2023-10-12 06:14:01,477 Epoch: 51 Train loss: 0.0458253675434284 Val loss: 0.32539554468045634 accuracy: 0.8966565349544073 precision: 0.989010989010989 f1: 0.9407665505226481
2023-10-12 06:14:53,130 Epoch: 52 Train loss: 0.026641399824026836 Val loss: 0.2695238231903031 accuracy: 0.9088145896656535 precision: 0.9633699633699634 f1: 0.9460431654676259
2023-10-12 06:15:46,526 Epoch: 53 Train loss: 0.026594766137941955 Val loss: 0.3136126532973278 accuracy: 0.9027355623100304 precision: 0.989010989010989 f1: 0.9440559440559441
2023-10-12 06:16:39,815 Epoch: 54 Train loss: 0.024711220493646765 Val loss: 0.2769535260186309 accuracy: 0.9148936170212766 precision: 0.9743589743589743 f1: 0.9500000000000001
2023-10-12 06:17:32,615 Epoch: 55 Train loss: 0.028994913905135256 Val loss: 0.26610043502989267 accuracy: 0.9179331306990881 precision: 0.978021978021978 f1: 0.9518716577540107
2023-10-12 06:18:24,414 Epoch: 56 Train loss: 0.025211044958882392 Val loss: 0.2694161270434658 accuracy: 0.9179331306990881 precision: 0.9816849816849816 f1: 0.9520426287744227
2023-10-12 06:19:15,389 Epoch: 57 Train loss: 0.021417606504162752 Val loss: 0.2880487643248801 accuracy: 0.9179331306990881 precision: 0.978021978021978 f1: 0.9518716577540107
2023-10-12 06:20:07,836 Epoch: 58 Train loss: 0.024664103840014908 Val loss: 0.27892791222603547 accuracy: 0.9118541033434651 precision: 0.9743589743589743 f1: 0.9483065953654188
2023-10-12 06:21:03,144 Epoch: 59 Train loss: 0.0204268135596768 Val loss: 0.2812098903758895 accuracy: 0.9179331306990881 precision: 0.9853479853479854 f1: 0.952212389380531
2023-10-12 06:21:55,645 Epoch: 60 Train loss: 0.019241132833069212 Val loss: 0.2786286170816138 accuracy: 0.9088145896656535 precision: 0.9743589743589743 f1: 0.9466192170818505
2023-10-12 06:22:48,541 Epoch: 61 Train loss: 0.021848809128313 Val loss: 0.29518379891912144 accuracy: 0.9118541033434651 precision: 0.967032967032967 f1: 0.947935368043088
2023-10-12 06:23:41,763 Epoch: 62 Train loss: 0.01640798823368586 Val loss: 0.3687019241153307 accuracy: 0.9057750759878419 precision: 0.9926739926739927 f1: 0.9458987783595113
2023-10-12 06:24:36,404 Epoch: 63 Train loss: 0.02681712099825767 Val loss: 0.2548720364325813 accuracy: 0.9179331306990881 precision: 0.967032967032967 f1: 0.9513513513513513
2023-10-12 06:25:28,546 Epoch: 64 Train loss: 0.016031034912841104 Val loss: 0.3276768856947975 accuracy: 0.9027355623100304 precision: 0.978021978021978 f1: 0.9434628975265017
2023-10-12 06:26:20,743 Epoch: 65 Train loss: 0.015461592378897077 Val loss: 0.288162872461336 accuracy: 0.9300911854103343 precision: 0.9963369963369964 f1: 0.9594356261022927
2023-10-12 06:26:23,287 Best Model saved with accuracy 0.9300911854103343
2023-10-12 06:27:15,653 Epoch: 66 Train loss: 0.02762268017696957 Val loss: 0.28126035533135846 accuracy: 0.9118541033434651 precision: 0.978021978021978 f1: 0.9484902309058615
2023-10-12 06:28:08,252 Epoch: 67 Train loss: 0.026266327142190883 Val loss: 0.27406963097330717 accuracy: 0.9179331306990881 precision: 0.978021978021978 f1: 0.9518716577540107
2023-10-12 06:28:59,302 Epoch: 68 Train loss: 0.025999155004245107 Val loss: 0.2601802995251048 accuracy: 0.9088145896656535 precision: 0.9560439560439561 f1: 0.9456521739130435
2023-10-12 06:29:51,281 Epoch: 69 Train loss: 0.030570778669298526 Val loss: 0.3060070492238516 accuracy: 0.9027355623100304 precision: 0.9743589743589743 f1: 0.9432624113475176
2023-10-12 06:30:42,967 Epoch: 70 Train loss: 0.02227069491503693 Val loss: 0.3106887432347451 accuracy: 0.9148936170212766 precision: 0.989010989010989 f1: 0.9507042253521127
2023-10-12 06:31:32,924 Epoch: 71 Train loss: 0.02507159600303654 Val loss: 0.2822375466514911 accuracy: 0.9118541033434651 precision: 0.9706959706959707 f1: 0.9481216457960644
2023-10-12 06:32:26,798 Epoch: 72 Train loss: 0.016593984506339823 Val loss: 0.30684350674883243 accuracy: 0.9118541033434651 precision: 0.9816849816849816 f1: 0.9486725663716814
2023-10-12 06:33:19,246 Epoch: 73 Train loss: 0.02259845486302097 Val loss: 0.40843962019841584 accuracy: 0.9057750759878419 precision: 0.989010989010989 f1: 0.9457092819614712
2023-10-12 06:34:11,061 Epoch: 74 Train loss: 0.02082664590449555 Val loss: 0.3072723611479714 accuracy: 0.9057750759878419 precision: 0.9706959706959707 f1: 0.9447415329768271
2023-10-12 06:35:04,326 Epoch: 75 Train loss: 0.015308043433154136 Val loss: 0.37046832999303225 accuracy: 0.9148936170212766 precision: 0.989010989010989 f1: 0.9507042253521127
2023-10-12 06:35:56,681 Epoch: 76 Train loss: 0.019138931787454634 Val loss: 0.3593102539390592 accuracy: 0.8996960486322189 precision: 0.978021978021978 f1: 0.9417989417989417
2023-10-12 06:36:49,537 Epoch: 77 Train loss: 0.013571704253771747 Val loss: 0.31188122866054374 accuracy: 0.9088145896656535 precision: 0.978021978021978 f1: 0.9468085106382979
2023-10-12 06:37:41,526 Epoch: 78 Train loss: 0.0157341151519297 Val loss: 0.34137307076404494 accuracy: 0.8996960486322189 precision: 0.9743589743589743 f1: 0.9415929203539822
2023-10-12 06:38:33,217 Epoch: 79 Train loss: 0.027270486041853004 Val loss: 0.40972694474649396 accuracy: 0.9027355623100304 precision: 1.0 f1: 0.9446366782006921
2023-10-12 06:39:26,447 Epoch: 80 Train loss: 0.019750581882790247 Val loss: 0.30875923276124967 accuracy: 0.9148936170212766 precision: 0.9706959706959707 f1: 0.949820788530466
2023-10-12 06:40:18,558 Epoch: 81 Train loss: 0.01186495076048648 Val loss: 0.3270093936728136 accuracy: 0.9118541033434651 precision: 0.967032967032967 f1: 0.947935368043088
2023-10-12 06:41:10,244 Epoch: 82 Train loss: 0.011700881302850434 Val loss: 0.4532217721959266 accuracy: 0.8875379939209727 precision: 0.9853479853479854 f1: 0.9356521739130436
2023-10-12 06:42:01,866 Epoch: 83 Train loss: 0.015472157504814552 Val loss: 0.34091354917646166 accuracy: 0.9027355623100304 precision: 0.9743589743589743 f1: 0.9432624113475176
2023-10-12 06:42:55,460 Epoch: 84 Train loss: 0.01843783732802405 Val loss: 0.2879969664361505 accuracy: 0.9179331306990881 precision: 0.9743589743589743 f1: 0.9516994633273703
2023-10-12 06:43:47,078 Epoch: 85 Train loss: 0.02112269091980212 Val loss: 0.3163339300524621 accuracy: 0.9088145896656535 precision: 0.967032967032967 f1: 0.946236559139785
2023-10-12 06:44:38,074 Epoch: 86 Train loss: 0.012372503861685352 Val loss: 0.4813908693114562 accuracy: 0.9027355623100304 precision: 0.9963369963369964 f1: 0.9444444444444444
2023-10-12 06:45:29,918 Epoch: 87 Train loss: 0.009159472401931332 Val loss: 0.2858050097933128 accuracy: 0.9179331306990881 precision: 0.9706959706959707 f1: 0.9515260323159784
2023-10-12 06:46:20,689 Epoch: 88 Train loss: 0.012321134892093152 Val loss: 0.34303000824348556 accuracy: 0.9088145896656535 precision: 0.9853479853479854 f1: 0.9471830985915493
2023-10-12 06:47:12,520 Epoch: 89 Train loss: 0.008003760265352636 Val loss: 0.33065024524971487 accuracy: 0.9118541033434651 precision: 0.9853479853479854 f1: 0.9488536155202822
2023-10-12 06:48:04,040 Epoch: 90 Train loss: 0.012584911297928929 Val loss: 0.32199074358989793 accuracy: 0.9057750759878419 precision: 0.9487179487179487 f1: 0.9435336976320583
2023-10-12 06:48:54,516 Epoch: 91 Train loss: 0.01633939357086629 Val loss: 0.3129164157213554 accuracy: 0.9088145896656535 precision: 0.9706959706959707 f1: 0.9464285714285715
2023-10-12 06:49:47,469 Epoch: 92 Train loss: 0.016124409983297165 Val loss: 0.34730875456616994 accuracy: 0.8844984802431611 precision: 0.9304029304029304 f1: 0.9304029304029304
2023-10-12 06:50:38,682 Epoch: 93 Train loss: 0.02502785523787438 Val loss: 0.29363305986459765 accuracy: 0.8996960486322189 precision: 0.9377289377289377 f1: 0.9394495412844036
2023-10-12 06:51:29,735 Epoch: 94 Train loss: 0.017195465300776862 Val loss: 0.28658723414299037 accuracy: 0.9209726443768997 precision: 0.9743589743589743 f1: 0.953405017921147
2023-10-12 06:52:22,322 Epoch: 95 Train loss: 0.009403342556915191 Val loss: 0.314280242559367 accuracy: 0.9179331306990881 precision: 0.9743589743589743 f1: 0.9516994633273703
2023-10-12 06:53:13,978 Epoch: 96 Train loss: 0.011922230403688007 Val loss: 0.33799208652982043 accuracy: 0.9148936170212766 precision: 0.9743589743589743 f1: 0.9500000000000001
2023-10-12 06:54:05,996 Epoch: 97 Train loss: 0.025623919926322535 Val loss: 0.3141207225465526 accuracy: 0.9240121580547113 precision: 0.9706959706959707 f1: 0.9549549549549549
2023-10-12 06:54:57,199 Epoch: 98 Train loss: 0.019775852790540324 Val loss: 0.3054324340607439 accuracy: 0.9300911854103343 precision: 0.9816849816849816 f1: 0.9588550983899821
2023-10-12 06:55:49,687 Epoch: 99 Train loss: 0.0061947344321438376 Val loss: 0.3235952151506873 accuracy: 0.9240121580547113 precision: 0.9816849816849816 f1: 0.9554367201426026
2023-10-12 06:55:49,687 Training finished
2023-10-12 06:55:49,688 accuracy: 0.9300911854103343 precision: 0.9963369963369964 f1: 0.9594356261022927 recall: 0.9251700680272109
