2023-10-14 07:04:30,672 {'device': 'cuda', 'logdir': 'logs', 'checkpoints': 'checkpoints', 'data': {'name': 'RECOVERY', 'img_root': 'data/new_modified_data/RECOVERY/images', 'data_path': 'data/new_modified_data/RECOVERY/recoveryn_modified.csv', 'txt_col': 'body_text', 'img_col': 'image', 'tar_col': 'reliability', 'idx_col': 'Unnamed: 0', 'batch_size': 16, 'num_workers': 4, 'max_len': 512, 'chunk_len': 200, 'overlap_len': 50}, 'model': {'name': 'Bert', 'modality': 'text', 'vocab_size': 0, 'dropout': 0.2, 'common_hidden_dim': 512, 'output_dim': 1}, 'training': {'scheme': 2, 'beta': 0.7, 'margin': 0.2, 'epochs': 100, 'lr': 3e-05, 'warmup_steps': 0}}
2023-10-14 07:04:30,872 Loading tokenizer from local checkpoints checkpoints/tokenizer
2023-10-14 07:04:30,872 Length of tokenizer is 34141
2023-10-14 07:12:38,990 Epoch: 0 Train loss: 0.5232837652585592 Val loss: 0.4899363900933947 accuracy: 0.8085106382978723 precision: 1.0 f1: 0.8941176470588235
2023-10-14 07:12:39,819 Best Model saved with accuracy 0.8085106382978723
2023-10-14 07:20:39,120 Epoch: 1 Train loss: 0.49001057463956166 Val loss: 0.4920014582929157 accuracy: 0.8085106382978723 precision: 1.0 f1: 0.8941176470588235
2023-10-14 07:28:54,505 Epoch: 2 Train loss: 0.4997806497007968 Val loss: 0.48530942911193486 accuracy: 0.8085106382978723 precision: 1.0 f1: 0.8941176470588235
2023-10-14 07:36:55,473 Epoch: 3 Train loss: 0.4928334274564881 Val loss: 0.48891146055289675 accuracy: 0.8085106382978723 precision: 1.0 f1: 0.8941176470588235
2023-10-14 07:45:00,782 Epoch: 4 Train loss: 0.4890931728913123 Val loss: 0.4855400834764753 accuracy: 0.8085106382978723 precision: 1.0 f1: 0.8941176470588235
2023-10-14 07:53:19,873 Epoch: 5 Train loss: 0.49781780052615937 Val loss: 0.48842782633645193 accuracy: 0.8085106382978723 precision: 1.0 f1: 0.8941176470588235
2023-10-14 08:01:20,279 Epoch: 6 Train loss: 0.4899091406399945 Val loss: 0.4861669001125154 accuracy: 0.8085106382978723 precision: 1.0 f1: 0.8941176470588235
2023-10-14 08:09:41,497 Epoch: 7 Train loss: 0.49423953136765814 Val loss: 0.4917493405796233 accuracy: 0.8085106382978723 precision: 1.0 f1: 0.8941176470588235
2023-10-14 08:17:48,378 Epoch: 8 Train loss: 0.4944276991019766 Val loss: 0.4863130726984569 accuracy: 0.8085106382978723 precision: 1.0 f1: 0.8941176470588235
2023-10-14 08:26:21,428 Epoch: 9 Train loss: 0.4935546815395355 Val loss: 0.4962280350072043 accuracy: 0.8085106382978723 precision: 1.0 f1: 0.8941176470588235
2023-10-14 08:34:30,670 Epoch: 10 Train loss: 0.48711099646177636 Val loss: 0.4886631795338222 accuracy: 0.8085106382978723 precision: 1.0 f1: 0.8941176470588235
2023-10-14 08:42:45,200 Epoch: 11 Train loss: 0.48650253932160065 Val loss: 0.48479010306653525 accuracy: 0.8085106382978723 precision: 1.0 f1: 0.8941176470588235
2023-10-14 08:50:42,017 Epoch: 12 Train loss: 0.49778313701411325 Val loss: 0.4880451645169939 accuracy: 0.8085106382978723 precision: 1.0 f1: 0.8941176470588235
2023-10-14 08:58:50,175 Epoch: 13 Train loss: 0.4851449607725603 Val loss: 0.4845602838766007 accuracy: 0.8085106382978723 precision: 1.0 f1: 0.8941176470588235
2023-10-14 09:07:13,266 Epoch: 14 Train loss: 0.4899603573672743 Val loss: 0.48786848073913935 accuracy: 0.8085106382978723 precision: 1.0 f1: 0.8941176470588235
2023-10-14 09:15:22,963 Epoch: 15 Train loss: 0.4932125442358385 Val loss: 0.4910123078596024 accuracy: 0.8085106382978723 precision: 1.0 f1: 0.8941176470588235
2023-10-14 09:23:43,905 Epoch: 16 Train loss: 0.48739395317542983 Val loss: 0.4877217284270695 accuracy: 0.8085106382978723 precision: 1.0 f1: 0.8941176470588235
2023-10-14 09:31:59,836 Epoch: 17 Train loss: 0.4838517473404666 Val loss: 0.48801725393249873 accuracy: 0.8085106382978723 precision: 1.0 f1: 0.8941176470588235
2023-10-14 09:40:29,508 Epoch: 18 Train loss: 0.4942513101072197 Val loss: 0.49137857414427255 accuracy: 0.8085106382978723 precision: 1.0 f1: 0.8941176470588235
2023-10-14 09:49:02,376 Epoch: 19 Train loss: 0.4920935822897647 Val loss: 0.4842474680571329 accuracy: 0.8085106382978723 precision: 1.0 f1: 0.8941176470588235
2023-10-14 09:57:18,333 Epoch: 20 Train loss: 0.4852394809923976 Val loss: 0.480812832003548 accuracy: 0.8085106382978723 precision: 1.0 f1: 0.8941176470588235
2023-10-14 10:05:17,129 Epoch: 21 Train loss: 0.4923822989305818 Val loss: 0.48519618880181087 accuracy: 0.8085106382978723 precision: 1.0 f1: 0.8941176470588235
2023-10-14 10:13:11,450 Epoch: 22 Train loss: 0.49110148721430674 Val loss: 0.4920162700471424 accuracy: 0.8085106382978723 precision: 1.0 f1: 0.8941176470588235
2023-10-14 10:21:18,872 Epoch: 23 Train loss: 0.4812475654734186 Val loss: 0.48865006935028804 accuracy: 0.8085106382978723 precision: 1.0 f1: 0.8941176470588235
2023-10-14 10:29:16,694 Epoch: 24 Train loss: 0.48559394658329974 Val loss: 0.4901673907325381 accuracy: 0.8085106382978723 precision: 1.0 f1: 0.8941176470588235
2023-10-14 10:37:11,182 Epoch: 25 Train loss: 0.48825995821550666 Val loss: 0.49183876741500127 accuracy: 0.8085106382978723 precision: 1.0 f1: 0.8941176470588235
2023-10-14 10:45:41,318 Epoch: 26 Train loss: 0.48231013657816924 Val loss: 0.48447787903604056 accuracy: 0.8085106382978723 precision: 1.0 f1: 0.8941176470588235
2023-10-14 10:54:15,256 Epoch: 27 Train loss: 0.484440493655492 Val loss: 0.49062448030426387 accuracy: 0.8085106382978723 precision: 1.0 f1: 0.8941176470588235
2023-10-14 11:02:08,599 Epoch: 28 Train loss: 0.4795667376503887 Val loss: 0.48036971049649374 accuracy: 0.8085106382978723 precision: 1.0 f1: 0.8941176470588235
2023-10-14 11:10:43,920 Epoch: 29 Train loss: 0.4797275942492198 Val loss: 0.4843714237213135 accuracy: 0.8085106382978723 precision: 1.0 f1: 0.8941176470588235
2023-10-14 11:19:02,228 Epoch: 30 Train loss: 0.48574429427284793 Val loss: 0.48449476134209407 accuracy: 0.8085106382978723 precision: 1.0 f1: 0.8941176470588235
2023-10-14 11:27:10,675 Epoch: 31 Train loss: 0.4875898571258568 Val loss: 0.4839709074724288 accuracy: 0.8085106382978723 precision: 1.0 f1: 0.8941176470588235
2023-10-14 11:35:29,083 Epoch: 32 Train loss: 0.47948487964739284 Val loss: 0.4867349934010279 accuracy: 0.8085106382978723 precision: 1.0 f1: 0.8941176470588235
2023-10-14 11:43:45,184 Epoch: 33 Train loss: 0.48327082233974733 Val loss: 0.4870890350568862 accuracy: 0.8085106382978723 precision: 1.0 f1: 0.8941176470588235
2023-10-14 11:52:03,024 Epoch: 34 Train loss: 0.4868565225098507 Val loss: 0.4867651498033887 accuracy: 0.8085106382978723 precision: 1.0 f1: 0.8941176470588235
2023-10-14 12:00:25,816 Epoch: 35 Train loss: 0.47435680696045057 Val loss: 0.4833769102891286 accuracy: 0.8085106382978723 precision: 1.0 f1: 0.8941176470588235
2023-10-14 12:08:48,891 Epoch: 36 Train loss: 0.4788173801568617 Val loss: 0.48684149980545044 accuracy: 0.8085106382978723 precision: 1.0 f1: 0.8941176470588235
2023-10-14 12:16:55,165 Epoch: 37 Train loss: 0.48042046503130215 Val loss: 0.4800829745474316 accuracy: 0.8085106382978723 precision: 1.0 f1: 0.8941176470588235
2023-10-14 12:24:58,180 Epoch: 38 Train loss: 0.47956368632345314 Val loss: 0.4894595841566722 accuracy: 0.8085106382978723 precision: 1.0 f1: 0.8941176470588235
2023-10-14 12:33:13,119 Epoch: 39 Train loss: 0.4830229937671179 Val loss: 0.48662556069237844 accuracy: 0.8085106382978723 precision: 1.0 f1: 0.8941176470588235
2023-10-14 12:41:34,265 Epoch: 40 Train loss: 0.4769677297178521 Val loss: 0.48311695740336463 accuracy: 0.8085106382978723 precision: 1.0 f1: 0.8941176470588235
2023-10-14 12:49:40,752 Epoch: 41 Train loss: 0.4840075244386512 Val loss: 0.48625327008111136 accuracy: 0.8085106382978723 precision: 1.0 f1: 0.8941176470588235
2023-10-14 12:58:01,927 Epoch: 42 Train loss: 0.4784206148371639 Val loss: 0.4837886492411296 accuracy: 0.8085106382978723 precision: 1.0 f1: 0.8941176470588235
2023-10-14 13:06:26,785 Epoch: 43 Train loss: 0.48229535893503445 Val loss: 0.49372112892922904 accuracy: 0.8085106382978723 precision: 1.0 f1: 0.8941176470588235
2023-10-14 13:14:42,977 Epoch: 44 Train loss: 0.4779180162642376 Val loss: 0.4801665076187679 accuracy: 0.8085106382978723 precision: 1.0 f1: 0.8941176470588235
2023-10-14 13:23:07,207 Epoch: 45 Train loss: 0.47820213239595116 Val loss: 0.4834302734761011 accuracy: 0.8085106382978723 precision: 1.0 f1: 0.8941176470588235
2023-10-14 13:31:33,474 Epoch: 46 Train loss: 0.48099872290369977 Val loss: 0.4831973832278025 accuracy: 0.8085106382978723 precision: 1.0 f1: 0.8941176470588235
2023-10-14 13:40:04,408 Epoch: 47 Train loss: 0.4880031200058489 Val loss: 0.48373923415229436 accuracy: 0.8085106382978723 precision: 1.0 f1: 0.8941176470588235
2023-10-14 13:48:07,639 Epoch: 48 Train loss: 0.48130771894770935 Val loss: 0.4836885134379069 accuracy: 0.8085106382978723 precision: 1.0 f1: 0.8941176470588235
2023-10-14 13:56:17,495 Epoch: 49 Train loss: 0.47936183196234416 Val loss: 0.4857542145819891 accuracy: 0.8085106382978723 precision: 1.0 f1: 0.8941176470588235
2023-10-14 14:04:41,076 Epoch: 50 Train loss: 0.4924135944211339 Val loss: 0.485920508702596 accuracy: 0.8085106382978723 precision: 1.0 f1: 0.8941176470588235
2023-10-14 14:12:47,651 Epoch: 51 Train loss: 0.4799066304442394 Val loss: 0.48543424123809453 accuracy: 0.8085106382978723 precision: 1.0 f1: 0.8941176470588235
2023-10-14 14:21:08,969 Epoch: 52 Train loss: 0.47934257661003665 Val loss: 0.488562190816516 accuracy: 0.8085106382978723 precision: 1.0 f1: 0.8941176470588235
2023-10-14 14:29:35,744 Epoch: 53 Train loss: 0.481412146823952 Val loss: 0.4827188565617516 accuracy: 0.8085106382978723 precision: 1.0 f1: 0.8941176470588235
2023-10-14 14:37:51,288 Epoch: 54 Train loss: 0.48166047144367036 Val loss: 0.48601498774119783 accuracy: 0.8085106382978723 precision: 1.0 f1: 0.8941176470588235
2023-10-14 14:46:23,968 Epoch: 55 Train loss: 0.4810753611915083 Val loss: 0.4824036601043883 accuracy: 0.8085106382978723 precision: 1.0 f1: 0.8941176470588235
2023-10-14 14:55:07,073 Epoch: 56 Train loss: 0.4781145880739373 Val loss: 0.48215240736802417 accuracy: 0.8085106382978723 precision: 1.0 f1: 0.8941176470588235
2023-10-14 15:03:03,047 Epoch: 57 Train loss: 0.48094178825975903 Val loss: 0.4815904838698251 accuracy: 0.8085106382978723 precision: 1.0 f1: 0.8941176470588235
2023-10-14 15:11:14,883 Epoch: 58 Train loss: 0.4846718621900283 Val loss: 0.4898718198140462 accuracy: 0.8085106382978723 precision: 1.0 f1: 0.8941176470588235
2023-10-14 15:19:31,468 Epoch: 59 Train loss: 0.47432866333478907 Val loss: 0.48208439917791457 accuracy: 0.8085106382978723 precision: 1.0 f1: 0.8941176470588235
2023-10-14 15:27:55,311 Epoch: 60 Train loss: 0.48010222919016 Val loss: 0.483297355118252 accuracy: 0.8085106382978723 precision: 1.0 f1: 0.8941176470588235
2023-10-14 15:36:16,566 Epoch: 61 Train loss: 0.47615325899727373 Val loss: 0.4818885652791886 accuracy: 0.8085106382978723 precision: 1.0 f1: 0.8941176470588235
2023-10-14 15:44:18,174 Epoch: 62 Train loss: 0.48145307905702706 Val loss: 0.4951599027429308 accuracy: 0.8085106382978723 precision: 1.0 f1: 0.8941176470588235
2023-10-14 15:52:41,682 Epoch: 63 Train loss: 0.48175107624875496 Val loss: 0.481658330985478 accuracy: 0.8085106382978723 precision: 1.0 f1: 0.8941176470588235
2023-10-14 16:01:04,824 Epoch: 64 Train loss: 0.4756612397101988 Val loss: 0.4837816180217834 accuracy: 0.8085106382978723 precision: 1.0 f1: 0.8941176470588235
2023-10-14 16:09:18,306 Epoch: 65 Train loss: 0.477720856846097 Val loss: 0.48462837082999094 accuracy: 0.8085106382978723 precision: 1.0 f1: 0.8941176470588235
2023-10-14 16:17:26,220 Epoch: 66 Train loss: 0.48244470986257115 Val loss: 0.4855177856626965 accuracy: 0.8085106382978723 precision: 1.0 f1: 0.8941176470588235
2023-10-14 16:25:44,806 Epoch: 67 Train loss: 0.47750294675309973 Val loss: 0.4822372297445933 accuracy: 0.8085106382978723 precision: 1.0 f1: 0.8941176470588235
2023-10-14 16:34:05,970 Epoch: 68 Train loss: 0.47919237093035 Val loss: 0.4842020727339245 accuracy: 0.8085106382978723 precision: 1.0 f1: 0.8941176470588235
2023-10-14 16:42:13,639 Epoch: 69 Train loss: 0.4810456278094326 Val loss: 0.48458139527411687 accuracy: 0.8085106382978723 precision: 1.0 f1: 0.8941176470588235
2023-10-14 16:50:27,719 Epoch: 70 Train loss: 0.4774516436708979 Val loss: 0.4775805551381338 accuracy: 0.8085106382978723 precision: 1.0 f1: 0.8941176470588235
2023-10-14 16:58:42,937 Epoch: 71 Train loss: 0.4786745756864548 Val loss: 0.47789370658851804 accuracy: 0.8085106382978723 precision: 1.0 f1: 0.8941176470588235
2023-10-14 17:07:10,818 Epoch: 72 Train loss: 0.4797419413744685 Val loss: 0.49060808902695063 accuracy: 0.8085106382978723 precision: 1.0 f1: 0.8941176470588235
2023-10-14 17:15:33,884 Epoch: 73 Train loss: 0.47653208852532397 Val loss: 0.48971491271541234 accuracy: 0.8085106382978723 precision: 1.0 f1: 0.8941176470588235
2023-10-14 17:23:53,035 Epoch: 74 Train loss: 0.4823655026504792 Val loss: 0.48903530268442064 accuracy: 0.8085106382978723 precision: 1.0 f1: 0.8941176470588235
2023-10-14 17:32:04,625 Epoch: 75 Train loss: 0.4799993203346988 Val loss: 0.48266459646679105 accuracy: 0.8085106382978723 precision: 1.0 f1: 0.8941176470588235
2023-10-14 17:40:36,366 Epoch: 76 Train loss: 0.4719310704484043 Val loss: 0.4904120947633471 accuracy: 0.8085106382978723 precision: 1.0 f1: 0.8941176470588235
2023-10-14 17:49:00,196 Epoch: 77 Train loss: 0.47618135594459904 Val loss: 0.4845881788503556 accuracy: 0.8085106382978723 precision: 1.0 f1: 0.8941176470588235
2023-10-14 17:57:37,968 Epoch: 78 Train loss: 0.4760635053536978 Val loss: 0.481306410971142 accuracy: 0.8085106382978723 precision: 1.0 f1: 0.8941176470588235
2023-10-14 18:05:55,430 Epoch: 79 Train loss: 0.4835653902895479 Val loss: 0.4850156640722638 accuracy: 0.8085106382978723 precision: 1.0 f1: 0.8941176470588235
2023-10-14 18:14:07,006 Epoch: 80 Train loss: 0.48090407737048274 Val loss: 0.48991026055245174 accuracy: 0.8085106382978723 precision: 1.0 f1: 0.8941176470588235
2023-10-14 18:22:30,580 Epoch: 81 Train loss: 0.47368072906890546 Val loss: 0.4909913298629579 accuracy: 0.8085106382978723 precision: 1.0 f1: 0.8941176470588235
2023-10-14 18:31:07,973 Epoch: 82 Train loss: 0.4819597005844116 Val loss: 0.48214789515449885 accuracy: 0.8085106382978723 precision: 1.0 f1: 0.8941176470588235
2023-10-14 18:39:22,934 Epoch: 83 Train loss: 0.48357034339962235 Val loss: 0.4799440574078333 accuracy: 0.8085106382978723 precision: 1.0 f1: 0.8941176470588235
2023-10-14 18:47:35,520 Epoch: 84 Train loss: 0.4753424929208066 Val loss: 0.48299001512073336 accuracy: 0.8085106382978723 precision: 1.0 f1: 0.8941176470588235
2023-10-14 18:56:02,964 Epoch: 85 Train loss: 0.4780057031347091 Val loss: 0.4938508854025886 accuracy: 0.8085106382978723 precision: 1.0 f1: 0.8941176470588235
2023-10-14 19:04:11,882 Epoch: 86 Train loss: 0.4752684463578534 Val loss: 0.4830303092797597 accuracy: 0.8085106382978723 precision: 1.0 f1: 0.8941176470588235
2023-10-14 19:12:33,214 Epoch: 87 Train loss: 0.4790342608130122 Val loss: 0.4799219710486276 accuracy: 0.8085106382978723 precision: 1.0 f1: 0.8941176470588235
2023-10-14 19:21:10,839 Epoch: 88 Train loss: 0.47433244015078946 Val loss: 0.47653806919143316 accuracy: 0.8085106382978723 precision: 1.0 f1: 0.8941176470588235
2023-10-14 19:29:36,699 Epoch: 89 Train loss: 0.47261556570070334 Val loss: 0.48295735248497557 accuracy: 0.8085106382978723 precision: 1.0 f1: 0.8941176470588235
2023-10-14 19:37:48,476 Epoch: 90 Train loss: 0.47451077383684825 Val loss: 0.4771409545625959 accuracy: 0.8085106382978723 precision: 1.0 f1: 0.8941176470588235
2023-10-14 19:46:08,356 Epoch: 91 Train loss: 0.47337537537138147 Val loss: 0.489816019932429 accuracy: 0.8085106382978723 precision: 1.0 f1: 0.8941176470588235
2023-10-14 19:54:29,066 Epoch: 92 Train loss: 0.47199055516576194 Val loss: 0.4837769340901148 accuracy: 0.8085106382978723 precision: 1.0 f1: 0.8941176470588235
2023-10-14 20:02:26,969 Epoch: 93 Train loss: 0.4760088872119605 Val loss: 0.4763152939932687 accuracy: 0.8085106382978723 precision: 1.0 f1: 0.8941176470588235
2023-10-14 20:10:36,118 Epoch: 94 Train loss: 0.48044075700173894 Val loss: 0.4779230412982759 accuracy: 0.8085106382978723 precision: 1.0 f1: 0.8941176470588235
2023-10-14 20:18:54,017 Epoch: 95 Train loss: 0.47655032970101 Val loss: 0.4760544037535077 accuracy: 0.8085106382978723 precision: 1.0 f1: 0.8941176470588235
2023-10-14 20:27:09,816 Epoch: 96 Train loss: 0.471556848251676 Val loss: 0.48367386204855783 accuracy: 0.8085106382978723 precision: 1.0 f1: 0.8941176470588235
2023-10-14 20:35:26,231 Epoch: 97 Train loss: 0.4720581396516547 Val loss: 0.48409324884414673 accuracy: 0.8085106382978723 precision: 1.0 f1: 0.8941176470588235
2023-10-14 20:43:34,211 Epoch: 98 Train loss: 0.48319886319608574 Val loss: 0.4795236743631817 accuracy: 0.8085106382978723 precision: 1.0 f1: 0.8941176470588235
2023-10-14 20:51:40,852 Epoch: 99 Train loss: 0.47899899389370376 Val loss: 0.4821646199339912 accuracy: 0.8085106382978723 precision: 1.0 f1: 0.8941176470588235
2023-10-14 20:51:40,853 Training finished
2023-10-14 20:51:40,853 accuracy: 0.8085106382978723 precision: 1.0 f1: 0.8941176470588235 recall: 0.8085106382978723
