2023-10-12 08:51:27,407 {'device': 'cuda', 'logdir': 'logs', 'checkpoints': 'checkpoints', 'data': {'name': 'RECOVERY', 'img_root': 'data/new_modified_data/RECOVERY/images', 'data_path': 'data/new_modified_data/RECOVERY/recoveryn_modified.csv', 'txt_col': 'body_text', 'img_col': 'image', 'tar_col': 'reliability', 'idx_col': 'Unnamed: 0', 'batch_size': 16, 'num_workers': 4, 'max_len': 512, 'chunk_len': 200, 'overlap_len': 50}, 'model': {'name': 'BertVgg', 'modality': 'multi', 'vocab_size': 0, 'dropout': 0.2, 'common_hidden_dim': 512, 'output_dim': 1}, 'training': {'scheme': 2, 'beta': 0.7, 'margin': 0.2, 'epochs': 100, 'lr': 0.0001, 'warmup_steps': 0}}
2023-10-12 08:51:27,532 Length of tokenizer is 50265
2023-10-12 08:59:58,863 Epoch: 0 Train loss: 0.44775860693799446 Val loss: 0.4636402605544953 accuracy: 0.8145896656534954 precision: 0.9961538461538462 f1: 0.8946459412780656
2023-10-12 09:00:00,706 Best Model saved with accuracy 0.8145896656534954
2023-10-12 09:08:24,736 Epoch: 1 Train loss: 0.40374763651066514 Val loss: 0.4480260220311937 accuracy: 0.8237082066869301 precision: 0.9923076923076923 f1: 0.8989547038327526
2023-10-12 09:08:30,231 Best Model saved with accuracy 0.8237082066869301
2023-10-12 09:16:49,285 Epoch: 2 Train loss: 0.40041789071387557 Val loss: 0.44785732882363455 accuracy: 0.8085106382978723 precision: 0.9384615384615385 f1: 0.8856624319419238
2023-10-12 09:25:32,731 Epoch: 3 Train loss: 0.3832066538014326 Val loss: 0.4303407669067383 accuracy: 0.8267477203647416 precision: 0.9769230769230769 f1: 0.8991150442477875
2023-10-12 09:25:38,226 Best Model saved with accuracy 0.8267477203647416
2023-10-12 09:33:54,992 Epoch: 4 Train loss: 0.3594236103705613 Val loss: 0.4533025466260456 accuracy: 0.8237082066869301 precision: 0.9923076923076923 f1: 0.8989547038327526
2023-10-12 09:42:35,749 Epoch: 5 Train loss: 0.3447057348956545 Val loss: 0.47489796330531436 accuracy: 0.8145896656534954 precision: 1.0 f1: 0.8950086058519793
2023-10-12 09:50:46,537 Epoch: 6 Train loss: 0.3468558074659612 Val loss: 0.4365200244245075 accuracy: 0.8328267477203647 precision: 0.9653846153846154 f1: 0.9012567324955117
2023-10-12 09:50:52,029 Best Model saved with accuracy 0.8328267477203647
2023-10-12 09:59:25,575 Epoch: 7 Train loss: 0.3312741819634495 Val loss: 0.4441022305261521 accuracy: 0.8449848024316109 precision: 0.9461538461538461 f1: 0.9060773480662982
2023-10-12 09:59:31,076 Best Model saved with accuracy 0.8449848024316109
2023-10-12 10:08:10,395 Epoch: 8 Train loss: 0.3238962165203439 Val loss: 0.4317002523513067 accuracy: 0.8419452887537994 precision: 0.9730769230769231 f1: 0.9068100358422939
2023-10-12 10:16:33,965 Epoch: 9 Train loss: 0.3137889972113701 Val loss: 0.43723617281232563 accuracy: 0.8237082066869301 precision: 0.9769230769230769 f1: 0.8975265017667845
2023-10-12 10:25:06,535 Epoch: 10 Train loss: 0.29659662189253844 Val loss: 0.46847620393548695 accuracy: 0.8206686930091185 precision: 0.9923076923076923 f1: 0.8973913043478261
2023-10-12 10:33:34,526 Epoch: 11 Train loss: 0.2843623238514705 Val loss: 0.44426548339071725 accuracy: 0.8449848024316109 precision: 0.9692307692307692 f1: 0.908108108108108
2023-10-12 10:41:55,975 Epoch: 12 Train loss: 0.28021849961165923 Val loss: 0.44732473081066493 accuracy: 0.8449848024316109 precision: 0.9692307692307692 f1: 0.908108108108108
2023-10-12 10:50:25,026 Epoch: 13 Train loss: 0.2799083964831858 Val loss: 0.48144992760249544 accuracy: 0.8237082066869301 precision: 0.9846153846153847 f1: 0.8982456140350877
2023-10-12 10:58:58,484 Epoch: 14 Train loss: 0.25677077826785755 Val loss: 0.45061576508340384 accuracy: 0.8358662613981763 precision: 0.9807692307692307 f1: 0.9042553191489361
2023-10-12 11:07:35,170 Epoch: 15 Train loss: 0.24403702979346356 Val loss: 0.4929944347767603 accuracy: 0.8237082066869301 precision: 0.9923076923076923 f1: 0.8989547038327526
2023-10-12 11:16:25,602 Epoch: 16 Train loss: 0.23170044641178775 Val loss: 0.48386733375844504 accuracy: 0.8389057750759878 precision: 0.9846153846153847 f1: 0.9061946902654867
2023-10-12 11:24:54,433 Epoch: 17 Train loss: 0.23014868930520782 Val loss: 0.4702762734322321 accuracy: 0.8419452887537994 precision: 0.9730769230769231 f1: 0.9068100358422939
2023-10-12 11:33:43,008 Epoch: 18 Train loss: 0.22626767864069305 Val loss: 0.4582050950044677 accuracy: 0.8480243161094225 precision: 0.9692307692307692 f1: 0.9097472924187725
2023-10-12 11:33:48,512 Best Model saved with accuracy 0.8480243161094225
2023-10-12 11:41:56,166 Epoch: 19 Train loss: 0.21520893706614713 Val loss: 0.45228611677885056 accuracy: 0.8419452887537994 precision: 0.9730769230769231 f1: 0.9068100358422939
2023-10-12 11:50:19,333 Epoch: 20 Train loss: 0.21478114043732724 Val loss: 0.4831376089936211 accuracy: 0.8389057750759878 precision: 0.9615384615384616 f1: 0.9041591320072333
2023-10-12 11:59:01,915 Epoch: 21 Train loss: 0.18480183794555893 Val loss: 0.4890943992705572 accuracy: 0.8449848024316109 precision: 0.9846153846153847 f1: 0.9094138543516874
2023-10-12 12:07:31,672 Epoch: 22 Train loss: 0.17857185791594438 Val loss: 0.5436864761369569 accuracy: 0.8328267477203647 precision: 0.9923076923076923 f1: 0.903677758318739
2023-10-12 12:15:58,889 Epoch: 23 Train loss: 0.17655116039137525 Val loss: 0.4538022776444753 accuracy: 0.8206686930091185 precision: 0.9230769230769231 f1: 0.8905380333951763
2023-10-12 12:24:34,483 Epoch: 24 Train loss: 0.17316420528903065 Val loss: 0.4691826055447261 accuracy: 0.8297872340425532 precision: 0.9461538461538461 f1: 0.8978102189781021
2023-10-12 12:33:19,074 Epoch: 25 Train loss: 0.16621515729341163 Val loss: 0.4888026834953399 accuracy: 0.817629179331307 precision: 0.8961538461538462 f1: 0.8859315589353612
2023-10-12 12:41:47,348 Epoch: 26 Train loss: 0.17427847871040725 Val loss: 0.4945698635918753 accuracy: 0.851063829787234 precision: 0.9846153846153847 f1: 0.912655971479501
2023-10-12 12:41:52,855 Best Model saved with accuracy 0.851063829787234
2023-10-12 12:50:06,171 Epoch: 27 Train loss: 0.1507174554449248 Val loss: 0.45146167810474125 accuracy: 0.8419452887537994 precision: 0.9384615384615385 f1: 0.9037037037037037
2023-10-12 12:58:55,340 Epoch: 28 Train loss: 0.1602225959615176 Val loss: 0.4794185310602188 accuracy: 0.8358662613981763 precision: 0.9384615384615385 f1: 0.900369003690037
2023-10-12 13:07:25,215 Epoch: 29 Train loss: 0.1545009466269648 Val loss: 0.5654064427529063 accuracy: 0.8328267477203647 precision: 0.9807692307692307 f1: 0.9026548672566372
2023-10-12 13:15:55,100 Epoch: 30 Train loss: 0.1314941480845572 Val loss: 0.5005436346289658 accuracy: 0.8419452887537994 precision: 0.9730769230769231 f1: 0.9068100358422939
2023-10-12 13:24:36,128 Epoch: 31 Train loss: 0.12685627924525236 Val loss: 0.5178269937279678 accuracy: 0.851063829787234 precision: 0.9769230769230769 f1: 0.9120287253141831
2023-10-12 13:33:20,673 Epoch: 32 Train loss: 0.11815417594983275 Val loss: 0.5716591729294687 accuracy: 0.8571428571428571 precision: 0.9961538461538462 f1: 0.9168141592920354
2023-10-12 13:33:26,187 Best Model saved with accuracy 0.8571428571428571
2023-10-12 13:41:47,327 Epoch: 33 Train loss: 0.12471270388418651 Val loss: 0.49203548544929143 accuracy: 0.8480243161094225 precision: 0.9538461538461539 f1: 0.9084249084249084
2023-10-12 13:50:12,429 Epoch: 34 Train loss: 0.12488476570740521 Val loss: 0.47749240040069535 accuracy: 0.8480243161094225 precision: 0.9653846153846154 f1: 0.9094202898550724
2023-10-12 13:58:35,272 Epoch: 35 Train loss: 0.11722876091139862 Val loss: 0.4696557763076964 accuracy: 0.8480243161094225 precision: 0.9615384615384616 f1: 0.9090909090909091
2023-10-12 14:07:17,171 Epoch: 36 Train loss: 0.1193664903101702 Val loss: 0.5012745332150232 accuracy: 0.851063829787234 precision: 0.9653846153846154 f1: 0.911070780399274
2023-10-12 14:15:47,875 Epoch: 37 Train loss: 0.11255173551210437 Val loss: 0.49373652253832134 accuracy: 0.8389057750759878 precision: 0.9538461538461539 f1: 0.9034608378870674
2023-10-12 14:24:28,437 Epoch: 38 Train loss: 0.1153663198227983 Val loss: 0.5307856665125915 accuracy: 0.8480243161094225 precision: 0.9846153846153847 f1: 0.911032028469751
2023-10-12 14:33:01,847 Epoch: 39 Train loss: 0.10023218172276954 Val loss: 0.5249982233203593 accuracy: 0.8449848024316109 precision: 0.9730769230769231 f1: 0.9084380610412928
2023-10-12 14:41:36,056 Epoch: 40 Train loss: 0.1065794617408909 Val loss: 0.574898739301023 accuracy: 0.8480243161094225 precision: 0.9884615384615385 f1: 0.9113475177304965
2023-10-12 14:50:03,013 Epoch: 41 Train loss: 0.10350191155560763 Val loss: 0.5191153949570089 accuracy: 0.8480243161094225 precision: 0.9769230769230769 f1: 0.9103942652329748
2023-10-12 14:58:38,311 Epoch: 42 Train loss: 0.09856064246226866 Val loss: 0.5898024683729524 accuracy: 0.8601823708206687 precision: 0.9961538461538462 f1: 0.9184397163120568
2023-10-12 14:58:43,836 Best Model saved with accuracy 0.8601823708206687
2023-10-12 15:06:59,870 Epoch: 43 Train loss: 0.09637961287545152 Val loss: 0.6390886148881345 accuracy: 0.8541033434650456 precision: 1.0 f1: 0.9154929577464789
2023-10-12 15:15:32,065 Epoch: 44 Train loss: 0.09640899197624839 Val loss: 0.5151789536078771 accuracy: 0.8419452887537994 precision: 0.9230769230769231 f1: 0.9022556390977443
2023-10-12 15:23:51,250 Epoch: 45 Train loss: 0.09033825201352677 Val loss: 0.5006350364003863 accuracy: 0.8389057750759878 precision: 0.9230769230769231 f1: 0.900562851782364
2023-10-12 15:32:21,290 Epoch: 46 Train loss: 0.0772569867815957 Val loss: 0.5216620181288038 accuracy: 0.8480243161094225 precision: 0.9653846153846154 f1: 0.9094202898550724
2023-10-12 15:41:16,572 Epoch: 47 Train loss: 0.08004911913514047 Val loss: 0.5372010320425034 accuracy: 0.8419452887537994 precision: 0.9615384615384616 f1: 0.9057971014492754
2023-10-12 15:50:09,980 Epoch: 48 Train loss: 0.07215269221868141 Val loss: 0.5099352768489293 accuracy: 0.851063829787234 precision: 0.926923076923077 f1: 0.9077212806026365
2023-10-12 15:58:30,879 Epoch: 49 Train loss: 0.0785201773698251 Val loss: 0.533532474012602 accuracy: 0.8480243161094225 precision: 0.9615384615384616 f1: 0.9090909090909091
2023-10-12 16:06:59,128 Epoch: 50 Train loss: 0.06438040746241269 Val loss: 0.5603584148699329 accuracy: 0.8601823708206687 precision: 0.9807692307692307 f1: 0.9172661870503597
2023-10-12 16:15:30,631 Epoch: 51 Train loss: 0.07605908068278468 Val loss: 0.5879725634696937 accuracy: 0.8541033434650456 precision: 0.9692307692307692 f1: 0.9130434782608695
2023-10-12 16:24:15,945 Epoch: 52 Train loss: 0.06596550138958965 Val loss: 0.5508654004051572 accuracy: 0.8358662613981763 precision: 0.9538461538461539 f1: 0.901818181818182
2023-10-12 16:32:33,706 Epoch: 53 Train loss: 0.06799716575362955 Val loss: 0.5274046474979037 accuracy: 0.8449848024316109 precision: 0.95 f1: 0.9064220183486239
2023-10-12 16:41:03,886 Epoch: 54 Train loss: 0.07295222491788936 Val loss: 0.5453231231797309 accuracy: 0.8267477203647416 precision: 0.9230769230769231 f1: 0.8938547486033519
2023-10-12 16:49:47,965 Epoch: 55 Train loss: 0.06854345774592226 Val loss: 0.5928787695510047 accuracy: 0.8480243161094225 precision: 0.9653846153846154 f1: 0.9094202898550724
2023-10-12 16:58:37,345 Epoch: 56 Train loss: 0.07838685872280095 Val loss: 0.7468828502155486 accuracy: 0.851063829787234 precision: 0.9884615384615385 f1: 0.9129662522202486
2023-10-12 17:06:51,526 Epoch: 57 Train loss: 0.07086028061605182 Val loss: 0.5702416687494233 accuracy: 0.8449848024316109 precision: 0.95 f1: 0.9064220183486239
2023-10-12 17:15:16,777 Epoch: 58 Train loss: 0.05398244193631662 Val loss: 0.6610703392043 accuracy: 0.851063829787234 precision: 0.9923076923076923 f1: 0.9132743362831858
2023-10-12 17:23:28,089 Epoch: 59 Train loss: 0.06417782226554959 Val loss: 0.6241584704035804 accuracy: 0.8632218844984803 precision: 0.9884615384615385 f1: 0.9194991055456171
2023-10-12 17:23:33,637 Best Model saved with accuracy 0.8632218844984803
2023-10-12 17:32:18,432 Epoch: 60 Train loss: 0.06414915075390992 Val loss: 0.6194720482897191 accuracy: 0.8358662613981763 precision: 0.95 f1: 0.9014598540145985
2023-10-12 17:40:45,792 Epoch: 61 Train loss: 0.058173850832327484 Val loss: 0.6697435606093634 accuracy: 0.8480243161094225 precision: 0.9884615384615385 f1: 0.9113475177304965
2023-10-12 17:49:13,522 Epoch: 62 Train loss: 0.05688308971563736 Val loss: 0.6268655679055622 accuracy: 0.8601823708206687 precision: 0.9807692307692307 f1: 0.9172661870503597
2023-10-12 17:57:47,147 Epoch: 63 Train loss: 0.05329886286137962 Val loss: 0.5774877821760518 accuracy: 0.8206686930091185 precision: 0.9076923076923077 f1: 0.8888888888888888
2023-10-12 18:06:29,167 Epoch: 64 Train loss: 0.06521109295784529 Val loss: 0.6197738125920296 accuracy: 0.8267477203647416 precision: 0.9461538461538461 f1: 0.8961748633879781
2023-10-12 18:15:04,215 Epoch: 65 Train loss: 0.054178267734192584 Val loss: 1.115540092899686 accuracy: 0.8480243161094225 precision: 0.9653846153846154 f1: 0.9094202898550724
2023-10-12 18:23:17,988 Epoch: 66 Train loss: 0.05460167494995228 Val loss: 0.9731559391532626 accuracy: 0.8601823708206687 precision: 0.9923076923076923 f1: 0.9181494661921707
2023-10-12 18:31:55,147 Epoch: 67 Train loss: 0.06367059260135494 Val loss: 0.8619903673728307 accuracy: 0.8297872340425532 precision: 0.9346153846153846 f1: 0.896678966789668
2023-10-12 18:40:30,071 Epoch: 68 Train loss: 0.05277881357841283 Val loss: 1.1151448097966967 accuracy: 0.8419452887537994 precision: 0.9576923076923077 f1: 0.9054545454545455
2023-10-12 18:49:04,487 Epoch: 69 Train loss: 0.04720745588293725 Val loss: 0.8242397439621744 accuracy: 0.8297872340425532 precision: 0.9423076923076923 f1: 0.8974358974358975
2023-10-12 18:57:33,075 Epoch: 70 Train loss: 0.051743650890280865 Val loss: 0.9245366766339257 accuracy: 0.8480243161094225 precision: 0.9807692307692307 f1: 0.9107142857142857
2023-10-12 19:06:18,472 Epoch: 71 Train loss: 0.04588658253224679 Val loss: 1.2810626680120116 accuracy: 0.8601823708206687 precision: 0.9884615384615385 f1: 0.9178571428571428
2023-10-12 19:15:04,198 Epoch: 72 Train loss: 0.04094321710192206 Val loss: 1.135612489034732 accuracy: 0.8571428571428571 precision: 0.9807692307692307 f1: 0.9156193895870736
2023-10-12 19:23:40,366 Epoch: 73 Train loss: 0.05713898804128529 Val loss: 1.1501912887962091 accuracy: 0.8449848024316109 precision: 0.9576923076923077 f1: 0.907103825136612
2023-10-12 19:31:49,764 Epoch: 74 Train loss: 0.0630748742933284 Val loss: 0.696908081571261 accuracy: 0.8449848024316109 precision: 0.9807692307692307 f1: 0.9090909090909091
2023-10-12 19:40:07,130 Epoch: 75 Train loss: 0.04531014757441267 Val loss: 1.1408546293775241 accuracy: 0.8601823708206687 precision: 0.9884615384615385 f1: 0.9178571428571428
2023-10-12 19:48:36,783 Epoch: 76 Train loss: 0.051100690425541925 Val loss: 0.9406558054698897 accuracy: 0.8449848024316109 precision: 0.9846153846153847 f1: 0.9094138543516874
2023-10-12 19:57:15,546 Epoch: 77 Train loss: 0.04422786677289889 Val loss: 1.1716304801049686 accuracy: 0.8480243161094225 precision: 0.9730769230769231 f1: 0.9100719424460432
2023-10-12 20:06:03,981 Epoch: 78 Train loss: 0.03801094818613436 Val loss: 0.8877655977294558 accuracy: 0.8328267477203647 precision: 0.9538461538461539 f1: 0.9001814882032668
2023-10-12 20:14:55,713 Epoch: 79 Train loss: 0.03891038666872016 Val loss: 1.1754957878341277 accuracy: 0.8480243161094225 precision: 0.9730769230769231 f1: 0.9100719424460432
2023-10-12 20:23:35,108 Epoch: 80 Train loss: 0.04274038197641003 Val loss: 1.2434136008932477 accuracy: 0.8480243161094225 precision: 0.9692307692307692 f1: 0.9097472924187725
2023-10-12 20:32:13,010 Epoch: 81 Train loss: 0.03537843174424516 Val loss: 0.851934343177293 accuracy: 0.8571428571428571 precision: 0.9653846153846154 f1: 0.9143897996357013
2023-10-12 20:40:51,899 Epoch: 82 Train loss: 0.047505698804968 Val loss: 1.191746305585617 accuracy: 0.8541033434650456 precision: 0.9730769230769231 f1: 0.9133574007220217
2023-10-12 20:49:43,224 Epoch: 83 Train loss: 0.04427687198969294 Val loss: 0.9291358121803829 accuracy: 0.8601823708206687 precision: 0.9846153846153847 f1: 0.9175627240143368
2023-10-12 20:58:24,973 Epoch: 84 Train loss: 0.03887959719489677 Val loss: 1.2203884878683657 accuracy: 0.851063829787234 precision: 0.9730769230769231 f1: 0.9117117117117116
2023-10-12 21:06:53,022 Epoch: 85 Train loss: 0.03676104668460517 Val loss: 0.8412533377607664 accuracy: 0.8328267477203647 precision: 0.9384615384615385 f1: 0.8987108655616942
2023-10-12 21:15:34,914 Epoch: 86 Train loss: 0.03853533392020288 Val loss: 1.2408743459908735 accuracy: 0.8480243161094225 precision: 0.9653846153846154 f1: 0.9094202898550724
2023-10-12 21:24:08,836 Epoch: 87 Train loss: 0.03154475579503924 Val loss: 1.221496606689124 accuracy: 0.8480243161094225 precision: 0.9692307692307692 f1: 0.9097472924187725
2023-10-12 21:32:56,106 Epoch: 88 Train loss: 0.0402871583466045 Val loss: 1.5170825418262255 accuracy: 0.8601823708206687 precision: 0.9923076923076923 f1: 0.9181494661921707
2023-10-12 21:41:32,687 Epoch: 89 Train loss: 0.042480893137321965 Val loss: 1.16209172918683 accuracy: 0.8541033434650456 precision: 0.9576923076923077 f1: 0.9120879120879122
2023-10-12 21:50:00,796 Epoch: 90 Train loss: 0.024360443936683327 Val loss: 1.1802726480222883 accuracy: 0.8571428571428571 precision: 0.9769230769230769 f1: 0.9153153153153153
2023-10-12 21:58:31,376 Epoch: 91 Train loss: 0.03124668142836855 Val loss: 1.2124530708505994 accuracy: 0.8541033434650456 precision: 0.9769230769230769 f1: 0.9136690647482014
2023-10-12 22:07:36,639 Epoch: 92 Train loss: 0.028485689501219193 Val loss: 1.2974633749219633 accuracy: 0.8449848024316109 precision: 0.9807692307692307 f1: 0.9090909090909091
2023-10-12 22:15:57,967 Epoch: 93 Train loss: 0.037728443185669785 Val loss: 1.4554743643495298 accuracy: 0.8328267477203647 precision: 0.9538461538461539 f1: 0.9001814882032668
2023-10-12 22:24:42,357 Epoch: 94 Train loss: 0.04246484820102622 Val loss: 0.9664740842722711 accuracy: 0.7598784194528876 precision: 0.8115384615384615 f1: 0.8423153692614771
2023-10-12 22:33:28,650 Epoch: 95 Train loss: 0.03862401184973767 Val loss: 1.3254913304311533 accuracy: 0.8541033434650456 precision: 0.9884615384615385 f1: 0.9145907473309609
2023-10-12 22:42:11,255 Epoch: 96 Train loss: 0.053729874614895465 Val loss: 1.5188213409412474 accuracy: 0.851063829787234 precision: 0.9923076923076923 f1: 0.9132743362831858
2023-10-12 22:50:31,967 Epoch: 97 Train loss: 0.03343056449761295 Val loss: 1.0029722268781847 accuracy: 0.8571428571428571 precision: 0.9846153846153847 f1: 0.9159212880143113
2023-10-12 22:59:08,121 Epoch: 98 Train loss: 0.03330266338784293 Val loss: 1.1944476678257896 accuracy: 0.8419452887537994 precision: 0.95 f1: 0.9047619047619048
2023-10-12 23:07:43,594 Epoch: 99 Train loss: 0.03432098449157349 Val loss: 1.214949323041808 accuracy: 0.851063829787234 precision: 0.9461538461538461 f1: 0.9094269870609982
2023-10-12 23:07:43,594 Training finished
2023-10-12 23:07:43,594 accuracy: 0.8632218844984803 precision: 0.9884615384615385 f1: 0.9194991055456171 recall: 0.8595317725752508
