2023-10-14 05:18:24,001 {'device': 'cuda', 'logdir': 'logs', 'checkpoints': 'checkpoints', 'data': {'name': 'RECOVERY', 'img_root': 'data/new_modified_data/RECOVERY/images', 'data_path': 'data/new_modified_data/RECOVERY/recoveryn_modified.csv', 'txt_col': 'body_text', 'img_col': 'image', 'tar_col': 'reliability', 'idx_col': 'Unnamed: 0', 'batch_size': 16, 'num_workers': 4, 'max_len': 512, 'chunk_len': 200, 'overlap_len': 50}, 'model': {'name': 'Lstm', 'modality': 'text', 'vocab_size': 0, 'embedding_dim': 100, 'hidden_dim': 256, 'num_layers': 2, 'dropout': 0.2, 'common_hidden_dim': 512, 'output_dim': 1}, 'training': {'scheme': 2, 'beta': 0.7, 'margin': 0.2, 'epochs': 100, 'lr': 0.0001, 'warmup_steps': 0}}
2023-10-14 05:18:24,202 Loading tokenizer from local checkpoints checkpoints/tokenizer
2023-10-14 05:18:24,202 Length of tokenizer is 34141
2023-10-14 05:19:19,813 Epoch: 0 Train loss: 0.4964199145156217 Val loss: 0.5010800553219659 accuracy: 0.7993920972644377 precision: 1.0 f1: 0.8885135135135135
2023-10-14 05:19:19,931 Best Model saved with accuracy 0.7993920972644377
2023-10-14 05:20:13,969 Epoch: 1 Train loss: 0.46496901831713067 Val loss: 0.4692650926964624 accuracy: 0.7993920972644377 precision: 1.0 f1: 0.8885135135135135
2023-10-14 05:21:05,867 Epoch: 2 Train loss: 0.4141709373657962 Val loss: 0.4575276431583223 accuracy: 0.817629179331307 precision: 1.0 f1: 0.8976109215017064
2023-10-14 05:21:06,070 Best Model saved with accuracy 0.817629179331307
2023-10-14 05:21:57,981 Epoch: 3 Train loss: 0.36152919435716535 Val loss: 0.4260272752671015 accuracy: 0.8267477203647416 precision: 0.9847908745247148 f1: 0.9008695652173914
2023-10-14 05:21:58,177 Best Model saved with accuracy 0.8267477203647416
2023-10-14 05:22:50,976 Epoch: 4 Train loss: 0.29034768781030035 Val loss: 0.4008083762157531 accuracy: 0.817629179331307 precision: 0.908745247148289 f1: 0.8884758364312267
2023-10-14 05:23:43,827 Epoch: 5 Train loss: 0.22853594901691 Val loss: 0.41284006195408957 accuracy: 0.8389057750759878 precision: 0.9239543726235742 f1: 0.9016697588126161
2023-10-14 05:23:44,017 Best Model saved with accuracy 0.8389057750759878
2023-10-14 05:24:36,424 Epoch: 6 Train loss: 0.1820830492729164 Val loss: 0.44334953739529565 accuracy: 0.8419452887537994 precision: 0.9201520912547528 f1: 0.9029850746268656
2023-10-14 05:24:36,647 Best Model saved with accuracy 0.8419452887537994
2023-10-14 05:25:28,188 Epoch: 7 Train loss: 0.12270231082676405 Val loss: 0.5573597666142243 accuracy: 0.8449848024316109 precision: 0.9315589353612167 f1: 0.9057301293900184
2023-10-14 05:25:28,372 Best Model saved with accuracy 0.8449848024316109
2023-10-14 05:26:22,776 Epoch: 8 Train loss: 0.08229679368483324 Val loss: 0.6589769678456443 accuracy: 0.8358662613981763 precision: 0.8897338403041825 f1: 0.8965517241379309
2023-10-14 05:27:17,199 Epoch: 9 Train loss: 0.04572509869432402 Val loss: 0.7925607029880796 accuracy: 0.851063829787234 precision: 0.9429657794676806 f1: 0.9100917431192661
2023-10-14 05:27:17,398 Best Model saved with accuracy 0.851063829787234
2023-10-14 05:28:10,296 Epoch: 10 Train loss: 0.04457166644426186 Val loss: 0.8291590816917873 accuracy: 0.8328267477203647 precision: 0.9163498098859315 f1: 0.8975791433891992
2023-10-14 05:29:02,112 Epoch: 11 Train loss: 0.01390093321510383 Val loss: 2.056273417813437 accuracy: 0.8601823708206687 precision: 0.9543726235741445 f1: 0.916058394160584
2023-10-14 05:29:02,307 Best Model saved with accuracy 0.8601823708206687
2023-10-14 05:29:54,180 Epoch: 12 Train loss: 0.00469586675188177 Val loss: 1.7448116851571416 accuracy: 0.8449848024316109 precision: 0.9201520912547528 f1: 0.9046728971962615
2023-10-14 05:30:45,999 Epoch: 13 Train loss: 0.0009983991304985268 Val loss: 2.334445555001453 accuracy: 0.8571428571428571 precision: 0.935361216730038 f1: 0.9128014842300556
2023-10-14 05:31:39,219 Epoch: 14 Train loss: 0.0005952004594949259 Val loss: 2.60237316308277 accuracy: 0.8571428571428571 precision: 0.935361216730038 f1: 0.9128014842300556
2023-10-14 05:32:32,466 Epoch: 15 Train loss: 0.00032961719868186505 Val loss: 2.640556776763073 accuracy: 0.8571428571428571 precision: 0.935361216730038 f1: 0.9128014842300556
2023-10-14 05:33:25,702 Epoch: 16 Train loss: 0.00022864421351143216 Val loss: 2.678357768504481 accuracy: 0.8571428571428571 precision: 0.935361216730038 f1: 0.9128014842300556
2023-10-14 05:34:20,386 Epoch: 17 Train loss: 0.00017682319067793595 Val loss: 2.670315577249442 accuracy: 0.8571428571428571 precision: 0.935361216730038 f1: 0.9128014842300556
2023-10-14 05:35:15,095 Epoch: 18 Train loss: 0.00014358907551249137 Val loss: 3.427428261487789 accuracy: 0.8601823708206687 precision: 0.9391634980988594 f1: 0.9148148148148149
2023-10-14 05:36:07,458 Epoch: 19 Train loss: 0.00010598011294791557 Val loss: 3.45664740717482 accuracy: 0.8601823708206687 precision: 0.9391634980988594 f1: 0.9148148148148149
2023-10-14 05:37:01,448 Epoch: 20 Train loss: 0.00011982126613210618 Val loss: 3.908270859217044 accuracy: 0.8601823708206687 precision: 0.9391634980988594 f1: 0.9148148148148149
2023-10-14 05:37:55,898 Epoch: 21 Train loss: 9.468103037950487e-05 Val loss: 3.6887054335264073 accuracy: 0.8601823708206687 precision: 0.9391634980988594 f1: 0.9148148148148149
2023-10-14 05:38:48,599 Epoch: 22 Train loss: 7.015277846295544e-05 Val loss: 3.4934762106055306 accuracy: 0.8571428571428571 precision: 0.935361216730038 f1: 0.9128014842300556
2023-10-14 05:39:41,325 Epoch: 23 Train loss: 6.79374061877165e-05 Val loss: 3.5001481518885504 accuracy: 0.8601823708206687 precision: 0.9391634980988594 f1: 0.9148148148148149
2023-10-14 05:40:33,208 Epoch: 24 Train loss: 5.7290305508569915e-05 Val loss: 3.4824769566323432 accuracy: 0.8601823708206687 precision: 0.9391634980988594 f1: 0.9148148148148149
2023-10-14 05:41:24,618 Epoch: 25 Train loss: 5.9233575949903465e-05 Val loss: 3.4913104850981784 accuracy: 0.8571428571428571 precision: 0.935361216730038 f1: 0.9128014842300556
2023-10-14 05:42:17,403 Epoch: 26 Train loss: 4.951895686055338e-05 Val loss: 3.5664211981430918 accuracy: 0.8571428571428571 precision: 0.935361216730038 f1: 0.9128014842300556
2023-10-14 05:43:10,785 Epoch: 27 Train loss: 4.5643925904713174e-05 Val loss: 3.5112630301591707 accuracy: 0.8601823708206687 precision: 0.9391634980988594 f1: 0.9148148148148149
2023-10-14 05:44:04,617 Epoch: 28 Train loss: 3.6279560794607376e-05 Val loss: 3.5320396736441624 accuracy: 0.8571428571428571 precision: 0.935361216730038 f1: 0.9128014842300556
2023-10-14 05:44:56,159 Epoch: 29 Train loss: 3.320107265811323e-05 Val loss: 3.539212814620918 accuracy: 0.8571428571428571 precision: 0.935361216730038 f1: 0.9128014842300556
2023-10-14 05:45:49,056 Epoch: 30 Train loss: 3.556874481219038e-05 Val loss: 3.5338602337454046 accuracy: 0.8571428571428571 precision: 0.935361216730038 f1: 0.9128014842300556
2023-10-14 05:46:43,576 Epoch: 31 Train loss: 2.851545626932223e-05 Val loss: 3.8157310398472917 accuracy: 0.8571428571428571 precision: 0.935361216730038 f1: 0.9128014842300556
2023-10-14 05:47:38,227 Epoch: 32 Train loss: 2.3568570234486053e-05 Val loss: 3.790898362041584 accuracy: 0.8571428571428571 precision: 0.935361216730038 f1: 0.9128014842300556
2023-10-14 05:48:30,037 Epoch: 33 Train loss: 2.6485636337972063e-05 Val loss: 3.7989900321477936 accuracy: 0.8601823708206687 precision: 0.9391634980988594 f1: 0.9148148148148149
2023-10-14 05:49:22,395 Epoch: 34 Train loss: 2.1005676959104214e-05 Val loss: 3.831970298201971 accuracy: 0.8571428571428571 precision: 0.935361216730038 f1: 0.9128014842300556
2023-10-14 05:50:15,475 Epoch: 35 Train loss: 2.027864985603787e-05 Val loss: 3.815045442637278 accuracy: 0.8571428571428571 precision: 0.935361216730038 f1: 0.9128014842300556
2023-10-14 05:51:09,585 Epoch: 36 Train loss: 2.7380189159144713e-05 Val loss: 3.839521541415403 accuracy: 0.8571428571428571 precision: 0.935361216730038 f1: 0.9128014842300556
2023-10-14 05:52:03,556 Epoch: 37 Train loss: 1.576927086996516e-05 Val loss: 3.8303591177266623 accuracy: 0.8571428571428571 precision: 0.935361216730038 f1: 0.9128014842300556
2023-10-14 05:52:56,831 Epoch: 38 Train loss: 1.7519939839049934e-05 Val loss: 4.096943637799649 accuracy: 0.8571428571428571 precision: 0.935361216730038 f1: 0.9128014842300556
2023-10-14 05:53:49,000 Epoch: 39 Train loss: 1.4367777978822999e-05 Val loss: 3.82911585262518 accuracy: 0.8571428571428571 precision: 0.935361216730038 f1: 0.9128014842300556
2023-10-14 05:54:42,439 Epoch: 40 Train loss: 1.265176733943771e-05 Val loss: 4.088009023240635 accuracy: 0.8601823708206687 precision: 0.9391634980988594 f1: 0.9148148148148149
2023-10-14 05:55:35,670 Epoch: 41 Train loss: 1.3280063997704444e-05 Val loss: 4.105835534277416 accuracy: 0.8571428571428571 precision: 0.935361216730038 f1: 0.9128014842300556
2023-10-14 05:56:27,444 Epoch: 42 Train loss: 1.1580634660230986e-05 Val loss: 4.110792408113845 accuracy: 0.8571428571428571 precision: 0.935361216730038 f1: 0.9128014842300556
2023-10-14 05:57:20,235 Epoch: 43 Train loss: 1.178247850947469e-05 Val loss: 4.09925394394945 accuracy: 0.8571428571428571 precision: 0.935361216730038 f1: 0.9128014842300556
2023-10-14 05:58:11,660 Epoch: 44 Train loss: 1.0682678176360428e-05 Val loss: 4.104537474466876 accuracy: 0.8571428571428571 precision: 0.935361216730038 f1: 0.9128014842300556
2023-10-14 05:59:03,993 Epoch: 45 Train loss: 1.0373797678503505e-05 Val loss: 4.1368379620695945 accuracy: 0.8571428571428571 precision: 0.935361216730038 f1: 0.9128014842300556
2023-10-14 05:59:56,970 Epoch: 46 Train loss: 8.241171549572519e-06 Val loss: 4.382648089913779 accuracy: 0.8571428571428571 precision: 0.935361216730038 f1: 0.9128014842300556
2023-10-14 06:00:50,166 Epoch: 47 Train loss: 9.067806945520932e-06 Val loss: 4.378472599645431 accuracy: 0.8571428571428571 precision: 0.935361216730038 f1: 0.9128014842300556
2023-10-14 06:01:45,269 Epoch: 48 Train loss: 9.744263924477605e-06 Val loss: 4.436656465931308 accuracy: 0.8571428571428571 precision: 0.935361216730038 f1: 0.9128014842300556
2023-10-14 06:02:38,776 Epoch: 49 Train loss: 7.816062912692975e-06 Val loss: 4.3863880642567805 accuracy: 0.8601823708206687 precision: 0.9391634980988594 f1: 0.9148148148148149
2023-10-14 06:03:30,233 Epoch: 50 Train loss: 6.468652807146796e-06 Val loss: 4.411342724353918 accuracy: 0.8571428571428571 precision: 0.935361216730038 f1: 0.9128014842300556
2023-10-14 06:04:25,383 Epoch: 51 Train loss: 5.690513226552919e-06 Val loss: 4.414079488942488 accuracy: 0.8571428571428571 precision: 0.935361216730038 f1: 0.9128014842300556
2023-10-14 06:05:19,911 Epoch: 52 Train loss: 5.895197945119537e-06 Val loss: 4.398165380229503 accuracy: 0.8571428571428571 precision: 0.935361216730038 f1: 0.9128014842300556
2023-10-14 06:06:14,659 Epoch: 53 Train loss: 5.543738956749294e-06 Val loss: 4.39378360187402 accuracy: 0.8571428571428571 precision: 0.935361216730038 f1: 0.9128014842300556
2023-10-14 06:07:08,470 Epoch: 54 Train loss: 5.706033036076118e-06 Val loss: 4.6702655835741576 accuracy: 0.8571428571428571 precision: 0.935361216730038 f1: 0.9128014842300556
2023-10-14 06:08:02,931 Epoch: 55 Train loss: 5.404490253145327e-06 Val loss: 4.399424947094241 accuracy: 0.8571428571428571 precision: 0.935361216730038 f1: 0.9128014842300556
2023-10-14 06:08:57,935 Epoch: 56 Train loss: 5.0670482969205145e-06 Val loss: 4.403420700167079 accuracy: 0.8571428571428571 precision: 0.935361216730038 f1: 0.9128014842300556
2023-10-14 06:09:52,231 Epoch: 57 Train loss: 4.501255572751845e-06 Val loss: 4.700508278980156 accuracy: 0.8571428571428571 precision: 0.935361216730038 f1: 0.9128014842300556
2023-10-14 06:10:47,881 Epoch: 58 Train loss: 3.2248481235223472e-06 Val loss: 4.7007016301767655 accuracy: 0.8571428571428571 precision: 0.935361216730038 f1: 0.9128014842300556
2023-10-14 06:11:42,655 Epoch: 59 Train loss: 3.3045466352338685e-06 Val loss: 4.905857118910977 accuracy: 0.8571428571428571 precision: 0.935361216730038 f1: 0.9128014842300556
2023-10-14 06:12:37,917 Epoch: 60 Train loss: 3.939251991836694e-06 Val loss: 4.901191573689824 accuracy: 0.8571428571428571 precision: 0.935361216730038 f1: 0.9128014842300556
2023-10-14 06:13:32,930 Epoch: 61 Train loss: 2.89209242187068e-06 Val loss: 4.673340093034009 accuracy: 0.8571428571428571 precision: 0.935361216730038 f1: 0.9128014842300556
2023-10-14 06:14:25,874 Epoch: 62 Train loss: 3.572785200005965e-06 Val loss: 4.676339965335847 accuracy: 0.8571428571428571 precision: 0.935361216730038 f1: 0.9128014842300556
2023-10-14 06:15:20,998 Epoch: 63 Train loss: 3.0647040459625054e-06 Val loss: 4.680230495819809 accuracy: 0.8571428571428571 precision: 0.935361216730038 f1: 0.9128014842300556
2023-10-14 06:16:15,901 Epoch: 64 Train loss: 2.6821774034615684e-06 Val loss: 4.707144679029062 accuracy: 0.8571428571428571 precision: 0.935361216730038 f1: 0.9128014842300556
2023-10-14 06:17:10,715 Epoch: 65 Train loss: 2.6051533261619094e-06 Val loss: 4.711822413972446 accuracy: 0.8571428571428571 precision: 0.935361216730038 f1: 0.9128014842300556
2023-10-14 06:18:04,628 Epoch: 66 Train loss: 2.6559706381735863e-06 Val loss: 4.991416876430559 accuracy: 0.8571428571428571 precision: 0.935361216730038 f1: 0.9128014842300556
2023-10-14 06:18:58,854 Epoch: 67 Train loss: 2.6409081594607407e-06 Val loss: 4.711316653391502 accuracy: 0.8571428571428571 precision: 0.935361216730038 f1: 0.9128014842300556
2023-10-14 06:19:52,669 Epoch: 68 Train loss: 2.1204667269298953e-06 Val loss: 4.728570639183523 accuracy: 0.8571428571428571 precision: 0.935361216730038 f1: 0.9128014842300556
2023-10-14 06:20:48,118 Epoch: 69 Train loss: 2.111966742930777e-06 Val loss: 4.701418565219272 accuracy: 0.8601823708206687 precision: 0.9391634980988594 f1: 0.9148148148148149
2023-10-14 06:21:42,591 Epoch: 70 Train loss: 1.7884837096611022e-06 Val loss: 4.705445265353081 accuracy: 0.8601823708206687 precision: 0.9391634980988594 f1: 0.9148148148148149
2023-10-14 06:22:36,929 Epoch: 71 Train loss: 1.9568790798159882e-06 Val loss: 4.708680083534481 accuracy: 0.8571428571428571 precision: 0.935361216730038 f1: 0.9128014842300556
2023-10-14 06:23:31,282 Epoch: 72 Train loss: 1.6783788373814993e-06 Val loss: 4.942603219017785 accuracy: 0.8571428571428571 precision: 0.935361216730038 f1: 0.9128014842300556
2023-10-14 06:24:25,892 Epoch: 73 Train loss: 1.3797792978151814e-06 Val loss: 4.9777530315332115 accuracy: 0.8571428571428571 precision: 0.935361216730038 f1: 0.9128014842300556
2023-10-14 06:25:20,919 Epoch: 74 Train loss: 1.412874401332297e-06 Val loss: 4.736603194759006 accuracy: 0.8571428571428571 precision: 0.935361216730038 f1: 0.9128014842300556
2023-10-14 06:26:14,964 Epoch: 75 Train loss: 1.6719453352721875e-06 Val loss: 4.743964419008297 accuracy: 0.8571428571428571 precision: 0.935361216730038 f1: 0.9128014842300556
2023-10-14 06:27:08,555 Epoch: 76 Train loss: 1.373323899257778e-06 Val loss: 4.743775421289619 accuracy: 0.8571428571428571 precision: 0.935361216730038 f1: 0.9128014842300556
2023-10-14 06:28:03,408 Epoch: 77 Train loss: 1.813240365155096e-06 Val loss: 4.728334052626797 accuracy: 0.8571428571428571 precision: 0.935361216730038 f1: 0.9128014842300556
2023-10-14 06:28:56,479 Epoch: 78 Train loss: 1.2313016115643785e-06 Val loss: 4.963019301760054 accuracy: 0.8632218844984803 precision: 0.9429657794676806 f1: 0.9168207024029575
2023-10-14 06:28:56,683 Best Model saved with accuracy 0.8632218844984803
2023-10-14 06:29:48,687 Epoch: 79 Train loss: 1.2324106370066005e-06 Val loss: 4.773566045643141 accuracy: 0.8632218844984803 precision: 0.9429657794676806 f1: 0.9168207024029575
2023-10-14 06:30:43,621 Epoch: 80 Train loss: 1.989661849528469e-06 Val loss: 4.781102995084374 accuracy: 0.8571428571428571 precision: 0.935361216730038 f1: 0.9128014842300556
2023-10-14 06:31:40,553 Epoch: 81 Train loss: 1.3785855390045034e-06 Val loss: 4.760156743842388 accuracy: 0.8632218844984803 precision: 0.9429657794676806 f1: 0.9168207024029575
2023-10-14 06:32:35,354 Epoch: 82 Train loss: 1.2505710915657672e-06 Val loss: 4.780854846021005 accuracy: 0.8571428571428571 precision: 0.935361216730038 f1: 0.9128014842300556
2023-10-14 06:33:30,233 Epoch: 83 Train loss: 8.626008743727495e-07 Val loss: 4.795050602938447 accuracy: 0.8601823708206687 precision: 0.9391634980988594 f1: 0.9148148148148149
2023-10-14 06:34:24,368 Epoch: 84 Train loss: 9.493856616087236e-07 Val loss: 5.247506495598437 accuracy: 0.8601823708206687 precision: 0.9391634980988594 f1: 0.9148148148148149
2023-10-14 06:35:21,302 Epoch: 85 Train loss: 8.847053367158347e-07 Val loss: 5.0244200868584725 accuracy: 0.8601823708206687 precision: 0.9391634980988594 f1: 0.9148148148148149
2023-10-14 06:36:16,214 Epoch: 86 Train loss: 7.641040783794136e-07 Val loss: 5.008937289339106 accuracy: 0.8571428571428571 precision: 0.935361216730038 f1: 0.9128014842300556
2023-10-14 06:37:11,584 Epoch: 87 Train loss: 7.955630780124838e-07 Val loss: 5.011695009748418 accuracy: 0.8632218844984803 precision: 0.9429657794676806 f1: 0.9168207024029575
2023-10-14 06:38:06,346 Epoch: 88 Train loss: 5.408989352455301e-07 Val loss: 5.275143252596969 accuracy: 0.8632218844984803 precision: 0.9429657794676806 f1: 0.9168207024029575
2023-10-14 06:39:00,348 Epoch: 89 Train loss: 7.658419531627723e-07 Val loss: 5.251385685878285 accuracy: 0.8632218844984803 precision: 0.9429657794676806 f1: 0.9168207024029575
2023-10-14 06:39:55,267 Epoch: 90 Train loss: 6.774491261659418e-07 Val loss: 5.02236180009398 accuracy: 0.8601823708206687 precision: 0.9391634980988594 f1: 0.9148148148148149
2023-10-14 06:40:49,026 Epoch: 91 Train loss: 5.127762437979821e-07 Val loss: 5.288406993462732 accuracy: 0.8632218844984803 precision: 0.9429657794676806 f1: 0.9168207024029575
2023-10-14 06:41:44,733 Epoch: 92 Train loss: 6.726549672511446e-07 Val loss: 5.055806529496836 accuracy: 0.8601823708206687 precision: 0.9391634980988594 f1: 0.9148148148148149
2023-10-14 06:42:36,865 Epoch: 93 Train loss: 6.31156988956657e-07 Val loss: 5.03010612823259 accuracy: 0.8601823708206687 precision: 0.9391634980988594 f1: 0.9148148148148149
2023-10-14 06:43:30,584 Epoch: 94 Train loss: 4.910786530779133e-07 Val loss: 5.08073000461168 accuracy: 0.8632218844984803 precision: 0.9429657794676806 f1: 0.9168207024029575
2023-10-14 06:44:22,220 Epoch: 95 Train loss: 4.823732825274565e-07 Val loss: 5.03626248112414 accuracy: 0.8601823708206687 precision: 0.9391634980988594 f1: 0.9148148148148149
2023-10-14 06:45:13,492 Epoch: 96 Train loss: 5.311267532060573e-07 Val loss: 5.042914777032344 accuracy: 0.8632218844984803 precision: 0.9429657794676806 f1: 0.9168207024029575
2023-10-14 06:46:04,311 Epoch: 97 Train loss: 4.726421926589793e-07 Val loss: 5.278475071298002 accuracy: 0.8632218844984803 precision: 0.9429657794676806 f1: 0.9168207024029575
2023-10-14 06:46:57,179 Epoch: 98 Train loss: 4.261175454741658e-07 Val loss: 5.279461430718324 accuracy: 0.8601823708206687 precision: 0.9391634980988594 f1: 0.9148148148148149
2023-10-14 06:47:48,478 Epoch: 99 Train loss: 4.40464544950283e-07 Val loss: 5.050126908316521 accuracy: 0.8632218844984803 precision: 0.9429657794676806 f1: 0.9168207024029575
2023-10-14 06:47:48,478 Training finished
2023-10-14 06:47:48,479 accuracy: 0.8632218844984803 precision: 0.9429657794676806 f1: 0.9168207024029575 recall: 0.8920863309352518
