2023-10-11 07:54:34,263 {'device': 'cuda', 'logdir': 'logs', 'checkpoints': 'checkpoints', 'data': {'name': 'D1', 'img_root': 'data/new_modified_data/D1/images', 'data_path': 'data/new_modified_data/D1/df1_modified.csv', 'txt_col': 'Text', 'img_col': 'local_url', 'tar_col': 'Binary', 'idx_col': 'Unnamed: 0', 'batch_size': 16, 'num_workers': 4, 'max_len': 512, 'chunk_len': 200, 'overlap_len': 50}, 'model': {'name': 'BertVgg', 'modality': 'multi', 'vocab_size': 0, 'dropout': 0.2, 'common_hidden_dim': 512, 'output_dim': 1}, 'training': {'scheme': 2, 'beta': 0.7, 'margin': 0.2, 'epochs': 100, 'lr': 0.0001, 'warmup_steps': 0}}
2023-10-11 07:54:34,406 Length of tokenizer is 50265
2023-10-11 08:04:06,092 Epoch: 0 Train loss: 0.41179606800570207 Val loss: 0.34825676966172 accuracy: 0.8673218673218673 precision: 0.8349514563106796 f1: 0.864321608040201
2023-10-11 08:04:07,939 Best Model saved with accuracy 0.8673218673218673
2023-10-11 08:13:30,547 Epoch: 1 Train loss: 0.33604908939085754 Val loss: 0.3363708561429611 accuracy: 0.8746928746928747 precision: 0.9660194174757282 f1: 0.8864142538975501
2023-10-11 08:13:36,049 Best Model saved with accuracy 0.8746928746928747
2023-10-11 08:22:50,106 Epoch: 2 Train loss: 0.2940204173472582 Val loss: 0.29088469594717026 accuracy: 0.8869778869778869 precision: 0.8932038834951457 f1: 0.8888888888888888
2023-10-11 08:22:55,612 Best Model saved with accuracy 0.8869778869778869
2023-10-11 08:31:55,297 Epoch: 3 Train loss: 0.26953788335416834 Val loss: 0.3008466328565891 accuracy: 0.8771498771498771 precision: 0.8737864077669902 f1: 0.8780487804878048
2023-10-11 08:41:33,277 Epoch: 4 Train loss: 0.26116195474477377 Val loss: 0.3116761463192793 accuracy: 0.8796068796068796 precision: 0.8883495145631068 f1: 0.8819277108433736
2023-10-11 08:50:42,875 Epoch: 5 Train loss: 0.2470071189762915 Val loss: 0.28404677802553546 accuracy: 0.9066339066339066 precision: 0.9563106796116505 f1: 0.9120370370370371
2023-10-11 08:50:48,430 Best Model saved with accuracy 0.9066339066339066
2023-10-11 09:00:13,567 Epoch: 6 Train loss: 0.2248997826348333 Val loss: 0.2811652837464443 accuracy: 0.8820638820638821 precision: 0.8543689320388349 f1: 0.88
2023-10-11 09:09:35,501 Epoch: 7 Train loss: 0.2199628853476515 Val loss: 0.2859809467425713 accuracy: 0.9041769041769042 precision: 0.9514563106796117 f1: 0.9095127610208816
2023-10-11 09:19:05,299 Epoch: 8 Train loss: 0.21895469191904163 Val loss: 0.2735281277161378 accuracy: 0.9066339066339066 precision: 0.9271844660194175 f1: 0.9095238095238096
2023-10-11 09:28:32,239 Epoch: 9 Train loss: 0.20206577860403294 Val loss: 0.27038620827862847 accuracy: 0.8943488943488943 precision: 0.9271844660194175 f1: 0.8988235294117647
2023-10-11 09:37:23,029 Epoch: 10 Train loss: 0.20211167589706533 Val loss: 0.3651498553271477 accuracy: 0.8648648648648649 precision: 0.9805825242718447 f1: 0.8801742919389979
2023-10-11 09:47:01,102 Epoch: 11 Train loss: 0.19998747872773046 Val loss: 0.2723226518585132 accuracy: 0.914004914004914 precision: 0.9660194174757282 f1: 0.9191685912240185
2023-10-11 09:47:06,624 Best Model saved with accuracy 0.914004914004914
2023-10-11 09:56:31,455 Epoch: 12 Train loss: 0.18959034011498385 Val loss: 0.2944308997919926 accuracy: 0.9115479115479116 precision: 0.9611650485436893 f1: 0.9166666666666666
2023-10-11 10:05:59,509 Epoch: 13 Train loss: 0.19130558337943226 Val loss: 0.2819806139629621 accuracy: 0.8943488943488943 precision: 0.9368932038834952 f1: 0.8997668997668998
2023-10-11 10:15:21,610 Epoch: 14 Train loss: 0.18534845172190198 Val loss: 0.2773060890344473 accuracy: 0.9041769041769042 precision: 0.9223300970873787 f1: 0.9069212410501193
2023-10-11 10:24:39,358 Epoch: 15 Train loss: 0.17539739309280528 Val loss: 0.28303339346670187 accuracy: 0.8968058968058968 precision: 0.9174757281553398 f1: 0.9000000000000001
2023-10-11 10:34:13,294 Epoch: 16 Train loss: 0.1721285139119216 Val loss: 0.2775079653813289 accuracy: 0.9041769041769042 precision: 0.8932038834951457 f1: 0.9041769041769042
2023-10-11 10:43:28,197 Epoch: 17 Train loss: 0.15600894705629817 Val loss: 0.2951020383490966 accuracy: 0.8943488943488943 precision: 0.9611650485436893 f1: 0.9020501138952164
2023-10-11 10:52:42,158 Epoch: 18 Train loss: 0.1461068817469127 Val loss: 0.27734288229392123 accuracy: 0.8845208845208845 precision: 0.912621359223301 f1: 0.888888888888889
2023-10-11 11:01:52,494 Epoch: 19 Train loss: 0.15797746986808145 Val loss: 0.2932358697916453 accuracy: 0.8869778869778869 precision: 0.9368932038834952 f1: 0.8935185185185186
2023-10-11 11:11:15,810 Epoch: 20 Train loss: 0.14666403927748986 Val loss: 0.2861474495954238 accuracy: 0.9041769041769042 precision: 0.9271844660194175 f1: 0.9073634204275535
2023-10-11 11:20:26,500 Epoch: 21 Train loss: 0.13835307521124682 Val loss: 0.28105656523257494 accuracy: 0.8894348894348895 precision: 0.8980582524271845 f1: 0.891566265060241
2023-10-11 11:30:03,211 Epoch: 22 Train loss: 0.14575131704994276 Val loss: 0.29164891281666666 accuracy: 0.8869778869778869 precision: 0.941747572815534 f1: 0.8940092165898617
2023-10-11 11:39:19,756 Epoch: 23 Train loss: 0.14277614703328878 Val loss: 0.2937932795343491 accuracy: 0.8992628992628993 precision: 0.941747572815534 f1: 0.9044289044289046
2023-10-11 11:48:50,996 Epoch: 24 Train loss: 0.1403665859617439 Val loss: 0.2768353670835495 accuracy: 0.9017199017199017 precision: 0.8980582524271845 f1: 0.9024390243902438
2023-10-11 11:58:01,426 Epoch: 25 Train loss: 0.14220139296615825 Val loss: 0.3738442801225644 accuracy: 0.8746928746928747 precision: 0.970873786407767 f1: 0.8869179600886918
2023-10-11 12:07:33,813 Epoch: 26 Train loss: 0.13912099976932593 Val loss: 0.2823507599532604 accuracy: 0.9090909090909091 precision: 0.9077669902912622 f1: 0.9099756690997567
2023-10-11 12:16:56,091 Epoch: 27 Train loss: 0.12085588437085058 Val loss: 0.2775651609095243 accuracy: 0.9041769041769042 precision: 0.9368932038834952 f1: 0.908235294117647
2023-10-11 12:26:24,104 Epoch: 28 Train loss: 0.11780135652196466 Val loss: 0.2706966016155023 accuracy: 0.9066339066339066 precision: 0.9320388349514563 f1: 0.909952606635071
2023-10-11 12:36:08,603 Epoch: 29 Train loss: 0.12248102252316825 Val loss: 0.2755337009349695 accuracy: 0.8943488943488943 precision: 0.9271844660194175 f1: 0.8988235294117647
2023-10-11 12:45:31,342 Epoch: 30 Train loss: 0.12621057771292388 Val loss: 0.2823069505393505 accuracy: 0.8968058968058968 precision: 0.9077669902912622 f1: 0.8990384615384616
2023-10-11 12:54:47,469 Epoch: 31 Train loss: 0.11719089119202074 Val loss: 0.29664518727132905 accuracy: 0.8943488943488943 precision: 0.9271844660194175 f1: 0.8988235294117647
2023-10-11 13:04:18,466 Epoch: 32 Train loss: 0.12563924868499823 Val loss: 0.34845552342728925 accuracy: 0.8968058968058968 precision: 0.9757281553398058 f1: 0.9054054054054055
2023-10-11 13:13:46,413 Epoch: 33 Train loss: 0.11936832516107197 Val loss: 0.3138284359413844 accuracy: 0.8820638820638821 precision: 0.8786407766990292 f1: 0.8829268292682928
2023-10-11 13:23:11,218 Epoch: 34 Train loss: 0.11026579875718145 Val loss: 0.30549092605136907 accuracy: 0.8820638820638821 precision: 0.9320388349514563 f1: 0.888888888888889
2023-10-11 13:32:20,665 Epoch: 35 Train loss: 0.10057966680923368 Val loss: 0.2902210601963676 accuracy: 0.8894348894348895 precision: 0.912621359223301 f1: 0.8931116389548693
2023-10-11 13:41:34,062 Epoch: 36 Train loss: 0.10759018441004788 Val loss: 0.3169538082841497 accuracy: 0.8918918918918919 precision: 0.9368932038834952 f1: 0.8976744186046511
2023-10-11 13:50:57,027 Epoch: 37 Train loss: 0.11237590056935362 Val loss: 0.30615481834572095 accuracy: 0.8820638820638821 precision: 0.9174757281553398 f1: 0.8873239436619719
2023-10-11 14:00:11,738 Epoch: 38 Train loss: 0.11084638351538018 Val loss: 0.31002084624308807 accuracy: 0.8968058968058968 precision: 0.8689320388349514 f1: 0.8949999999999999
2023-10-11 14:09:34,772 Epoch: 39 Train loss: 0.10868199087460251 Val loss: 0.31108847346443397 accuracy: 0.8943488943488943 precision: 0.9174757281553398 f1: 0.8978622327790975
2023-10-11 14:18:45,199 Epoch: 40 Train loss: 0.09942722314393476 Val loss: 0.31547107791098267 accuracy: 0.8918918918918919 precision: 0.9174757281553398 f1: 0.8957345971563981
2023-10-11 14:27:51,740 Epoch: 41 Train loss: 0.10033273275065072 Val loss: 0.3339185786361878 accuracy: 0.9066339066339066 precision: 0.9320388349514563 f1: 0.909952606635071
2023-10-11 14:37:16,683 Epoch: 42 Train loss: 0.09474361231824492 Val loss: 0.31029696547641206 accuracy: 0.9066339066339066 precision: 0.9077669902912622 f1: 0.9077669902912622
2023-10-11 14:46:30,181 Epoch: 43 Train loss: 0.09423572730784323 Val loss: 0.35694349005531806 accuracy: 0.8894348894348895 precision: 0.9320388349514563 f1: 0.8951048951048951
2023-10-11 14:55:47,695 Epoch: 44 Train loss: 0.08559141557334977 Val loss: 0.31071817581183636 accuracy: 0.9041769041769042 precision: 0.912621359223301 f1: 0.9060240963855423
2023-10-11 15:05:08,494 Epoch: 45 Train loss: 0.09314277532108713 Val loss: 0.34924793444000757 accuracy: 0.8796068796068796 precision: 0.9320388349514563 f1: 0.8868360277136259
2023-10-11 15:14:46,039 Epoch: 46 Train loss: 0.09555512582700626 Val loss: 0.3055416468101052 accuracy: 0.8943488943488943 precision: 0.8737864077669902 f1: 0.8933002481389578
2023-10-11 15:24:18,180 Epoch: 47 Train loss: 0.0949205838180348 Val loss: 0.3011795783845278 accuracy: 0.8968058968058968 precision: 0.912621359223301 f1: 0.8995215311004785
2023-10-11 15:33:28,069 Epoch: 48 Train loss: 0.10451566320204851 Val loss: 0.2944464289511626 accuracy: 0.9041769041769042 precision: 0.8980582524271845 f1: 0.9046454767726161
2023-10-11 15:42:54,764 Epoch: 49 Train loss: 0.08900744666108022 Val loss: 0.33386914174144083 accuracy: 0.8968058968058968 precision: 0.9368932038834952 f1: 0.9018691588785047
2023-10-11 15:52:14,550 Epoch: 50 Train loss: 0.08507725764431205 Val loss: 0.31953648592417055 accuracy: 0.8894348894348895 precision: 0.9223300970873787 f1: 0.8941176470588235
2023-10-11 16:01:56,916 Epoch: 51 Train loss: 0.08312240859274478 Val loss: 0.3115968399036389 accuracy: 0.9115479115479116 precision: 0.9174757281553398 f1: 0.9130434782608696
2023-10-11 16:11:12,564 Epoch: 52 Train loss: 0.08618479738851972 Val loss: 0.33340660253396404 accuracy: 0.8943488943488943 precision: 0.9271844660194175 f1: 0.8988235294117647
2023-10-11 16:20:42,886 Epoch: 53 Train loss: 0.08205050159720521 Val loss: 0.3120160387972227 accuracy: 0.9041769041769042 precision: 0.8883495145631068 f1: 0.9037037037037038
2023-10-11 16:30:22,055 Epoch: 54 Train loss: 0.08488964715826453 Val loss: 0.3032843494214691 accuracy: 0.914004914004914 precision: 0.8980582524271845 f1: 0.9135802469135802
2023-10-11 16:39:53,213 Epoch: 55 Train loss: 0.09233234204607559 Val loss: 0.3561962411667292 accuracy: 0.9017199017199017 precision: 0.9368932038834952 f1: 0.9061032863849766
2023-10-11 16:48:58,493 Epoch: 56 Train loss: 0.08602094812336944 Val loss: 0.341986306083317 accuracy: 0.9066339066339066 precision: 0.9368932038834952 f1: 0.910377358490566
2023-10-11 16:58:38,521 Epoch: 57 Train loss: 0.09531337858232505 Val loss: 0.316507451594449 accuracy: 0.8918918918918919 precision: 0.8932038834951457 f1: 0.8932038834951457
2023-10-11 17:08:08,927 Epoch: 58 Train loss: 0.08445934510296758 Val loss: 0.31406765180425 accuracy: 0.8968058968058968 precision: 0.912621359223301 f1: 0.8995215311004785
2023-10-11 17:17:53,316 Epoch: 59 Train loss: 0.08441578986479298 Val loss: 0.307851584484944 accuracy: 0.8869778869778869 precision: 0.9029126213592233 f1: 0.8899521531100479
2023-10-11 17:27:23,591 Epoch: 60 Train loss: 0.07414617048412123 Val loss: 0.33249456478426087 accuracy: 0.9090909090909091 precision: 0.9174757281553398 f1: 0.9108433734939759
2023-10-11 17:36:38,028 Epoch: 61 Train loss: 0.0808108842739945 Val loss: 0.3028693263992094 accuracy: 0.9041769041769042 precision: 0.9077669902912622 f1: 0.9055690072639225
2023-10-11 17:45:59,195 Epoch: 62 Train loss: 0.08971702767645612 Val loss: 0.30957225129867977 accuracy: 0.9066339066339066 precision: 0.912621359223301 f1: 0.9082125603864736
2023-10-11 17:55:19,810 Epoch: 63 Train loss: 0.07231839666800464 Val loss: 0.3109838192064602 accuracy: 0.9041769041769042 precision: 0.9223300970873787 f1: 0.9069212410501193
2023-10-11 18:04:31,968 Epoch: 64 Train loss: 0.08083072673145901 Val loss: 0.34117350469415003 accuracy: 0.8943488943488943 precision: 0.8689320388349514 f1: 0.8927680798004987
2023-10-11 18:13:59,527 Epoch: 65 Train loss: 0.0818594378309653 Val loss: 0.3264320593757125 accuracy: 0.9066339066339066 precision: 0.9271844660194175 f1: 0.9095238095238096
2023-10-11 18:23:20,982 Epoch: 66 Train loss: 0.0747712167783403 Val loss: 0.41837221341064346 accuracy: 0.8968058968058968 precision: 0.9563106796116505 f1: 0.9036697247706422
2023-10-11 18:32:52,913 Epoch: 67 Train loss: 0.06577369626428858 Val loss: 0.375606006441208 accuracy: 0.8869778869778869 precision: 0.9368932038834952 f1: 0.8935185185185186
2023-10-11 18:42:38,303 Epoch: 68 Train loss: 0.06959475845774162 Val loss: 0.33790124852496844 accuracy: 0.8894348894348895 precision: 0.912621359223301 f1: 0.8931116389548693
2023-10-11 18:51:35,675 Epoch: 69 Train loss: 0.06578028124903201 Val loss: 0.3404665278414121 accuracy: 0.8968058968058968 precision: 0.9320388349514563 f1: 0.9014084507042254
2023-10-11 19:00:41,186 Epoch: 70 Train loss: 0.07705524566072021 Val loss: 0.3417421459721831 accuracy: 0.8943488943488943 precision: 0.8980582524271845 f1: 0.8958837772397095
2023-10-11 19:10:20,268 Epoch: 71 Train loss: 0.07338715510388069 Val loss: 0.33937652656235373 accuracy: 0.8968058968058968 precision: 0.9271844660194175 f1: 0.9009433962264151
2023-10-11 19:20:06,158 Epoch: 72 Train loss: 0.07315448163460721 Val loss: 0.3262305591398707 accuracy: 0.8992628992628993 precision: 0.8932038834951457 f1: 0.8997555012224939
2023-10-11 19:29:32,470 Epoch: 73 Train loss: 0.07476934977788843 Val loss: 0.322812996733074 accuracy: 0.8992628992628993 precision: 0.9223300970873787 f1: 0.9026128266033254
2023-10-11 19:38:43,416 Epoch: 74 Train loss: 0.073494439298634 Val loss: 0.3049130317432663 accuracy: 0.9090909090909091 precision: 0.9174757281553398 f1: 0.9108433734939759
2023-10-11 19:47:44,872 Epoch: 75 Train loss: 0.07132753728222394 Val loss: 0.3209661412984133 accuracy: 0.8918918918918919 precision: 0.9174757281553398 f1: 0.8957345971563981
2023-10-11 19:57:19,141 Epoch: 76 Train loss: 0.07227995960434497 Val loss: 0.31208677346316666 accuracy: 0.9090909090909091 precision: 0.912621359223301 f1: 0.9104116222760291
2023-10-11 20:06:46,938 Epoch: 77 Train loss: 0.05737794655393444 Val loss: 0.30499945545139223 accuracy: 0.9115479115479116 precision: 0.9174757281553398 f1: 0.9130434782608696
2023-10-11 20:15:55,360 Epoch: 78 Train loss: 0.07340184862807612 Val loss: 0.33483630074904513 accuracy: 0.9041769041769042 precision: 0.9029126213592233 f1: 0.905109489051095
2023-10-11 20:25:16,134 Epoch: 79 Train loss: 0.06920015477283183 Val loss: 0.36920777350091016 accuracy: 0.8943488943488943 precision: 0.9563106796116505 f1: 0.9016018306636155
2023-10-11 20:34:43,831 Epoch: 80 Train loss: 0.06752758834273646 Val loss: 0.3595078931404994 accuracy: 0.8968058968058968 precision: 0.941747572815534 f1: 0.9023255813953488
2023-10-11 20:44:31,051 Epoch: 81 Train loss: 0.06552996158636376 Val loss: 0.3499172944217347 accuracy: 0.8992628992628993 precision: 0.9029126213592233 f1: 0.9007263922518159
2023-10-11 20:53:56,062 Epoch: 82 Train loss: 0.06362130154179883 Val loss: 0.400115535236322 accuracy: 0.9066339066339066 precision: 0.912621359223301 f1: 0.9082125603864736
2023-10-11 21:03:10,133 Epoch: 83 Train loss: 0.06709663983544006 Val loss: 0.35454601026140153 accuracy: 0.9115479115479116 precision: 0.9368932038834952 f1: 0.9146919431279621
2023-10-11 21:12:49,949 Epoch: 84 Train loss: 0.06430353607763262 Val loss: 0.3613318924863751 accuracy: 0.8992628992628993 precision: 0.9174757281553398 f1: 0.9021479713603819
2023-10-11 21:22:12,418 Epoch: 85 Train loss: 0.0649669492028325 Val loss: 0.43419759892500365 accuracy: 0.8845208845208845 precision: 0.941747572815534 f1: 0.8919540229885058
2023-10-11 21:31:44,174 Epoch: 86 Train loss: 0.0666000815770388 Val loss: 0.3468164403278094 accuracy: 0.9066339066339066 precision: 0.9029126213592233 f1: 0.9073170731707318
2023-10-11 21:41:30,598 Epoch: 87 Train loss: 0.06156793226688808 Val loss: 0.42885308612424594 accuracy: 0.8894348894348895 precision: 0.9368932038834952 f1: 0.8955916473317865
2023-10-11 21:50:40,832 Epoch: 88 Train loss: 0.05907630320300585 Val loss: 0.3773211737235005 accuracy: 0.8992628992628993 precision: 0.9320388349514563 f1: 0.9035294117647059
2023-10-11 22:00:00,922 Epoch: 89 Train loss: 0.06355061165203213 Val loss: 0.353404722821254 accuracy: 0.9017199017199017 precision: 0.9271844660194175 f1: 0.9052132701421801
2023-10-11 22:09:30,407 Epoch: 90 Train loss: 0.0639015108360635 Val loss: 0.38637019650867355 accuracy: 0.9066339066339066 precision: 0.9320388349514563 f1: 0.909952606635071
2023-10-11 22:18:35,891 Epoch: 91 Train loss: 0.06656157873872229 Val loss: 0.3362101465642739 accuracy: 0.914004914004914 precision: 0.9077669902912622 f1: 0.9144254278728607
2023-10-11 22:27:47,408 Epoch: 92 Train loss: 0.07418745314113467 Val loss: 0.3482145839012586 accuracy: 0.8845208845208845 precision: 0.9320388349514563 f1: 0.8909512761020881
2023-10-11 22:37:04,533 Epoch: 93 Train loss: 0.06692645965627961 Val loss: 0.3746525476185175 accuracy: 0.9017199017199017 precision: 0.9320388349514563 f1: 0.9056603773584906
2023-10-11 22:46:44,161 Epoch: 94 Train loss: 0.0581809191567385 Val loss: 0.3537268771861608 accuracy: 0.9090909090909091 precision: 0.9174757281553398 f1: 0.9108433734939759
2023-10-11 22:56:24,449 Epoch: 95 Train loss: 0.06409148118394774 Val loss: 0.35339987901254344 accuracy: 0.9090909090909091 precision: 0.8980582524271845 f1: 0.9090909090909091
2023-10-11 23:06:04,625 Epoch: 96 Train loss: 0.056284621723142324 Val loss: 0.32256620556402665 accuracy: 0.9115479115479116 precision: 0.912621359223301 f1: 0.912621359223301
2023-10-11 23:15:26,451 Epoch: 97 Train loss: 0.05914409848057902 Val loss: 0.33901226341437835 accuracy: 0.8968058968058968 precision: 0.9174757281553398 f1: 0.9000000000000001
2023-10-11 23:24:59,448 Epoch: 98 Train loss: 0.0559676620063792 Val loss: 0.3510217757250827 accuracy: 0.9066339066339066 precision: 0.941747572815534 f1: 0.9107981220657277
2023-10-11 23:34:05,740 Epoch: 99 Train loss: 0.0538887726804972 Val loss: 0.3899251608034739 accuracy: 0.8869778869778869 precision: 0.9077669902912622 f1: 0.8904761904761905
2023-10-11 23:34:05,740 Training finished
2023-10-11 23:34:05,740 accuracy: 0.914004914004914 precision: 0.9660194174757282 f1: 0.9191685912240185 recall: 0.8766519823788547
