2023-10-10 17:45:27,080 {'device': 'cuda', 'logdir': 'logs', 'checkpoints': 'checkpoints', 'data': {'name': 'D1', 'img_root': 'data/new_modified_data/D1/images', 'data_path': 'data/new_modified_data/D1/df1_modified.csv', 'txt_col': 'Text', 'img_col': 'local_url', 'tar_col': 'Binary', 'idx_col': 'Unnamed: 0', 'batch_size': 16, 'num_workers': 4, 'max_len': 512, 'chunk_len': 200, 'overlap_len': 50}, 'model': {'name': 'CnnVgg', 'modality': 'multi', 'vocab_size': 0, 'embedding_dim': 100, 'n_filters': 20, 'filter_sizes': [3, 4, 5], 'num_layers': 2, 'dropout': 0.2, 'common_hidden_dim': 512, 'output_dim': 1}, 'training': {'scheme': 2, 'beta': 0.7, 'margin': 0.2, 'epochs': 100, 'lr': 0.0001, 'warmup_steps': 0}}
2023-10-10 17:45:27,294 Loading tokenizer from local checkpoints checkpoints/tokenizer
2023-10-10 17:45:27,294 Length of tokenizer is 34141
2023-10-10 17:45:59,774 Epoch: 0 Train loss: 0.4025632318328409 Val loss: 0.37828365369484973 accuracy: 0.8427518427518428 precision: 0.803030303030303 f1: 0.8324607329842931
2023-10-10 17:46:02,378 Best Model saved with accuracy 0.8427518427518428
2023-10-10 17:46:30,465 Epoch: 1 Train loss: 0.3175681577447583 Val loss: 0.33378851471038967 accuracy: 0.8624078624078624 precision: 0.8636363636363636 f1: 0.8592964824120602
2023-10-10 17:46:33,047 Best Model saved with accuracy 0.8624078624078624
2023-10-10 17:46:59,540 Epoch: 2 Train loss: 0.27007724395861815 Val loss: 0.32675328392248887 accuracy: 0.8697788697788698 precision: 0.8787878787878788 f1: 0.8678304239401495
2023-10-10 17:47:02,111 Best Model saved with accuracy 0.8697788697788698
2023-10-10 17:47:28,217 Epoch: 3 Train loss: 0.2261940865393947 Val loss: 0.3231312311612643 accuracy: 0.8673218673218673 precision: 0.8838383838383839 f1: 0.8663366336633663
2023-10-10 17:47:53,238 Epoch: 4 Train loss: 0.21291741323383415 Val loss: 0.30233866807359916 accuracy: 0.8697788697788698 precision: 0.8484848484848485 f1: 0.8637532133676092
2023-10-10 17:48:19,032 Epoch: 5 Train loss: 0.17797188690918334 Val loss: 0.26155690533610493 accuracy: 0.8968058968058968 precision: 0.898989898989899 f1: 0.8944723618090452
2023-10-10 17:48:21,566 Best Model saved with accuracy 0.8968058968058968
2023-10-10 17:48:47,456 Epoch: 6 Train loss: 0.15114173581641094 Val loss: 0.2733178107211223 accuracy: 0.8968058968058968 precision: 0.8787878787878788 f1: 0.8923076923076922
2023-10-10 17:49:14,089 Epoch: 7 Train loss: 0.13542453672590793 Val loss: 0.2663739263438262 accuracy: 0.8992628992628993 precision: 0.9040404040404041 f1: 0.8972431077694235
2023-10-10 17:49:16,664 Best Model saved with accuracy 0.8992628992628993
2023-10-10 17:49:42,931 Epoch: 8 Train loss: 0.10566407706880686 Val loss: 0.24350630986289337 accuracy: 0.8992628992628993 precision: 0.8737373737373737 f1: 0.8940568475452196
2023-10-10 17:50:10,163 Epoch: 9 Train loss: 0.09417791469205244 Val loss: 0.24977259753415218 accuracy: 0.9017199017199017 precision: 0.8939393939393939 f1: 0.8984771573604061
2023-10-10 17:50:12,744 Best Model saved with accuracy 0.9017199017199017
2023-10-10 17:50:38,951 Epoch: 10 Train loss: 0.0763436390050486 Val loss: 0.2602596227796032 accuracy: 0.8968058968058968 precision: 0.8737373737373737 f1: 0.8917525773195877
2023-10-10 17:51:04,711 Epoch: 11 Train loss: 0.07856028505564466 Val loss: 0.27066125434178573 accuracy: 0.9115479115479116 precision: 0.8939393939393939 f1: 0.9076923076923077
2023-10-10 17:51:07,290 Best Model saved with accuracy 0.9115479115479116
2023-10-10 17:51:33,913 Epoch: 12 Train loss: 0.06412649099879406 Val loss: 0.254716611897143 accuracy: 0.9090909090909091 precision: 0.9141414141414141 f1: 0.9072681704260651
2023-10-10 17:51:58,965 Epoch: 13 Train loss: 0.0583266165500105 Val loss: 0.25159205739887863 accuracy: 0.9066339066339066 precision: 0.9090909090909091 f1: 0.9045226130653266
2023-10-10 17:52:25,866 Epoch: 14 Train loss: 0.04758509747026598 Val loss: 0.2669125309643837 accuracy: 0.914004914004914 precision: 0.9040404040404041 f1: 0.910941475826972
2023-10-10 17:52:28,396 Best Model saved with accuracy 0.914004914004914
2023-10-10 17:52:54,333 Epoch: 15 Train loss: 0.04507982265888987 Val loss: 0.278746113825876 accuracy: 0.9066339066339066 precision: 0.9242424242424242 f1: 0.905940594059406
2023-10-10 17:53:20,815 Epoch: 16 Train loss: 0.040427851098060026 Val loss: 0.2674056268655337 accuracy: 0.9066339066339066 precision: 0.9090909090909091 f1: 0.9045226130653266
2023-10-10 17:53:47,932 Epoch: 17 Train loss: 0.03245288013781914 Val loss: 0.2766385303738599 accuracy: 0.9164619164619164 precision: 0.9292929292929293 f1: 0.9154228855721392
2023-10-10 17:53:50,501 Best Model saved with accuracy 0.9164619164619164
2023-10-10 17:54:16,985 Epoch: 18 Train loss: 0.026031111217533036 Val loss: 0.2870302149005091 accuracy: 0.9164619164619164 precision: 0.9242424242424242 f1: 0.915
2023-10-10 17:54:44,154 Epoch: 19 Train loss: 0.026636520674561754 Val loss: 0.2923122608223751 accuracy: 0.9066339066339066 precision: 0.8939393939393939 f1: 0.9030612244897959
2023-10-10 17:55:10,933 Epoch: 20 Train loss: 0.02546217375350477 Val loss: 0.28122700088155955 accuracy: 0.9041769041769042 precision: 0.9191919191919192 f1: 0.903225806451613
2023-10-10 17:55:36,023 Epoch: 21 Train loss: 0.027248218022149932 Val loss: 0.35764622289794856 accuracy: 0.9017199017199017 precision: 0.9393939393939394 f1: 0.9029126213592232
2023-10-10 17:56:01,226 Epoch: 22 Train loss: 0.031501821129281515 Val loss: 0.2833482909034221 accuracy: 0.9115479115479116 precision: 0.9040404040404041 f1: 0.9086294416243654
2023-10-10 17:56:28,050 Epoch: 23 Train loss: 0.02507755393390635 Val loss: 0.2909725688648625 accuracy: 0.9164619164619164 precision: 0.9141414141414141 f1: 0.9141414141414141
2023-10-10 17:56:54,802 Epoch: 24 Train loss: 0.015786988995101888 Val loss: 0.3030441647592502 accuracy: 0.9213759213759214 precision: 0.9141414141414141 f1: 0.9187817258883249
2023-10-10 17:56:57,384 Best Model saved with accuracy 0.9213759213759214
2023-10-10 17:57:24,540 Epoch: 25 Train loss: 0.02255966127153906 Val loss: 0.3162241888796696 accuracy: 0.918918918918919 precision: 0.9090909090909091 f1: 0.9160305343511451
2023-10-10 17:57:50,822 Epoch: 26 Train loss: 0.015635506882829883 Val loss: 0.30806269869208336 accuracy: 0.918918918918919 precision: 0.9090909090909091 f1: 0.9160305343511451
2023-10-10 17:58:16,950 Epoch: 27 Train loss: 0.010590395153449922 Val loss: 0.32425680682242203 accuracy: 0.914004914004914 precision: 0.8939393939393939 f1: 0.910025706940874
2023-10-10 17:58:43,416 Epoch: 28 Train loss: 0.014438681608903697 Val loss: 0.3236436128186492 accuracy: 0.8968058968058968 precision: 0.9393939393939394 f1: 0.8985507246376813
2023-10-10 17:59:09,079 Epoch: 29 Train loss: 0.014294761029304937 Val loss: 0.3105506792377967 accuracy: 0.9090909090909091 precision: 0.9242424242424242 f1: 0.9081885856079405
2023-10-10 17:59:34,714 Epoch: 30 Train loss: 0.009814397600683722 Val loss: 0.3202189429430291 accuracy: 0.9164619164619164 precision: 0.898989898989899 f1: 0.9128205128205129
2023-10-10 18:00:00,367 Epoch: 31 Train loss: 0.013951031031776402 Val loss: 0.31445723745631626 accuracy: 0.9262899262899262 precision: 0.9090909090909091 f1: 0.923076923076923
2023-10-10 18:00:02,905 Best Model saved with accuracy 0.9262899262899262
2023-10-10 18:00:28,847 Epoch: 32 Train loss: 0.013659756051293145 Val loss: 0.33951538926563585 accuracy: 0.914004914004914 precision: 0.9040404040404041 f1: 0.910941475826972
2023-10-10 18:00:56,219 Epoch: 33 Train loss: 0.017441188161576388 Val loss: 0.3648468231728587 accuracy: 0.9017199017199017 precision: 0.9242424242424242 f1: 0.9014778325123153
2023-10-10 18:01:23,955 Epoch: 34 Train loss: 0.020339091935431285 Val loss: 0.318008325367163 accuracy: 0.918918918918919 precision: 0.9191919191919192 f1: 0.9168765743073047
2023-10-10 18:01:49,928 Epoch: 35 Train loss: 0.015690829923294264 Val loss: 0.34697582475984323 accuracy: 0.9066339066339066 precision: 0.9242424242424242 f1: 0.905940594059406
2023-10-10 18:02:16,870 Epoch: 36 Train loss: 0.010830309201635685 Val loss: 0.3711103954030058 accuracy: 0.9066339066339066 precision: 0.8838383838383839 f1: 0.9020618556701031
2023-10-10 18:02:43,089 Epoch: 37 Train loss: 0.013211826125174696 Val loss: 0.3595284564474311 accuracy: 0.918918918918919 precision: 0.898989898989899 f1: 0.9151670951156812
2023-10-10 18:03:09,277 Epoch: 38 Train loss: 0.011918913972704996 Val loss: 0.3951069313334301 accuracy: 0.8992628992628993 precision: 0.9494949494949495 f1: 0.9016786570743405
2023-10-10 18:03:34,907 Epoch: 39 Train loss: 0.010615472459689686 Val loss: 0.3912044244039302 accuracy: 0.9066339066339066 precision: 0.9090909090909091 f1: 0.9045226130653266
2023-10-10 18:04:01,130 Epoch: 40 Train loss: 0.010235609996158803 Val loss: 0.385254749455131 accuracy: 0.9041769041769042 precision: 0.9191919191919192 f1: 0.903225806451613
2023-10-10 18:04:27,524 Epoch: 41 Train loss: 0.01315416691890206 Val loss: 0.3521476822072425 accuracy: 0.918918918918919 precision: 0.9292929292929293 f1: 0.9177057356608479
2023-10-10 18:04:53,715 Epoch: 42 Train loss: 0.014082012487885246 Val loss: 0.34809206251520663 accuracy: 0.9164619164619164 precision: 0.9141414141414141 f1: 0.9141414141414141
2023-10-10 18:05:21,098 Epoch: 43 Train loss: 0.007528179941158776 Val loss: 0.35279444116167724 accuracy: 0.9115479115479116 precision: 0.9191919191919192 f1: 0.91
2023-10-10 18:05:47,597 Epoch: 44 Train loss: 0.00509263309443971 Val loss: 0.3659967512878491 accuracy: 0.9213759213759214 precision: 0.9090909090909091 f1: 0.9183673469387756
2023-10-10 18:06:14,832 Epoch: 45 Train loss: 0.008790327780469157 Val loss: 0.3842194635206117 accuracy: 0.914004914004914 precision: 0.8939393939393939 f1: 0.910025706940874
2023-10-10 18:06:41,439 Epoch: 46 Train loss: 0.008729055271853177 Val loss: 0.385144835893208 accuracy: 0.914004914004914 precision: 0.9141414141414141 f1: 0.9118387909319899
2023-10-10 18:07:06,670 Epoch: 47 Train loss: 0.014159949323620108 Val loss: 0.3942471935073487 accuracy: 0.9115479115479116 precision: 0.9141414141414141 f1: 0.9095477386934674
2023-10-10 18:07:33,180 Epoch: 48 Train loss: 0.004944275315888352 Val loss: 0.37728887606779327 accuracy: 0.918918918918919 precision: 0.9343434343434344 f1: 0.9181141439205955
2023-10-10 18:07:59,759 Epoch: 49 Train loss: 0.008269787125041773 Val loss: 0.3999196469174841 accuracy: 0.914004914004914 precision: 0.9040404040404041 f1: 0.910941475826972
2023-10-10 18:08:26,976 Epoch: 50 Train loss: 0.00667417950157245 Val loss: 0.42082751320245176 accuracy: 0.9115479115479116 precision: 0.9292929292929293 f1: 0.9108910891089108
2023-10-10 18:08:53,518 Epoch: 51 Train loss: 0.006222669546216411 Val loss: 0.4061606646461699 accuracy: 0.9115479115479116 precision: 0.9040404040404041 f1: 0.9086294416243654
2023-10-10 18:09:21,066 Epoch: 52 Train loss: 0.007658046509669814 Val loss: 0.39430661922177446 accuracy: 0.914004914004914 precision: 0.898989898989899 f1: 0.9104859335038363
2023-10-10 18:09:47,777 Epoch: 53 Train loss: 0.0062351135430242935 Val loss: 0.3904779973529982 accuracy: 0.9090909090909091 precision: 0.9242424242424242 f1: 0.9081885856079405
2023-10-10 18:10:13,143 Epoch: 54 Train loss: 0.010022248110687417 Val loss: 0.41390241636411074 accuracy: 0.9115479115479116 precision: 0.9090909090909091 f1: 0.9090909090909091
2023-10-10 18:10:38,964 Epoch: 55 Train loss: 0.0067200862629261775 Val loss: 0.449759393858795 accuracy: 0.9017199017199017 precision: 0.9343434343434344 f1: 0.9024390243902438
2023-10-10 18:11:05,452 Epoch: 56 Train loss: 0.01251366735218029 Val loss: 0.40834692651487087 accuracy: 0.9164619164619164 precision: 0.9444444444444444 f1: 0.9166666666666666
2023-10-10 18:11:31,708 Epoch: 57 Train loss: 0.015756387310045517 Val loss: 0.43874974819930057 accuracy: 0.9041769041769042 precision: 0.8737373737373737 f1: 0.8987012987012987
2023-10-10 18:11:58,498 Epoch: 58 Train loss: 0.00596582801221766 Val loss: 0.4611391162213225 accuracy: 0.9115479115479116 precision: 0.9141414141414141 f1: 0.9095477386934674
2023-10-10 18:12:24,782 Epoch: 59 Train loss: 0.012587419055896188 Val loss: 0.4116358071968044 accuracy: 0.9041769041769042 precision: 0.9040404040404041 f1: 0.9017632241813602
2023-10-10 18:12:50,891 Epoch: 60 Train loss: 0.005667026511254531 Val loss: 0.3921312814468715 accuracy: 0.9090909090909091 precision: 0.9090909090909091 f1: 0.906801007556675
2023-10-10 18:13:19,023 Epoch: 61 Train loss: 0.006238165525906416 Val loss: 0.4886401073487762 accuracy: 0.9115479115479116 precision: 0.9444444444444444 f1: 0.9121951219512194
2023-10-10 18:13:44,722 Epoch: 62 Train loss: 0.009526334931920514 Val loss: 0.41341440376037586 accuracy: 0.9164619164619164 precision: 0.9292929292929293 f1: 0.9154228855721392
2023-10-10 18:14:10,617 Epoch: 63 Train loss: 0.006299366767774807 Val loss: 0.4173313887664475 accuracy: 0.9115479115479116 precision: 0.9242424242424242 f1: 0.9104477611940298
2023-10-10 18:14:36,828 Epoch: 64 Train loss: 0.0066455091800176605 Val loss: 0.41123248330236845 accuracy: 0.9115479115479116 precision: 0.9141414141414141 f1: 0.9095477386934674
2023-10-10 18:15:05,466 Epoch: 65 Train loss: 0.008827413466611225 Val loss: 0.43390246709951985 accuracy: 0.9238329238329238 precision: 0.898989898989899 f1: 0.9198966408268735
2023-10-10 18:15:32,347 Epoch: 66 Train loss: 0.006379900245805152 Val loss: 0.4472195593737594 accuracy: 0.9164619164619164 precision: 0.8939393939393939 f1: 0.9123711340206184
2023-10-10 18:15:58,687 Epoch: 67 Train loss: 0.005813240902578881 Val loss: 0.4264656280776343 accuracy: 0.918918918918919 precision: 0.9141414141414141 f1: 0.9164556962025315
2023-10-10 18:16:25,294 Epoch: 68 Train loss: 0.013927671479365801 Val loss: 0.40895175573845893 accuracy: 0.9262899262899262 precision: 0.9040404040404041 f1: 0.9226804123711341
2023-10-10 18:16:53,706 Epoch: 69 Train loss: 0.004211921950146087 Val loss: 0.43152257414140666 accuracy: 0.9164619164619164 precision: 0.9040404040404041 f1: 0.913265306122449
2023-10-10 18:17:19,998 Epoch: 70 Train loss: 0.008044084388173217 Val loss: 0.44540612008915137 accuracy: 0.914004914004914 precision: 0.9393939393939394 f1: 0.914004914004914
2023-10-10 18:17:45,101 Epoch: 71 Train loss: 0.004861655817245603 Val loss: 0.44679872326070413 accuracy: 0.9090909090909091 precision: 0.898989898989899 f1: 0.9058524173027989
2023-10-10 18:18:10,019 Epoch: 72 Train loss: 0.004833021668954483 Val loss: 0.41920039322688424 accuracy: 0.9312039312039312 precision: 0.9242424242424242 f1: 0.9289340101522842
2023-10-10 18:18:12,551 Best Model saved with accuracy 0.9312039312039312
2023-10-10 18:18:38,108 Epoch: 73 Train loss: 0.006357911832390741 Val loss: 0.42652658460652815 accuracy: 0.9262899262899262 precision: 0.9040404040404041 f1: 0.9226804123711341
2023-10-10 18:19:03,869 Epoch: 74 Train loss: 0.007265209919474799 Val loss: 0.42248847136775464 accuracy: 0.9090909090909091 precision: 0.9343434343434344 f1: 0.9090909090909092
2023-10-10 18:19:30,223 Epoch: 75 Train loss: 0.005900341578099495 Val loss: 0.4436658946628296 accuracy: 0.9090909090909091 precision: 0.9393939393939394 f1: 0.9095354523227384
2023-10-10 18:19:55,945 Epoch: 76 Train loss: 0.0051628845810905745 Val loss: 0.42630484449560196 accuracy: 0.9213759213759214 precision: 0.9393939393939394 f1: 0.9207920792079209
2023-10-10 18:20:23,117 Epoch: 77 Train loss: 0.0026214226175745674 Val loss: 0.4158833487980211 accuracy: 0.918918918918919 precision: 0.9191919191919192 f1: 0.9168765743073047
2023-10-10 18:20:49,526 Epoch: 78 Train loss: 0.001995832700864483 Val loss: 0.4129928577511831 accuracy: 0.9213759213759214 precision: 0.9090909090909091 f1: 0.9183673469387756
2023-10-10 18:21:16,090 Epoch: 79 Train loss: 0.00862826651132309 Val loss: 0.4305045405176665 accuracy: 0.9115479115479116 precision: 0.9191919191919192 f1: 0.91
2023-10-10 18:21:41,935 Epoch: 80 Train loss: 0.007283223973212328 Val loss: 0.4553967964513084 accuracy: 0.9115479115479116 precision: 0.9292929292929293 f1: 0.9108910891089108
2023-10-10 18:22:08,344 Epoch: 81 Train loss: 0.0027523952108269583 Val loss: 0.46389759475613784 accuracy: 0.9164619164619164 precision: 0.9141414141414141 f1: 0.9141414141414141
2023-10-10 18:22:34,997 Epoch: 82 Train loss: 0.003063452467920476 Val loss: 0.45120673374913167 accuracy: 0.9238329238329238 precision: 0.9343434343434344 f1: 0.9226932668329177
2023-10-10 18:23:01,093 Epoch: 83 Train loss: 0.003009404927384447 Val loss: 0.4192904709834693 accuracy: 0.914004914004914 precision: 0.9393939393939394 f1: 0.914004914004914
2023-10-10 18:23:27,676 Epoch: 84 Train loss: 0.005996514377673021 Val loss: 0.4546445668786943 accuracy: 0.9115479115479116 precision: 0.9494949494949495 f1: 0.912621359223301
2023-10-10 18:23:53,318 Epoch: 85 Train loss: 0.017461181513373746 Val loss: 0.45369074362175665 accuracy: 0.918918918918919 precision: 0.9090909090909091 f1: 0.9160305343511451
2023-10-10 18:24:19,604 Epoch: 86 Train loss: 0.006230719351352117 Val loss: 0.48209818383184727 accuracy: 0.9164619164619164 precision: 0.9090909090909091 f1: 0.9137055837563451
2023-10-10 18:24:45,988 Epoch: 87 Train loss: 0.0016448743573135413 Val loss: 0.47418678427773275 accuracy: 0.9090909090909091 precision: 0.9242424242424242 f1: 0.9081885856079405
2023-10-10 18:25:13,162 Epoch: 88 Train loss: 0.010980332525854928 Val loss: 0.4777415797552049 accuracy: 0.9213759213759214 precision: 0.8888888888888888 f1: 0.9166666666666667
2023-10-10 18:25:39,252 Epoch: 89 Train loss: 0.008705592204571932 Val loss: 0.42707382046892933 accuracy: 0.9041769041769042 precision: 0.9191919191919192 f1: 0.903225806451613
2023-10-10 18:26:04,683 Epoch: 90 Train loss: 0.004065635139960589 Val loss: 0.44257169743426716 accuracy: 0.9090909090909091 precision: 0.8888888888888888 f1: 0.9048843187660668
2023-10-10 18:26:31,803 Epoch: 91 Train loss: 0.0014413062383727819 Val loss: 0.44968832489394117 accuracy: 0.914004914004914 precision: 0.9242424242424242 f1: 0.912718204488778
2023-10-10 18:26:58,838 Epoch: 92 Train loss: 0.0018356323204550468 Val loss: 0.4837097346346232 accuracy: 0.9090909090909091 precision: 0.9343434343434344 f1: 0.9090909090909092
2023-10-10 18:27:26,383 Epoch: 93 Train loss: 0.008539644128917395 Val loss: 0.4455245699713347 accuracy: 0.914004914004914 precision: 0.9090909090909091 f1: 0.9113924050632911
2023-10-10 18:27:52,302 Epoch: 94 Train loss: 0.004855184981401109 Val loss: 0.43639838012705484 accuracy: 0.918918918918919 precision: 0.9090909090909091 f1: 0.9160305343511451
2023-10-10 18:28:18,149 Epoch: 95 Train loss: 0.004822551559558919 Val loss: 0.5018162572926556 accuracy: 0.918918918918919 precision: 0.9191919191919192 f1: 0.9168765743073047
2023-10-10 18:28:44,329 Epoch: 96 Train loss: 0.0031185312196750567 Val loss: 0.46885190887461736 accuracy: 0.9164619164619164 precision: 0.9090909090909091 f1: 0.9137055837563451
2023-10-10 18:29:10,914 Epoch: 97 Train loss: 0.004541671599670236 Val loss: 0.7379165014046101 accuracy: 0.8992628992628993 precision: 0.9444444444444444 f1: 0.9012048192771084
2023-10-10 18:29:37,715 Epoch: 98 Train loss: 0.005696128990737692 Val loss: 0.5279991123338907 accuracy: 0.914004914004914 precision: 0.8737373737373737 f1: 0.9081364829396326
2023-10-10 18:30:04,422 Epoch: 99 Train loss: 0.005856704461339133 Val loss: 0.4958444706191166 accuracy: 0.918918918918919 precision: 0.9141414141414141 f1: 0.9164556962025315
2023-10-10 18:30:04,423 Training finished
2023-10-10 18:30:04,423 accuracy: 0.9312039312039312 precision: 0.9242424242424242 f1: 0.9289340101522842 recall: 0.9336734693877551
