2023-10-13 04:31:01,122 {'device': 'cuda', 'logdir': 'logs', 'checkpoints': 'checkpoints', 'data': {'name': 'D1', 'img_root': 'data/new_modified_data/D1/images', 'data_path': 'data/new_modified_data/D1/df1_modified.csv', 'txt_col': 'Text', 'img_col': 'local_url', 'tar_col': 'Binary', 'idx_col': 'Unnamed: 0', 'batch_size': 16, 'num_workers': 4, 'max_len': 512, 'chunk_len': 200, 'overlap_len': 50}, 'model': {'name': 'Lstm', 'modality': 'text', 'vocab_size': 0, 'embedding_dim': 100, 'hidden_dim': 256, 'num_layers': 2, 'dropout': 0.2, 'common_hidden_dim': 512, 'output_dim': 1}, 'training': {'scheme': 2, 'beta': 0.7, 'margin': 0.2, 'epochs': 100, 'lr': 0.0001, 'warmup_steps': 0}}
2023-10-13 04:31:01,322 Loading tokenizer from local checkpoints checkpoints/tokenizer
2023-10-13 04:31:01,323 Length of tokenizer is 34141
2023-10-13 04:31:46,839 Epoch: 0 Train loss: 0.6847379295264974 Val loss: 0.6589443683624268 accuracy: 0.6167076167076168 precision: 0.7887323943661971 f1: 0.6829268292682926
2023-10-13 04:31:46,949 Best Model saved with accuracy 0.6167076167076168
2023-10-13 04:32:28,551 Epoch: 1 Train loss: 0.6108365505933762 Val loss: 0.5741723947800123 accuracy: 0.714987714987715 precision: 0.6901408450704225 f1: 0.7170731707317074
2023-10-13 04:32:28,760 Best Model saved with accuracy 0.714987714987715
2023-10-13 04:33:11,406 Epoch: 2 Train loss: 0.465057113153093 Val loss: 0.48324005878888643 accuracy: 0.7518427518427518 precision: 0.8028169014084507 f1: 0.7720090293453724
2023-10-13 04:33:11,616 Best Model saved with accuracy 0.7518427518427518
2023-10-13 04:33:54,620 Epoch: 3 Train loss: 0.389413925581703 Val loss: 0.4780357846846947 accuracy: 0.7886977886977887 precision: 0.8732394366197183 f1: 0.8122270742358079
2023-10-13 04:33:54,810 Best Model saved with accuracy 0.7886977886977887
2023-10-13 04:34:38,335 Epoch: 4 Train loss: 0.3228684749235125 Val loss: 0.4615866461625466 accuracy: 0.8157248157248157 precision: 0.8779342723004695 f1: 0.8329621380846326
2023-10-13 04:34:38,544 Best Model saved with accuracy 0.8157248157248157
2023-10-13 04:35:21,646 Epoch: 5 Train loss: 0.2781563431170641 Val loss: 0.48770622450571793 accuracy: 0.8157248157248157 precision: 0.8169014084507042 f1: 0.822695035460993
2023-10-13 04:36:03,733 Epoch: 6 Train loss: 0.23956491454851395 Val loss: 0.44919390288683086 accuracy: 0.8230958230958231 precision: 0.9107981220657277 f1: 0.8434782608695652
2023-10-13 04:36:03,948 Best Model saved with accuracy 0.8230958230958231
2023-10-13 04:36:45,888 Epoch: 7 Train loss: 0.19292453811595253 Val loss: 0.48746273580652016 accuracy: 0.8255528255528255 precision: 0.8497652582159625 f1: 0.8360277136258661
2023-10-13 04:36:46,071 Best Model saved with accuracy 0.8255528255528255
2023-10-13 04:37:27,672 Epoch: 8 Train loss: 0.17838137188707204 Val loss: 0.5144235772582201 accuracy: 0.8378378378378378 precision: 0.863849765258216 f1: 0.847926267281106
2023-10-13 04:37:27,861 Best Model saved with accuracy 0.8378378378378378
2023-10-13 04:38:09,432 Epoch: 9 Train loss: 0.1459843774289623 Val loss: 0.5344006741562715 accuracy: 0.8525798525798526 precision: 0.8873239436619719 f1: 0.863013698630137
2023-10-13 04:38:09,625 Best Model saved with accuracy 0.8525798525798526
2023-10-13 04:38:50,902 Epoch: 10 Train loss: 0.11440742015382092 Val loss: 0.6752818203531206 accuracy: 0.8181818181818182 precision: 0.8075117370892019 f1: 0.8229665071770335
2023-10-13 04:39:34,806 Epoch: 11 Train loss: 0.08188966278833629 Val loss: 0.8278673445949187 accuracy: 0.8304668304668305 precision: 0.8544600938967136 f1: 0.8406466512702079
2023-10-13 04:40:17,017 Epoch: 12 Train loss: 0.0981754514465209 Val loss: 0.7192087866939031 accuracy: 0.8230958230958231 precision: 0.8215962441314554 f1: 0.8293838862559242
2023-10-13 04:40:58,815 Epoch: 13 Train loss: 0.067639669310701 Val loss: 0.8367895647310294 accuracy: 0.8108108108108109 precision: 0.7605633802816901 f1: 0.8079800498753117
2023-10-13 04:41:40,799 Epoch: 14 Train loss: 0.07163221407887142 Val loss: 0.826189385010646 accuracy: 0.8304668304668305 precision: 0.8356807511737089 f1: 0.8376470588235295
2023-10-13 04:42:21,842 Epoch: 15 Train loss: 0.05248324597122002 Val loss: 0.8807099037445508 accuracy: 0.828009828009828 precision: 0.8356807511737089 f1: 0.8356807511737089
2023-10-13 04:43:03,176 Epoch: 16 Train loss: 0.04674239095651964 Val loss: 0.8463187679612579 accuracy: 0.8304668304668305 precision: 0.8075117370892019 f1: 0.8329297820823245
2023-10-13 04:43:45,216 Epoch: 17 Train loss: 0.040130824880679046 Val loss: 0.9592946123761626 accuracy: 0.8427518427518428 precision: 0.8826291079812206 f1: 0.8545454545454545
2023-10-13 04:44:27,247 Epoch: 18 Train loss: 0.0426291382621047 Val loss: 0.9061956161458511 accuracy: 0.828009828009828 precision: 0.863849765258216 f1: 0.8401826484018265
2023-10-13 04:45:08,583 Epoch: 19 Train loss: 0.113447448656456 Val loss: 0.6195654221452199 accuracy: 0.8132678132678133 precision: 0.8309859154929577 f1: 0.8232558139534883
2023-10-13 04:45:48,824 Epoch: 20 Train loss: 0.04728779491144415 Val loss: 0.8975695850184331 accuracy: 0.8132678132678133 precision: 0.7887323943661971 f1: 0.8155339805825242
2023-10-13 04:46:31,513 Epoch: 21 Train loss: 0.040613137078003535 Val loss: 0.9038413352547929 accuracy: 0.8034398034398035 precision: 0.7793427230046949 f1: 0.8058252427184466
2023-10-13 04:47:12,846 Epoch: 22 Train loss: 0.032402520775755034 Val loss: 0.9523657716524142 accuracy: 0.8353808353808354 precision: 0.8403755868544601 f1: 0.8423529411764705
2023-10-13 04:47:53,133 Epoch: 23 Train loss: 0.033174232357851 Val loss: 1.2018904485135304 accuracy: 0.8329238329238329 precision: 0.8450704225352113 f1: 0.8411214953271028
2023-10-13 04:48:35,654 Epoch: 24 Train loss: 0.033777672972385465 Val loss: 0.9709526965251336 accuracy: 0.8230958230958231 precision: 0.8309859154929577 f1: 0.8309859154929577
2023-10-13 04:49:18,322 Epoch: 25 Train loss: 0.0356660385908018 Val loss: 0.9294882978832063 accuracy: 0.8329238329238329 precision: 0.8403755868544601 f1: 0.8403755868544601
2023-10-13 04:49:59,488 Epoch: 26 Train loss: 0.02844194114675024 Val loss: 1.0616894954672227 accuracy: 0.8034398034398035 precision: 0.7746478873239436 f1: 0.8048780487804879
2023-10-13 04:50:40,824 Epoch: 27 Train loss: 0.032257330284754096 Val loss: 0.9693173697361579 accuracy: 0.8230958230958231 precision: 0.812206572769953 f1: 0.8277511961722489
2023-10-13 04:51:25,312 Epoch: 28 Train loss: 0.025742552402602193 Val loss: 1.3896505339787557 accuracy: 0.8255528255528255 precision: 0.8262910798122066 f1: 0.8321513002364067
2023-10-13 04:52:09,594 Epoch: 29 Train loss: 0.025512071525893177 Val loss: 1.4621194609655783 accuracy: 0.8132678132678133 precision: 0.7746478873239436 f1: 0.812807881773399
2023-10-13 04:52:53,744 Epoch: 30 Train loss: 0.02635325317647121 Val loss: 1.216817248471041 accuracy: 0.8058968058968059 precision: 0.7511737089201878 f1: 0.8020050125313283
2023-10-13 04:53:36,811 Epoch: 31 Train loss: 0.025316687068969293 Val loss: 1.90092781615945 accuracy: 0.8157248157248157 precision: 0.7887323943661971 f1: 0.8175182481751825
2023-10-13 04:54:19,879 Epoch: 32 Train loss: 0.026431389918263236 Val loss: 1.8450818984196162 accuracy: 0.8181818181818182 precision: 0.7981220657276995 f1: 0.821256038647343
2023-10-13 04:55:02,874 Epoch: 33 Train loss: 0.024733248303904224 Val loss: 1.7615880945769067 accuracy: 0.8058968058968059 precision: 0.755868544600939 f1: 0.802992518703242
2023-10-13 04:55:47,525 Epoch: 34 Train loss: 0.02629883533022532 Val loss: 1.3763085818634584 accuracy: 0.8353808353808354 precision: 0.8262910798122066 f1: 0.8400954653937948
2023-10-13 04:56:30,926 Epoch: 35 Train loss: 0.08300200073457138 Val loss: 0.6486246729126344 accuracy: 0.8157248157248157 precision: 0.784037558685446 f1: 0.8166259168704157
2023-10-13 04:57:14,740 Epoch: 36 Train loss: 0.06611760463976465 Val loss: 0.8891247877349647 accuracy: 0.800982800982801 precision: 0.7605633802816901 f1: 0.8
2023-10-13 04:57:57,933 Epoch: 37 Train loss: 0.024180221736719878 Val loss: 1.070073741559799 accuracy: 0.7960687960687961 precision: 0.7276995305164319 f1: 0.7888040712468193
2023-10-13 04:58:41,690 Epoch: 38 Train loss: 0.023734853120913613 Val loss: 1.1889141282209983 accuracy: 0.7886977886977887 precision: 0.704225352112676 f1: 0.7772020725388601
2023-10-13 04:59:24,992 Epoch: 39 Train loss: 0.024785307078477047 Val loss: 1.4886353384130275 accuracy: 0.8132678132678133 precision: 0.7887323943661971 f1: 0.8155339805825242
2023-10-13 05:00:07,062 Epoch: 40 Train loss: 0.026637975149242266 Val loss: 1.4875613061281352 accuracy: 0.8255528255528255 precision: 0.8075117370892019 f1: 0.8289156626506023
2023-10-13 05:00:51,133 Epoch: 41 Train loss: 0.022036399634124987 Val loss: 1.0791528451328094 accuracy: 0.8132678132678133 precision: 0.784037558685446 f1: 0.8146341463414634
2023-10-13 05:01:35,200 Epoch: 42 Train loss: 0.021168226537816272 Val loss: 1.5575398057699203 accuracy: 0.8132678132678133 precision: 0.7652582159624414 f1: 0.8109452736318408
2023-10-13 05:02:18,294 Epoch: 43 Train loss: 0.020489045515776027 Val loss: 1.8172131492465269 accuracy: 0.8230958230958231 precision: 0.7981220657276995 f1: 0.8252427184466019
2023-10-13 05:03:01,125 Epoch: 44 Train loss: 0.022955428883657685 Val loss: 1.1636752993262445 accuracy: 0.800982800982801 precision: 0.7417840375586855 f1: 0.795969773299748
2023-10-13 05:03:43,903 Epoch: 45 Train loss: 0.02315663278358104 Val loss: 1.114230141043663 accuracy: 0.7960687960687961 precision: 0.7464788732394366 f1: 0.7930174563591024
2023-10-13 05:04:26,033 Epoch: 46 Train loss: 0.019822499793257984 Val loss: 1.2193068050936255 accuracy: 0.7985257985257985 precision: 0.7464788732394366 f1: 0.795
2023-10-13 05:05:09,102 Epoch: 47 Train loss: 0.020695831188616055 Val loss: 1.3558681636591596 accuracy: 0.7813267813267813 precision: 0.7136150234741784 f1: 0.7735368956743003
2023-10-13 05:05:54,181 Epoch: 48 Train loss: 0.02000908929669683 Val loss: 1.734328234536336 accuracy: 0.8181818181818182 precision: 0.8028169014084507 f1: 0.8221153846153847
2023-10-13 05:06:37,471 Epoch: 49 Train loss: 0.020111479997164377 Val loss: 1.7478386645209936 accuracy: 0.8206388206388207 precision: 0.7981220657276995 f1: 0.8232445520581112
2023-10-13 05:07:20,406 Epoch: 50 Train loss: 0.018384855583965597 Val loss: 1.4637954031618743 accuracy: 0.7911547911547911 precision: 0.7276995305164319 f1: 0.7848101265822784
2023-10-13 05:08:04,215 Epoch: 51 Train loss: 0.02089031989688759 Val loss: 1.7792976040106554 accuracy: 0.8181818181818182 precision: 0.7887323943661971 f1: 0.8195121951219512
2023-10-13 05:08:48,781 Epoch: 52 Train loss: 0.01861001416735092 Val loss: 1.6455951384626901 accuracy: 0.828009828009828 precision: 0.8169014084507042 f1: 0.832535885167464
2023-10-13 05:09:32,711 Epoch: 53 Train loss: 0.020457626887039126 Val loss: 1.3304284065245435 accuracy: 0.8255528255528255 precision: 0.8215962441314554 f1: 0.8313539192399049
2023-10-13 05:10:15,819 Epoch: 54 Train loss: 0.018141055329474333 Val loss: 1.3238487739402514 accuracy: 0.7936117936117936 precision: 0.7417840375586855 f1: 0.79
2023-10-13 05:10:57,866 Epoch: 55 Train loss: 0.017658529880283342 Val loss: 2.1641264912602938 accuracy: 0.8181818181818182 precision: 0.7934272300469484 f1: 0.8203883495145631
2023-10-13 05:11:38,560 Epoch: 56 Train loss: 0.01920334097345809 Val loss: 1.5248912933927317 accuracy: 0.8304668304668305 precision: 0.8169014084507042 f1: 0.8345323741007195
2023-10-13 05:12:20,657 Epoch: 57 Train loss: 0.018430781863375444 Val loss: 1.2452176123714218 accuracy: 0.800982800982801 precision: 0.7511737089201878 f1: 0.798004987531172
2023-10-13 05:13:01,335 Epoch: 58 Train loss: 0.018699794902057178 Val loss: 1.5406085856608955 accuracy: 0.8304668304668305 precision: 0.8215962441314554 f1: 0.8353221957040573
2023-10-13 05:13:41,714 Epoch: 59 Train loss: 0.01890721915737338 Val loss: 1.306088979190323 accuracy: 0.8132678132678133 precision: 0.7699530516431925 f1: 0.8118811881188118
2023-10-13 05:14:23,919 Epoch: 60 Train loss: 0.018361882755232494 Val loss: 1.1636034406793232 accuracy: 0.8304668304668305 precision: 0.8169014084507042 f1: 0.8345323741007195
2023-10-13 05:15:04,577 Epoch: 61 Train loss: 0.01798189414514091 Val loss: 1.3656131176707835 accuracy: 0.8083538083538083 precision: 0.7605633802816901 f1: 0.8059701492537313
2023-10-13 05:15:45,351 Epoch: 62 Train loss: 0.018274693349286174 Val loss: 1.2463766274114068 accuracy: 0.8181818181818182 precision: 0.784037558685446 f1: 0.8186274509803921
2023-10-13 05:16:28,218 Epoch: 63 Train loss: 0.015570946595985066 Val loss: 1.4217220836211568 accuracy: 0.8181818181818182 precision: 0.7934272300469484 f1: 0.8203883495145631
2023-10-13 05:17:08,474 Epoch: 64 Train loss: 0.01782556866282457 Val loss: 1.509082937545967 accuracy: 0.828009828009828 precision: 0.8169014084507042 f1: 0.832535885167464
2023-10-13 05:17:48,811 Epoch: 65 Train loss: 0.01666372149119364 Val loss: 1.3417479568698372 accuracy: 0.8206388206388207 precision: 0.7934272300469484 f1: 0.8223844282238443
2023-10-13 05:18:28,328 Epoch: 66 Train loss: 0.01903811493949371 Val loss: 1.4811303853415525 accuracy: 0.8255528255528255 precision: 0.812206572769953 f1: 0.829736211031175
2023-10-13 05:19:07,763 Epoch: 67 Train loss: 0.024899356574366597 Val loss: 1.2293486755627852 accuracy: 0.769041769041769 precision: 0.6666666666666666 f1: 0.7513227513227512
2023-10-13 05:19:46,398 Epoch: 68 Train loss: 0.12511424364935259 Val loss: 0.7738371952795066 accuracy: 0.8452088452088452 precision: 0.8591549295774648 f1: 0.8531468531468532
2023-10-13 05:20:26,140 Epoch: 69 Train loss: 0.03438222802979712 Val loss: 1.0503944863493626 accuracy: 0.8108108108108109 precision: 0.7746478873239436 f1: 0.8108108108108109
2023-10-13 05:21:05,981 Epoch: 70 Train loss: 0.01950184311881101 Val loss: 1.1484208075472941 accuracy: 0.8181818181818182 precision: 0.784037558685446 f1: 0.8186274509803921
2023-10-13 05:21:44,188 Epoch: 71 Train loss: 0.02128398760895852 Val loss: 1.0009298667025108 accuracy: 0.8206388206388207 precision: 0.8075117370892019 f1: 0.8249400479616307
2023-10-13 05:22:22,877 Epoch: 72 Train loss: 0.030012471353485108 Val loss: 1.0768103943555616 accuracy: 0.8083538083538083 precision: 0.8028169014084507 f1: 0.8142857142857144
2023-10-13 05:23:02,121 Epoch: 73 Train loss: 0.022407265322958576 Val loss: 1.044079399569175 accuracy: 0.800982800982801 precision: 0.755868544600939 f1: 0.7990074441687345
2023-10-13 05:23:41,893 Epoch: 74 Train loss: 0.02790803868397323 Val loss: 1.1196613622686038 accuracy: 0.8206388206388207 precision: 0.8262910798122066 f1: 0.828235294117647
2023-10-13 05:24:21,721 Epoch: 75 Train loss: 0.019621463343373405 Val loss: 1.1600888766994244 accuracy: 0.8427518427518428 precision: 0.8356807511737089 f1: 0.8476190476190477
2023-10-13 05:25:00,177 Epoch: 76 Train loss: 0.016463375096802835 Val loss: 1.108734321193109 accuracy: 0.8402948402948403 precision: 0.8356807511737089 f1: 0.8456057007125891
2023-10-13 05:25:39,896 Epoch: 77 Train loss: 0.016658288374642057 Val loss: 1.147881118065785 accuracy: 0.8206388206388207 precision: 0.7934272300469484 f1: 0.8223844282238443
2023-10-13 05:26:19,456 Epoch: 78 Train loss: 0.016002619315553173 Val loss: 1.1968296391423792 accuracy: 0.8255528255528255 precision: 0.8028169014084507 f1: 0.828087167070218
2023-10-13 05:26:58,929 Epoch: 79 Train loss: 0.017525717667405273 Val loss: 1.127094773718944 accuracy: 0.8157248157248157 precision: 0.784037558685446 f1: 0.8166259168704157
2023-10-13 05:27:38,183 Epoch: 80 Train loss: 0.01607637791775072 Val loss: 1.1982405067034192 accuracy: 0.8427518427518428 precision: 0.8450704225352113 f1: 0.8490566037735848
2023-10-13 05:28:17,092 Epoch: 81 Train loss: 0.01676780081575713 Val loss: 1.1427139999616953 accuracy: 0.8083538083538083 precision: 0.7652582159624414 f1: 0.8069306930693069
2023-10-13 05:28:55,075 Epoch: 82 Train loss: 0.0171677705414225 Val loss: 1.1993789745208163 accuracy: 0.8304668304668305 precision: 0.812206572769953 f1: 0.8337349397590362
2023-10-13 05:29:33,798 Epoch: 83 Train loss: 0.016618986555546573 Val loss: 1.202068023598538 accuracy: 0.800982800982801 precision: 0.755868544600939 f1: 0.7990074441687345
2023-10-13 05:30:12,679 Epoch: 84 Train loss: 0.015474771270544129 Val loss: 1.2146280902222946 accuracy: 0.828009828009828 precision: 0.812206572769953 f1: 0.8317307692307692
2023-10-13 05:30:52,292 Epoch: 85 Train loss: 0.015614100485882042 Val loss: 1.2146471843863345 accuracy: 0.8230958230958231 precision: 0.7981220657276995 f1: 0.8252427184466019
2023-10-13 05:31:32,306 Epoch: 86 Train loss: 0.016071502297786627 Val loss: 1.2208062178240373 accuracy: 0.8132678132678133 precision: 0.784037558685446 f1: 0.8146341463414634
2023-10-13 05:32:13,614 Epoch: 87 Train loss: 0.015368376915144016 Val loss: 1.2769457580199322 accuracy: 0.8206388206388207 precision: 0.7934272300469484 f1: 0.8223844282238443
2023-10-13 05:32:53,776 Epoch: 88 Train loss: 0.015364065024012982 Val loss: 1.239706518121798 accuracy: 0.8304668304668305 precision: 0.8169014084507042 f1: 0.8345323741007195
2023-10-13 05:33:33,889 Epoch: 89 Train loss: 0.015444885701615967 Val loss: 1.3175977942480062 accuracy: 0.8108108108108109 precision: 0.7746478873239436 f1: 0.8108108108108109
2023-10-13 05:34:14,277 Epoch: 90 Train loss: 0.01631140070993948 Val loss: 1.2616777901466076 accuracy: 0.8255528255528255 precision: 0.8075117370892019 f1: 0.8289156626506023
2023-10-13 05:34:54,860 Epoch: 91 Train loss: 0.016680141414576164 Val loss: 1.2339390923197453 accuracy: 0.8034398034398035 precision: 0.7652582159624414 f1: 0.8029556650246306
2023-10-13 05:35:34,191 Epoch: 92 Train loss: 0.014825833302545695 Val loss: 1.253270956178277 accuracy: 0.8058968058968059 precision: 0.7699530516431925 f1: 0.8058968058968059
2023-10-13 05:36:15,177 Epoch: 93 Train loss: 0.01626045357413793 Val loss: 1.18993390819343 accuracy: 0.8329238329238329 precision: 0.8215962441314554 f1: 0.8373205741626794
2023-10-13 05:36:57,143 Epoch: 94 Train loss: 0.01476920683646812 Val loss: 1.2686324322567089 accuracy: 0.8058968058968059 precision: 0.7699530516431925 f1: 0.8058968058968059
2023-10-13 05:37:38,246 Epoch: 95 Train loss: 0.015727327095486115 Val loss: 1.2993016761402032 accuracy: 0.8157248157248157 precision: 0.7887323943661971 f1: 0.8175182481751825
2023-10-13 05:38:18,753 Epoch: 96 Train loss: 0.015019679264255233 Val loss: 1.3621434361602252 accuracy: 0.8132678132678133 precision: 0.784037558685446 f1: 0.8146341463414634
2023-10-13 05:38:59,462 Epoch: 97 Train loss: 0.015878592067917686 Val loss: 1.2923125934142332 accuracy: 0.800982800982801 precision: 0.7605633802816901 f1: 0.8
2023-10-13 05:39:41,080 Epoch: 98 Train loss: 0.015540582825460482 Val loss: 1.3424108313539853 accuracy: 0.8034398034398035 precision: 0.7652582159624414 f1: 0.8029556650246306
2023-10-13 05:40:20,829 Epoch: 99 Train loss: 0.015039930023762032 Val loss: 1.3387422194847693 accuracy: 0.8083538083538083 precision: 0.7746478873239436 f1: 0.8088235294117647
2023-10-13 05:40:20,829 Training finished
2023-10-13 05:40:20,830 accuracy: 0.8525798525798526 precision: 0.8873239436619719 f1: 0.863013698630137 recall: 0.84
