2023-10-12 07:06:48,993 {'device': 'cuda', 'logdir': 'logs', 'checkpoints': 'checkpoints', 'data': {'name': 'RECOVERY', 'img_root': 'data/new_modified_data/RECOVERY/images', 'data_path': 'data/new_modified_data/RECOVERY/recoveryn_modified.csv', 'txt_col': 'body_text', 'img_col': 'image', 'tar_col': 'reliability', 'idx_col': 'Unnamed: 0', 'batch_size': 16, 'num_workers': 4, 'max_len': 512, 'chunk_len': 200, 'overlap_len': 50}, 'model': {'name': 'LstmVgg', 'modality': 'multi', 'vocab_size': 0, 'embedding_dim': 100, 'hidden_dim': 256, 'num_layers': 2, 'dropout': 0.2, 'common_hidden_dim': 512, 'output_dim': 1}, 'training': {'scheme': 2, 'beta': 0.7, 'margin': 0.2, 'epochs': 100, 'lr': 0.0001, 'warmup_steps': 0}}
2023-10-12 07:06:49,201 Loading tokenizer from local checkpoints checkpoints/tokenizer
2023-10-12 07:06:49,201 Length of tokenizer is 34141
2023-10-12 07:07:49,228 Epoch: 0 Train loss: 0.45656394415411605 Val loss: 0.44127779489471797 accuracy: 0.8115501519756839 precision: 0.9692307692307692 f1: 0.8904593639575972
2023-10-12 07:07:50,349 Best Model saved with accuracy 0.8115501519756839
2023-10-12 07:08:43,234 Epoch: 1 Train loss: 0.40650769727057723 Val loss: 0.42333838769367765 accuracy: 0.8206686930091185 precision: 0.9923076923076923 f1: 0.8973913043478261
2023-10-12 07:08:45,910 Best Model saved with accuracy 0.8206686930091185
2023-10-12 07:09:42,690 Epoch: 2 Train loss: 0.3459585390266884 Val loss: 0.3937661023367019 accuracy: 0.8328267477203647 precision: 0.9307692307692308 f1: 0.8979591836734695
2023-10-12 07:09:45,364 Best Model saved with accuracy 0.8328267477203647
2023-10-12 07:10:38,096 Epoch: 3 Train loss: 0.28519210309149273 Val loss: 0.4042720092194421 accuracy: 0.8541033434650456 precision: 0.9653846153846154 f1: 0.9127272727272727
2023-10-12 07:10:40,774 Best Model saved with accuracy 0.8541033434650456
2023-10-12 07:11:34,780 Epoch: 4 Train loss: 0.2180567930890135 Val loss: 0.4097357392311096 accuracy: 0.8449848024316109 precision: 0.9384615384615385 f1: 0.9053803339517625
2023-10-12 07:12:30,114 Epoch: 5 Train loss: 0.18733185577958103 Val loss: 0.4351583272218704 accuracy: 0.8297872340425532 precision: 0.9076923076923077 f1: 0.8939393939393939
2023-10-12 07:13:23,473 Epoch: 6 Train loss: 0.12804154796997108 Val loss: 0.4831858756286757 accuracy: 0.8267477203647416 precision: 0.9076923076923077 f1: 0.8922495274102079
2023-10-12 07:14:18,302 Epoch: 7 Train loss: 0.09610553174447942 Val loss: 0.6377776903765542 accuracy: 0.7811550151975684 precision: 0.8115384615384615 f1: 0.854251012145749
2023-10-12 07:15:11,885 Epoch: 8 Train loss: 0.09383241019593215 Val loss: 0.5202275812625885 accuracy: 0.8237082066869301 precision: 0.8846153846153846 f1: 0.888030888030888
2023-10-12 07:16:05,997 Epoch: 9 Train loss: 0.03788665395667664 Val loss: 0.6584689964850744 accuracy: 0.8267477203647416 precision: 0.8923076923076924 f1: 0.8905950095969289
2023-10-12 07:17:01,036 Epoch: 10 Train loss: 0.017371977408029454 Val loss: 0.7147411563034568 accuracy: 0.8358662613981763 precision: 0.9192307692307692 f1: 0.8984962406015037
2023-10-12 07:17:55,082 Epoch: 11 Train loss: 0.00972117361616475 Val loss: 0.8420127796984854 accuracy: 0.8328267477203647 precision: 0.9 f1: 0.8948374760994264
2023-10-12 07:18:48,886 Epoch: 12 Train loss: 0.006565087439817746 Val loss: 0.8938654503297239 accuracy: 0.8237082066869301 precision: 0.8923076923076924 f1: 0.888888888888889
2023-10-12 07:19:42,329 Epoch: 13 Train loss: 0.003980065982377491 Val loss: 0.9940191577853901 accuracy: 0.8297872340425532 precision: 0.9 f1: 0.8931297709923665
2023-10-12 07:20:36,823 Epoch: 14 Train loss: 0.004032925670897779 Val loss: 1.0106625202211685 accuracy: 0.8297872340425532 precision: 0.8961538461538462 f1: 0.89272030651341
2023-10-12 07:21:29,561 Epoch: 15 Train loss: 0.0016616667919414937 Val loss: 1.066906556237622 accuracy: 0.8328267477203647 precision: 0.9038461538461539 f1: 0.8952380952380953
2023-10-12 07:22:24,236 Epoch: 16 Train loss: 0.0008851468953132525 Val loss: 1.1178939058667137 accuracy: 0.8297872340425532 precision: 0.9115384615384615 f1: 0.8943396226415096
2023-10-12 07:23:18,659 Epoch: 17 Train loss: 0.001002749024819532 Val loss: 1.1159722875981104 accuracy: 0.8297872340425532 precision: 0.9115384615384615 f1: 0.8943396226415096
2023-10-12 07:24:12,819 Epoch: 18 Train loss: 0.0005097750908496519 Val loss: 1.2030030822691817 accuracy: 0.8328267477203647 precision: 0.9153846153846154 f1: 0.8964218455743879
2023-10-12 07:25:06,117 Epoch: 19 Train loss: 0.00031212357350385165 Val loss: 1.2203986286407424 accuracy: 0.8297872340425532 precision: 0.9115384615384615 f1: 0.8943396226415096
2023-10-12 07:25:58,560 Epoch: 20 Train loss: 0.0002304709036559279 Val loss: 1.3254149246606088 accuracy: 0.8267477203647416 precision: 0.9 f1: 0.8914285714285715
2023-10-12 07:26:51,912 Epoch: 21 Train loss: 0.00015162260518421586 Val loss: 1.8358123621770315 accuracy: 0.8206686930091185 precision: 0.9038461538461539 f1: 0.8884688090737239
2023-10-12 07:27:45,854 Epoch: 22 Train loss: 0.00011316535974161075 Val loss: 1.8470828831639319 accuracy: 0.8237082066869301 precision: 0.9076923076923077 f1: 0.8905660377358491
2023-10-12 07:28:39,005 Epoch: 23 Train loss: 0.00012415446332923524 Val loss: 1.8520429148560478 accuracy: 0.8237082066869301 precision: 0.9076923076923077 f1: 0.8905660377358491
2023-10-12 07:29:33,528 Epoch: 24 Train loss: 0.00010542321106651841 Val loss: 1.882454887742088 accuracy: 0.8237082066869301 precision: 0.8961538461538462 f1: 0.8893129770992366
2023-10-12 07:30:28,053 Epoch: 25 Train loss: 8.504985671798607e-05 Val loss: 1.8588219519397604 accuracy: 0.8267477203647416 precision: 0.9076923076923077 f1: 0.8922495274102079
2023-10-12 07:31:22,933 Epoch: 26 Train loss: 9.582135453387944e-05 Val loss: 1.889610279174078 accuracy: 0.8206686930091185 precision: 0.8961538461538462 f1: 0.8876190476190478
2023-10-12 07:32:17,084 Epoch: 27 Train loss: 0.00011502213582312527 Val loss: 1.9158402213028498 accuracy: 0.8267477203647416 precision: 0.9 f1: 0.8914285714285715
2023-10-12 07:33:10,142 Epoch: 28 Train loss: 6.611651907865985e-05 Val loss: 2.2004376983358744 accuracy: 0.8297872340425532 precision: 0.9115384615384615 f1: 0.8943396226415096
2023-10-12 07:34:04,612 Epoch: 29 Train loss: 6.466447071643579e-05 Val loss: 1.92221156369418 accuracy: 0.8237082066869301 precision: 0.9076923076923077 f1: 0.8905660377358491
2023-10-12 07:34:57,500 Epoch: 30 Train loss: 0.00011582039710871748 Val loss: 1.8958084141569478 accuracy: 0.8297872340425532 precision: 0.9038461538461539 f1: 0.8935361216730039
2023-10-12 07:35:50,791 Epoch: 31 Train loss: 7.147906718733816e-05 Val loss: 1.9339794679766609 accuracy: 0.8297872340425532 precision: 0.9076923076923077 f1: 0.8939393939393939
2023-10-12 07:36:43,703 Epoch: 32 Train loss: 5.912760162417101e-05 Val loss: 1.9464653141330928 accuracy: 0.8206686930091185 precision: 0.9 f1: 0.888045540796964
2023-10-12 07:37:37,304 Epoch: 33 Train loss: 4.255092841071106e-05 Val loss: 2.001268464539732 accuracy: 0.8237082066869301 precision: 0.9038461538461539 f1: 0.8901515151515152
2023-10-12 07:38:30,804 Epoch: 34 Train loss: 3.0011763372218652e-05 Val loss: 1.9967085248347194 accuracy: 0.817629179331307 precision: 0.9 f1: 0.8863636363636365
2023-10-12 07:39:24,586 Epoch: 35 Train loss: 3.042565968957732e-05 Val loss: 2.000719796777481 accuracy: 0.8328267477203647 precision: 0.9076923076923077 f1: 0.8956356736242884
2023-10-12 07:40:18,112 Epoch: 36 Train loss: 3.117300549484501e-05 Val loss: 2.7950146628981676 accuracy: 0.8237082066869301 precision: 0.9038461538461539 f1: 0.8901515151515152
2023-10-12 07:41:11,731 Epoch: 37 Train loss: 3.748518411677914e-05 Val loss: 2.5517572691754875 accuracy: 0.8237082066869301 precision: 0.8961538461538462 f1: 0.8893129770992366
2023-10-12 07:42:05,855 Epoch: 38 Train loss: 2.6508007191575366e-05 Val loss: 2.8502183845710185 accuracy: 0.8206686930091185 precision: 0.8961538461538462 f1: 0.8876190476190478
2023-10-12 07:43:02,242 Epoch: 39 Train loss: 2.1573028560562516e-05 Val loss: 3.109666707260268 accuracy: 0.8237082066869301 precision: 0.9 f1: 0.8897338403041826
2023-10-12 07:43:55,118 Epoch: 40 Train loss: 4.799095775379772e-05 Val loss: 3.3964894662300744 accuracy: 0.8267477203647416 precision: 0.9038461538461539 f1: 0.8918406072106262
2023-10-12 07:44:48,063 Epoch: 41 Train loss: 2.2820524058715133e-05 Val loss: 3.6153770458463224 accuracy: 0.8237082066869301 precision: 0.9 f1: 0.8897338403041826
2023-10-12 07:45:42,125 Epoch: 42 Train loss: 1.889510256420415e-05 Val loss: 3.5917955260901224 accuracy: 0.8237082066869301 precision: 0.9 f1: 0.8897338403041826
2023-10-12 07:46:36,727 Epoch: 43 Train loss: 1.5741233167877415e-05 Val loss: 3.8996101126625797 accuracy: 0.8206686930091185 precision: 0.8961538461538462 f1: 0.8876190476190478
2023-10-12 07:47:30,373 Epoch: 44 Train loss: 1.8171744717779302e-05 Val loss: 4.411326295197276 accuracy: 0.8237082066869301 precision: 0.9 f1: 0.8897338403041826
2023-10-12 07:48:24,784 Epoch: 45 Train loss: 1.3213205896362748e-05 Val loss: 4.36876271673966 accuracy: 0.8237082066869301 precision: 0.9 f1: 0.8897338403041826
2023-10-12 07:49:17,108 Epoch: 46 Train loss: 1.3130831084598482e-05 Val loss: 4.015544029928389 accuracy: 0.8237082066869301 precision: 0.9 f1: 0.8897338403041826
2023-10-12 07:50:11,500 Epoch: 47 Train loss: 1.0518182973816342e-05 Val loss: 4.1971908782032274 accuracy: 0.8237082066869301 precision: 0.9 f1: 0.8897338403041826
2023-10-12 07:51:05,794 Epoch: 48 Train loss: 9.596855064440874e-06 Val loss: 4.393837180166018 accuracy: 0.8237082066869301 precision: 0.9 f1: 0.8897338403041826
2023-10-12 07:51:59,764 Epoch: 49 Train loss: 1.1138324657930621e-05 Val loss: 3.9120945133551195 accuracy: 0.8206686930091185 precision: 0.8961538461538462 f1: 0.8876190476190478
2023-10-12 07:52:52,821 Epoch: 50 Train loss: 1.0689407308821347e-05 Val loss: 4.398163006064438 accuracy: 0.8237082066869301 precision: 0.9 f1: 0.8897338403041826
2023-10-12 07:53:46,951 Epoch: 51 Train loss: 2.6628342288824888e-05 Val loss: 3.669012634560377 accuracy: 0.8237082066869301 precision: 0.9 f1: 0.8897338403041826
2023-10-12 07:54:39,905 Epoch: 52 Train loss: 9.21925626513368e-06 Val loss: 3.883947791797774 accuracy: 0.8237082066869301 precision: 0.9 f1: 0.8897338403041826
2023-10-12 07:55:35,586 Epoch: 53 Train loss: 9.254148050658787e-06 Val loss: 3.9717547100624957 accuracy: 0.8267477203647416 precision: 0.9 f1: 0.8914285714285715
2023-10-12 07:56:30,446 Epoch: 54 Train loss: 7.776874354003023e-06 Val loss: 4.228290292833533 accuracy: 0.8237082066869301 precision: 0.9 f1: 0.8897338403041826
2023-10-12 07:57:23,865 Epoch: 55 Train loss: 7.263024381931203e-06 Val loss: 4.16618415846313 accuracy: 0.8237082066869301 precision: 0.9 f1: 0.8897338403041826
2023-10-12 07:58:17,333 Epoch: 56 Train loss: 4.935303983384403e-06 Val loss: 4.204936458862254 accuracy: 0.8237082066869301 precision: 0.9 f1: 0.8897338403041826
2023-10-12 07:59:09,722 Epoch: 57 Train loss: 8.960173307467732e-06 Val loss: 4.43927170989281 accuracy: 0.8206686930091185 precision: 0.9 f1: 0.888045540796964
2023-10-12 08:00:03,956 Epoch: 58 Train loss: 6.400574219346215e-06 Val loss: 4.448364780206854 accuracy: 0.817629179331307 precision: 0.9 f1: 0.8863636363636365
2023-10-12 08:00:58,424 Epoch: 59 Train loss: 5.132692631386711e-06 Val loss: 4.58226065513944 accuracy: 0.8206686930091185 precision: 0.9 f1: 0.888045540796964
2023-10-12 08:01:53,125 Epoch: 60 Train loss: 3.6817618722758e-06 Val loss: 4.492609189252789 accuracy: 0.8206686930091185 precision: 0.9 f1: 0.888045540796964
2023-10-12 08:02:47,674 Epoch: 61 Train loss: 4.364100625957039e-06 Val loss: 4.7312766576561405 accuracy: 0.8206686930091185 precision: 0.9 f1: 0.888045540796964
2023-10-12 08:03:41,814 Epoch: 62 Train loss: 3.976471901550546e-06 Val loss: 4.5662551066385015 accuracy: 0.8206686930091185 precision: 0.9 f1: 0.888045540796964
2023-10-12 08:04:34,533 Epoch: 63 Train loss: 3.877845066722946e-06 Val loss: 4.525802724495796 accuracy: 0.817629179331307 precision: 0.9 f1: 0.8863636363636365
2023-10-12 08:05:28,881 Epoch: 64 Train loss: 4.153899280128322e-06 Val loss: 4.6324997801427905 accuracy: 0.8206686930091185 precision: 0.9 f1: 0.888045540796964
2023-10-12 08:06:22,913 Epoch: 65 Train loss: 3.5627815204050773e-06 Val loss: 4.566604770365215 accuracy: 0.8206686930091185 precision: 0.8961538461538462 f1: 0.8876190476190478
2023-10-12 08:07:16,395 Epoch: 66 Train loss: 3.1440567275661902e-06 Val loss: 5.015531124103637 accuracy: 0.8206686930091185 precision: 0.9 f1: 0.888045540796964
2023-10-12 08:08:09,793 Epoch: 67 Train loss: 5.458816570517715e-06 Val loss: 4.551470011472702 accuracy: 0.817629179331307 precision: 0.8961538461538462 f1: 0.8859315589353612
2023-10-12 08:09:04,570 Epoch: 68 Train loss: 3.345077137367716e-06 Val loss: 4.778869535818268 accuracy: 0.8206686930091185 precision: 0.9 f1: 0.888045540796964
2023-10-12 08:09:58,358 Epoch: 69 Train loss: 2.8394150012015316e-06 Val loss: 4.793647212999643 accuracy: 0.8206686930091185 precision: 0.9 f1: 0.888045540796964
2023-10-12 08:10:51,977 Epoch: 70 Train loss: 3.6302484839721353e-06 Val loss: 5.062380945132602 accuracy: 0.817629179331307 precision: 0.8961538461538462 f1: 0.8859315589353612
2023-10-12 08:11:46,623 Epoch: 71 Train loss: 2.486464015138566e-06 Val loss: 5.080509826030937 accuracy: 0.8206686930091185 precision: 0.9 f1: 0.888045540796964
2023-10-12 08:12:41,995 Epoch: 72 Train loss: 2.3137462362322175e-06 Val loss: 4.878651902944382 accuracy: 0.817629179331307 precision: 0.9 f1: 0.8863636363636365
2023-10-12 08:13:36,856 Epoch: 73 Train loss: 2.8693904079125468e-06 Val loss: 5.122572091008935 accuracy: 0.8206686930091185 precision: 0.9 f1: 0.888045540796964
2023-10-12 08:14:30,309 Epoch: 74 Train loss: 3.069889034064026e-06 Val loss: 5.125908283960252 accuracy: 0.8206686930091185 precision: 0.9 f1: 0.888045540796964
2023-10-12 08:15:23,954 Epoch: 75 Train loss: 1.053201130793195e-05 Val loss: 4.294656134476619 accuracy: 0.8237082066869301 precision: 0.8961538461538462 f1: 0.8893129770992366
2023-10-12 08:16:18,550 Epoch: 76 Train loss: 4.8779929966289475e-06 Val loss: 4.822373388778596 accuracy: 0.8237082066869301 precision: 0.9 f1: 0.8897338403041826
2023-10-12 08:17:12,930 Epoch: 77 Train loss: 2.614499061221913e-06 Val loss: 5.080131308907377 accuracy: 0.8206686930091185 precision: 0.9 f1: 0.888045540796964
2023-10-12 08:18:06,655 Epoch: 78 Train loss: 7.2021215020778045e-06 Val loss: 4.790925276388104 accuracy: 0.8237082066869301 precision: 0.9076923076923077 f1: 0.8905660377358491
2023-10-12 08:18:59,720 Epoch: 79 Train loss: 4.32204966332002e-06 Val loss: 5.2549268602881405 accuracy: 0.8145896656534954 precision: 0.9 f1: 0.8846880907372401
2023-10-12 08:19:52,738 Epoch: 80 Train loss: 2.4031420805729277e-06 Val loss: 5.023080661921605 accuracy: 0.817629179331307 precision: 0.9 f1: 0.8863636363636365
2023-10-12 08:20:47,317 Epoch: 81 Train loss: 5.196603769799941e-06 Val loss: 4.9009110814177275 accuracy: 0.817629179331307 precision: 0.9 f1: 0.8863636363636365
2023-10-12 08:21:42,012 Epoch: 82 Train loss: 1.6347628203845259e-06 Val loss: 5.0918643314923555 accuracy: 0.8206686930091185 precision: 0.9 f1: 0.888045540796964
2023-10-12 08:22:37,010 Epoch: 83 Train loss: 1.6953681155820677e-06 Val loss: 5.112013131380081 accuracy: 0.817629179331307 precision: 0.9 f1: 0.8863636363636365
2023-10-12 08:23:31,144 Epoch: 84 Train loss: 1.5853299027189966e-06 Val loss: 5.3814733276764555 accuracy: 0.8206686930091185 precision: 0.9 f1: 0.888045540796964
2023-10-12 08:24:23,743 Epoch: 85 Train loss: 1.3299186047575688e-06 Val loss: 5.098155384971982 accuracy: 0.8206686930091185 precision: 0.9 f1: 0.888045540796964
2023-10-12 08:25:19,412 Epoch: 86 Train loss: 1.3148366230110803e-06 Val loss: 5.102269025766397 accuracy: 0.8206686930091185 precision: 0.9 f1: 0.888045540796964
2023-10-12 08:26:13,293 Epoch: 87 Train loss: 9.071873634515563e-07 Val loss: 5.375839068776085 accuracy: 0.8206686930091185 precision: 0.9 f1: 0.888045540796964
2023-10-12 08:27:06,912 Epoch: 88 Train loss: 7.749394228184004e-07 Val loss: 5.144626239225978 accuracy: 0.817629179331307 precision: 0.9 f1: 0.8863636363636365
2023-10-12 08:28:00,191 Epoch: 89 Train loss: 1.4349917711106417e-06 Val loss: 5.182541011943526 accuracy: 0.8206686930091185 precision: 0.9 f1: 0.888045540796964
2023-10-12 08:28:54,734 Epoch: 90 Train loss: 7.239500924521658e-07 Val loss: 5.180383560203371 accuracy: 0.8206686930091185 precision: 0.9 f1: 0.888045540796964
2023-10-12 08:29:47,711 Epoch: 91 Train loss: 7.764098015890214e-07 Val loss: 5.153838599721591 accuracy: 0.8145896656534954 precision: 0.9 f1: 0.8846880907372401
2023-10-12 08:30:41,370 Epoch: 92 Train loss: 8.677639798261123e-07 Val loss: 5.153862935446558 accuracy: 0.8145896656534954 precision: 0.9 f1: 0.8846880907372401
2023-10-12 08:31:36,572 Epoch: 93 Train loss: 5.920660132337637e-07 Val loss: 5.215894728899002 accuracy: 0.817629179331307 precision: 0.9 f1: 0.8863636363636365
2023-10-12 08:32:29,892 Epoch: 94 Train loss: 4.825286516510117e-07 Val loss: 5.1562748514961205 accuracy: 0.817629179331307 precision: 0.9 f1: 0.8863636363636365
2023-10-12 08:33:24,792 Epoch: 95 Train loss: 1.0168997977171944e-06 Val loss: 5.233760051074482 accuracy: 0.817629179331307 precision: 0.8961538461538462 f1: 0.8859315589353612
2023-10-12 08:34:18,014 Epoch: 96 Train loss: 7.107242903787294e-07 Val loss: 5.288122902169735 accuracy: 0.8206686930091185 precision: 0.9 f1: 0.888045540796964
2023-10-12 08:35:12,519 Epoch: 97 Train loss: 5.100259313221008e-07 Val loss: 5.436180516212646 accuracy: 0.817629179331307 precision: 0.9 f1: 0.8863636363636365
2023-10-12 08:36:06,215 Epoch: 98 Train loss: 4.898430611012879e-07 Val loss: 5.436449485165732 accuracy: 0.817629179331307 precision: 0.9 f1: 0.8863636363636365
2023-10-12 08:36:59,418 Epoch: 99 Train loss: 4.379066924352335e-07 Val loss: 5.278850493362933 accuracy: 0.8145896656534954 precision: 0.9 f1: 0.8846880907372401
2023-10-12 08:36:59,418 Training finished
2023-10-12 08:36:59,419 accuracy: 0.8541033434650456 precision: 0.9653846153846154 f1: 0.9127272727272727 recall: 0.8655172413793103
