2023-10-13 06:10:22,910 {'device': 'cuda', 'logdir': 'logs', 'checkpoints': 'checkpoints', 'data': {'name': 'D1', 'img_root': 'data/new_modified_data/D1/images', 'data_path': 'data/new_modified_data/D1/df1_modified.csv', 'txt_col': 'Text', 'img_col': 'local_url', 'tar_col': 'Binary', 'idx_col': 'Unnamed: 0', 'batch_size': 16, 'num_workers': 4, 'max_len': 512, 'chunk_len': 200, 'overlap_len': 50}, 'model': {'name': 'Bert', 'modality': 'text', 'vocab_size': 0, 'dropout': 0.2, 'common_hidden_dim': 512, 'output_dim': 1}, 'training': {'scheme': 2, 'beta': 0.7, 'margin': 0.2, 'epochs': 100, 'lr': 0.0001, 'warmup_steps': 0}}
2023-10-13 06:10:23,109 Loading tokenizer from local checkpoints checkpoints/tokenizer
2023-10-13 06:10:23,109 Length of tokenizer is 34141
2023-10-13 06:20:10,239 Epoch: 0 Train loss: 0.693619078280879 Val loss: 0.6912705714886005 accuracy: 0.4963144963144963 precision: 0.0 f1: 0.0
2023-10-13 06:20:11,055 Best Model saved with accuracy 0.4963144963144963
2023-10-13 06:29:31,131 Epoch: 1 Train loss: 0.6880920476773206 Val loss: 0.6968886806414678 accuracy: 0.5036855036855037 precision: 1.0 f1: 0.6699346405228758
2023-10-13 06:29:33,331 Best Model saved with accuracy 0.5036855036855037
2023-10-13 06:39:05,432 Epoch: 2 Train loss: 0.6900265859622582 Val loss: 0.6869034835925469 accuracy: 0.5577395577395577 precision: 0.7073170731707317 f1: 0.6170212765957447
2023-10-13 06:39:07,621 Best Model saved with accuracy 0.5577395577395577
2023-10-13 06:48:45,082 Epoch: 3 Train loss: 0.6864407202776741 Val loss: 0.6854226428728837 accuracy: 0.5454545454545454 precision: 0.6536585365853659 f1: 0.5916114790286976
2023-10-13 06:58:22,499 Epoch: 4 Train loss: 0.6870237623944002 Val loss: 0.6902408462304336 accuracy: 0.4963144963144963 precision: 0.0 f1: 0.0
2023-10-13 07:07:54,324 Epoch: 5 Train loss: 0.684150392518324 Val loss: 0.6856464858238513 accuracy: 0.5921375921375921 precision: 0.6487804878048781 f1: 0.6157407407407407
2023-10-13 07:07:56,503 Best Model saved with accuracy 0.5921375921375921
2023-10-13 07:17:46,906 Epoch: 6 Train loss: 0.6820461054642996 Val loss: 0.6838077215047983 accuracy: 0.5773955773955773 precision: 0.6487804878048781 f1: 0.6073059360730595
2023-10-13 07:27:23,834 Epoch: 7 Train loss: 0.6797481337014366 Val loss: 0.6939559487196115 accuracy: 0.5601965601965602 precision: 0.9707317073170731 f1: 0.6897746967071058
2023-10-13 07:36:59,825 Epoch: 8 Train loss: 0.6811769096290364 Val loss: 0.6809663474559784 accuracy: 0.5528255528255528 precision: 0.6780487804878049 f1: 0.6043478260869565
2023-10-13 07:46:29,382 Epoch: 9 Train loss: 0.6814070764709922 Val loss: 0.6809155986859248 accuracy: 0.5577395577395577 precision: 0.6829268292682927 f1: 0.6086956521739131
2023-10-13 07:56:01,270 Epoch: 10 Train loss: 0.6800968746344248 Val loss: 0.6818905770778656 accuracy: 0.5773955773955773 precision: 0.7414634146341463 f1: 0.6386554621848739
2023-10-13 08:05:49,661 Epoch: 11 Train loss: 0.6796475011928409 Val loss: 0.6778409160100497 accuracy: 0.542997542997543 precision: 0.6487804878048781 f1: 0.588495575221239
2023-10-13 08:15:09,269 Epoch: 12 Train loss: 0.6756356042974135 Val loss: 0.6831842890152564 accuracy: 0.597051597051597 precision: 0.8048780487804879 f1: 0.6680161943319839
2023-10-13 08:15:11,443 Best Model saved with accuracy 0.597051597051597
2023-10-13 08:24:32,738 Epoch: 13 Train loss: 0.6807359585575029 Val loss: 0.6751601168742547 accuracy: 0.5454545454545454 precision: 0.6487804878048781 f1: 0.5898004434589801
2023-10-13 08:33:39,134 Epoch: 14 Train loss: 0.6787963655649447 Val loss: 0.6773414428417499 accuracy: 0.5528255528255528 precision: 0.6487804878048781 f1: 0.59375
2023-10-13 08:43:05,755 Epoch: 15 Train loss: 0.6808585980359245 Val loss: 0.6748556655186874 accuracy: 0.5552825552825553 precision: 0.6487804878048781 f1: 0.5950782997762863
2023-10-13 08:52:33,927 Epoch: 16 Train loss: 0.6751246259492987 Val loss: 0.6752876455967243 accuracy: 0.5675675675675675 precision: 0.697560975609756 f1: 0.6190476190476191
2023-10-13 09:02:06,592 Epoch: 17 Train loss: 0.6816715317613938 Val loss: 0.6755955815315247 accuracy: 0.5749385749385749 precision: 0.6487804878048781 f1: 0.6059225512528474
2023-10-13 09:11:46,689 Epoch: 18 Train loss: 0.6772615868671268 Val loss: 0.6733386860443995 accuracy: 0.5552825552825553 precision: 0.6487804878048781 f1: 0.5950782997762863
2023-10-13 09:21:13,897 Epoch: 19 Train loss: 0.6752526783475689 Val loss: 0.676383749796794 accuracy: 0.601965601965602 precision: 0.8048780487804879 f1: 0.6707317073170732
2023-10-13 09:21:16,068 Best Model saved with accuracy 0.601965601965602
2023-10-13 09:30:57,746 Epoch: 20 Train loss: 0.6732665726951524 Val loss: 0.6709530215996963 accuracy: 0.5601965601965602 precision: 0.6780487804878049 f1: 0.6083150984682715
2023-10-13 09:40:08,048 Epoch: 21 Train loss: 0.6693305980925467 Val loss: 0.6770008022968586 accuracy: 0.4963144963144963 precision: 0.0 f1: 0.0
2023-10-13 09:49:40,487 Epoch: 22 Train loss: 0.6778641489206576 Val loss: 0.6729958997322962 accuracy: 0.601965601965602 precision: 0.6439024390243903 f1: 0.619718309859155
2023-10-13 09:59:17,459 Epoch: 23 Train loss: 0.6734772476495481 Val loss: 0.6766260518477514 accuracy: 0.6191646191646192 precision: 0.8536585365853658 f1: 0.6930693069306931
2023-10-13 09:59:19,631 Best Model saved with accuracy 0.6191646191646192
2023-10-13 10:08:51,257 Epoch: 24 Train loss: 0.6673286066335791 Val loss: 0.6710336987788861 accuracy: 0.5896805896805897 precision: 0.7560975609756098 f1: 0.649895178197065
2023-10-13 10:18:37,930 Epoch: 25 Train loss: 0.6693392945270912 Val loss: 0.6761485567459693 accuracy: 0.6412776412776413 precision: 0.9219512195121952 f1: 0.7213740458015268
2023-10-13 10:18:40,106 Best Model saved with accuracy 0.6412776412776413
2023-10-13 10:27:58,737 Epoch: 26 Train loss: 0.6718139286134758 Val loss: 0.6850929374878223 accuracy: 0.4963144963144963 precision: 0.0 f1: 0.0
2023-10-13 10:37:15,744 Epoch: 27 Train loss: 0.6733874684455348 Val loss: 0.6660152696646177 accuracy: 0.5724815724815725 precision: 0.6780487804878049 f1: 0.6150442477876106
2023-10-13 10:46:53,572 Epoch: 28 Train loss: 0.6685208263350468 Val loss: 0.6666917319481189 accuracy: 0.5724815724815725 precision: 0.6829268292682927 f1: 0.6167400881057269
2023-10-13 10:56:21,776 Epoch: 29 Train loss: 0.6677422430001053 Val loss: 0.6678194220249469 accuracy: 0.6265356265356266 precision: 0.8292682926829268 f1: 0.6910569105691057
2023-10-13 11:05:34,480 Epoch: 30 Train loss: 0.6752409409074223 Val loss: 0.6640498019181765 accuracy: 0.5823095823095823 precision: 0.7317073170731707 f1: 0.6382978723404255
2023-10-13 11:15:20,588 Epoch: 31 Train loss: 0.669336669585284 Val loss: 0.665384019796665 accuracy: 0.5995085995085995 precision: 0.775609756097561 f1: 0.6611226611226612
2023-10-13 11:24:43,798 Epoch: 32 Train loss: 0.6661906949445313 Val loss: 0.6648294467192429 accuracy: 0.5847665847665847 precision: 0.7073170731707317 f1: 0.6318082788671023
2023-10-13 11:34:28,909 Epoch: 33 Train loss: 0.6690348778285232 Val loss: 0.667170918904818 accuracy: 0.6486486486486487 precision: 0.3804878048780488 f1: 0.5217391304347825
2023-10-13 11:34:31,081 Best Model saved with accuracy 0.6486486486486487
2023-10-13 11:44:19,147 Epoch: 34 Train loss: 0.6678588793558233 Val loss: 0.6612130724466764 accuracy: 0.5945945945945946 precision: 0.751219512195122 f1: 0.6511627906976745
2023-10-13 11:53:56,058 Epoch: 35 Train loss: 0.6698294936441908 Val loss: 0.666267087826362 accuracy: 0.6314496314496314 precision: 0.8536585365853658 f1: 0.6999999999999998
2023-10-13 12:03:13,688 Epoch: 36 Train loss: 0.6627654515060724 Val loss: 0.6584696700939765 accuracy: 0.5896805896805897 precision: 0.7073170731707317 f1: 0.6345733041575492
2023-10-13 12:12:45,591 Epoch: 37 Train loss: 0.6610100982235927 Val loss: 0.6578527505581195 accuracy: 0.5945945945945946 precision: 0.7073170731707317 f1: 0.6373626373626374
2023-10-13 12:22:23,654 Epoch: 38 Train loss: 0.6670932956770355 Val loss: 0.6670116919737595 accuracy: 0.6486486486486487 precision: 0.9170731707317074 f1: 0.7244701348747591
2023-10-13 12:31:54,247 Epoch: 39 Train loss: 0.6651141187723946 Val loss: 0.6660072826422178 accuracy: 0.6412776412776413 precision: 0.8926829268292683 f1: 0.71484375
2023-10-13 12:41:11,449 Epoch: 40 Train loss: 0.6606775650791094 Val loss: 0.6561355063548455 accuracy: 0.6068796068796068 precision: 0.7073170731707317 f1: 0.6444444444444445
2023-10-13 12:50:32,755 Epoch: 41 Train loss: 0.6630676675076578 Val loss: 0.6599501440158257 accuracy: 0.6265356265356266 precision: 0.8390243902439024 f1: 0.6935483870967741
2023-10-13 13:00:09,232 Epoch: 42 Train loss: 0.6613012540574167 Val loss: 0.6695392406903781 accuracy: 0.4963144963144963 precision: 0.0 f1: 0.0
2023-10-13 13:09:39,479 Epoch: 43 Train loss: 0.6659224810553532 Val loss: 0.6495821682306436 accuracy: 0.6142506142506142 precision: 0.7219512195121951 f1: 0.6534216335540839
2023-10-13 13:19:05,970 Epoch: 44 Train loss: 0.6645074270519555 Val loss: 0.650790695960705 accuracy: 0.6093366093366094 precision: 0.7609756097560976 f1: 0.6624203821656051
2023-10-13 13:28:12,833 Epoch: 45 Train loss: 0.6530877199827456 Val loss: 0.6625899214010972 accuracy: 0.6535626535626535 precision: 0.9463414634146341 f1: 0.7334593572778828
2023-10-13 13:28:15,026 Best Model saved with accuracy 0.6535626535626535
2023-10-13 13:38:11,284 Epoch: 46 Train loss: 0.658417242414811 Val loss: 0.6495765951963571 accuracy: 0.6142506142506142 precision: 0.7707317073170732 f1: 0.6680761099365751
2023-10-13 13:47:32,376 Epoch: 47 Train loss: 0.6562879494592255 Val loss: 0.6470322471398574 accuracy: 0.6167076167076168 precision: 0.7707317073170732 f1: 0.6694915254237289
2023-10-13 13:57:08,772 Epoch: 48 Train loss: 0.6625835439738106 Val loss: 0.6520240444403428 accuracy: 0.628992628992629 precision: 0.848780487804878 f1: 0.6973947895791583
2023-10-13 14:06:32,091 Epoch: 49 Train loss: 0.6606976576879913 Val loss: 0.6492814284104568 accuracy: 0.6339066339066339 precision: 0.8634146341463415 f1: 0.7037773359840954
2023-10-13 14:16:08,690 Epoch: 50 Train loss: 0.6561586219890445 Val loss: 0.6595802077880273 accuracy: 0.6437346437346437 precision: 0.9609756097560975 f1: 0.7309833024118739
2023-10-13 14:25:47,725 Epoch: 51 Train loss: 0.6600058464442983 Val loss: 0.646940868634444 accuracy: 0.6314496314496314 precision: 0.8536585365853658 f1: 0.6999999999999998
2023-10-13 14:34:53,626 Epoch: 52 Train loss: 0.6626607027708316 Val loss: 0.6455793289037851 accuracy: 0.687960687960688 precision: 0.6585365853658537 f1: 0.6801007556675063
2023-10-13 14:34:55,805 Best Model saved with accuracy 0.687960687960688
2023-10-13 14:44:09,093 Epoch: 53 Train loss: 0.6528154009697484 Val loss: 0.6422183376092178 accuracy: 0.6339066339066339 precision: 0.7658536585365854 f1: 0.6781857451403888
2023-10-13 14:53:48,976 Epoch: 54 Train loss: 0.6514013099904153 Val loss: 0.6427425421201266 accuracy: 0.6388206388206388 precision: 0.848780487804878 f1: 0.7030303030303031
2023-10-13 15:03:29,131 Epoch: 55 Train loss: 0.6581872444526822 Val loss: 0.6475680447541751 accuracy: 0.6363636363636364 precision: 0.8682926829268293 f1: 0.7063492063492065
2023-10-13 15:12:48,659 Epoch: 56 Train loss: 0.6520995655480553 Val loss: 0.7291428653093485 accuracy: 0.5110565110565111 precision: 1.0 f1: 0.6732348111658456
2023-10-13 15:22:12,696 Epoch: 57 Train loss: 0.6547116654760697 Val loss: 0.6437904215776004 accuracy: 0.6363636363636364 precision: 0.8731707317073171 f1: 0.7075098814229249
2023-10-13 15:31:39,564 Epoch: 58 Train loss: 0.6518012419635174 Val loss: 0.6621783834237319 accuracy: 0.6167076167076168 precision: 0.9951219512195122 f1: 0.723404255319149
2023-10-13 15:40:57,669 Epoch: 59 Train loss: 0.6510434670775544 Val loss: 0.6493420096544119 accuracy: 0.6535626535626535 precision: 0.9560975609756097 f1: 0.7354596622889304
2023-10-13 15:50:20,548 Epoch: 60 Train loss: 0.6536100588592828 Val loss: 0.6388800923640912 accuracy: 0.6437346437346437 precision: 0.8731707317073171 f1: 0.7117296222664016
2023-10-13 15:59:34,486 Epoch: 61 Train loss: 0.6413458953885471 Val loss: 0.635984636270083 accuracy: 0.6977886977886978 precision: 0.6536585365853659 f1: 0.6854219948849105
2023-10-13 15:59:36,678 Best Model saved with accuracy 0.6977886977886978
2023-10-13 16:08:53,632 Epoch: 62 Train loss: 0.6499278428507786 Val loss: 0.6338704686898452 accuracy: 0.6683046683046683 precision: 0.7317073170731707 f1: 0.6896551724137931
2023-10-13 16:18:19,447 Epoch: 63 Train loss: 0.6580113184218314 Val loss: 0.6339842677116394 accuracy: 0.6412776412776413 precision: 0.8146341463414634 f1: 0.6958333333333333
2023-10-13 16:27:27,094 Epoch: 64 Train loss: 0.6466466582873288 Val loss: 0.6445237421072446 accuracy: 0.5184275184275184 precision: 0.04390243902439024 f1: 0.08411214953271028
2023-10-13 16:37:17,362 Epoch: 65 Train loss: 0.644987072430405 Val loss: 0.6398889559965867 accuracy: 0.6461916461916462 precision: 0.8975609756097561 f1: 0.7187500000000001
2023-10-13 16:46:28,429 Epoch: 66 Train loss: 0.643538246844329 Val loss: 0.6371976641508249 accuracy: 0.6412776412776413 precision: 0.8829268292682927 f1: 0.7125984251968505
2023-10-13 16:55:48,855 Epoch: 67 Train loss: 0.6484964501624014 Val loss: 0.6312425090716436 accuracy: 0.7223587223587223 precision: 0.6731707317073171 f1: 0.7095115681233932
2023-10-13 16:55:51,031 Best Model saved with accuracy 0.7223587223587223
2023-10-13 17:05:04,368 Epoch: 68 Train loss: 0.6466676738916659 Val loss: 0.6338131496539483 accuracy: 0.6584766584766585 precision: 0.9073170731707317 f1: 0.7279843444227007
2023-10-13 17:14:30,151 Epoch: 69 Train loss: 0.6549619471325594 Val loss: 0.6285977248962109 accuracy: 0.6633906633906634 precision: 0.7951219512195122 f1: 0.7041036717062635
2023-10-13 17:23:48,507 Epoch: 70 Train loss: 0.6415103849242715 Val loss: 0.6281116215082315 accuracy: 0.6805896805896806 precision: 0.7170731707317073 f1: 0.6933962264150944
2023-10-13 17:33:17,936 Epoch: 71 Train loss: 0.6558956264280805 Val loss: 0.6311810864852025 accuracy: 0.6511056511056511 precision: 0.8926829268292683 f1: 0.7204724409448819
2023-10-13 17:42:41,243 Epoch: 72 Train loss: 0.6482743474782682 Val loss: 0.6245226332774529 accuracy: 0.6683046683046683 precision: 0.775609756097561 f1: 0.7019867549668874
2023-10-13 17:52:32,361 Epoch: 73 Train loss: 0.6381315206195793 Val loss: 0.6252546195800488 accuracy: 0.6560196560196561 precision: 0.8097560975609757 f1: 0.7033898305084747
2023-10-13 18:02:09,345 Epoch: 74 Train loss: 0.6427237625215568 Val loss: 0.6327129373183618 accuracy: 0.7272727272727273 precision: 0.6682926829268293 f1: 0.7116883116883117
2023-10-13 18:02:11,547 Best Model saved with accuracy 0.7272727272727273
2023-10-13 18:11:36,419 Epoch: 75 Train loss: 0.6507382524364135 Val loss: 0.6328348975915176 accuracy: 0.6633906633906634 precision: 0.926829268292683 f1: 0.7350096711798839
2023-10-13 18:21:04,898 Epoch: 76 Train loss: 0.6426895120564629 Val loss: 0.6370981748287494 accuracy: 0.6584766584766585 precision: 0.9658536585365853 f1: 0.7401869158878503
2023-10-13 18:30:51,675 Epoch: 77 Train loss: 0.6437112829264473 Val loss: 0.6217316549557906 accuracy: 0.6633906633906634 precision: 0.8682926829268293 f1: 0.7221095334685598
2023-10-13 18:39:46,578 Epoch: 78 Train loss: 0.6382413956464505 Val loss: 0.6494696117364444 accuracy: 0.6486486486486487 precision: 0.9853658536585366 f1: 0.7385740402193786
2023-10-13 18:49:08,523 Epoch: 79 Train loss: 0.6526691151015899 Val loss: 0.6342567251278803 accuracy: 0.6560196560196561 precision: 0.9414634146341463 f1: 0.7338403041825095
2023-10-13 18:58:36,742 Epoch: 80 Train loss: 0.641893686617122 Val loss: 0.6207072987006261 accuracy: 0.6683046683046683 precision: 0.8292682926829268 f1: 0.7157894736842105
2023-10-13 19:08:13,395 Epoch: 81 Train loss: 0.6378929121237175 Val loss: 0.6193008491626153 accuracy: 0.6683046683046683 precision: 0.8439024390243902 f1: 0.7193347193347194
2023-10-13 19:17:32,172 Epoch: 82 Train loss: 0.6445806347856334 Val loss: 0.6341571532762967 accuracy: 0.5331695331695332 precision: 0.07317073170731707 f1: 0.13636363636363635
2023-10-13 19:26:53,744 Epoch: 83 Train loss: 0.6353532706989962 Val loss: 0.6262142039262332 accuracy: 0.6683046683046683 precision: 0.9219512195121952 f1: 0.736842105263158
2023-10-13 19:36:27,743 Epoch: 84 Train loss: 0.650820274271217 Val loss: 0.617472020479349 accuracy: 0.6683046683046683 precision: 0.8390243902439024 f1: 0.7181628392484343
2023-10-13 19:45:56,925 Epoch: 85 Train loss: 0.650547030509687 Val loss: 0.6224759427400736 accuracy: 0.7100737100737101 precision: 0.7073170731707317 f1: 0.7107843137254902
2023-10-13 19:55:38,808 Epoch: 86 Train loss: 0.6465034367991429 Val loss: 0.6201458137768966 accuracy: 0.6535626535626535 precision: 0.8780487804878049 f1: 0.7185628742514969
2023-10-13 20:05:10,136 Epoch: 87 Train loss: 0.6456078635711296 Val loss: 0.622955824320133 accuracy: 0.6584766584766585 precision: 0.8682926829268293 f1: 0.7191919191919192
2023-10-13 20:14:59,145 Epoch: 88 Train loss: 0.6500494334043241 Val loss: 0.633389032804049 accuracy: 0.5307125307125307 precision: 0.06829268292682927 f1: 0.1278538812785388
2023-10-13 20:24:52,800 Epoch: 89 Train loss: 0.6591277508174672 Val loss: 0.6191247472396264 accuracy: 0.6683046683046683 precision: 0.8292682926829268 f1: 0.7157894736842105
2023-10-13 20:34:42,837 Epoch: 90 Train loss: 0.6493881736315933 Val loss: 0.6230376981771909 accuracy: 0.6584766584766585 precision: 0.8975609756097561 f1: 0.7258382642998028
2023-10-13 20:44:00,172 Epoch: 91 Train loss: 0.6544178876222349 Val loss: 0.6607294506751574 accuracy: 0.6117936117936118 precision: 0.9951219512195122 f1: 0.7208480565371026
2023-10-13 20:53:33,156 Epoch: 92 Train loss: 0.6478884430492625 Val loss: 0.6243218573240134 accuracy: 0.6609336609336609 precision: 0.9024390243902439 f1: 0.7283464566929134
2023-10-13 21:02:52,728 Epoch: 93 Train loss: 0.6533387081295836 Val loss: 0.6273967325687408 accuracy: 0.714987714987715 precision: 0.5170731707317073 f1: 0.6463414634146342
2023-10-13 21:12:19,500 Epoch: 94 Train loss: 0.6434524439129174 Val loss: 0.6337134127433484 accuracy: 0.6683046683046683 precision: 0.975609756097561 f1: 0.7476635514018692
2023-10-13 21:21:50,463 Epoch: 95 Train loss: 0.6494868575942283 Val loss: 0.6269571208036863 accuracy: 0.7567567567567568 precision: 0.6731707317073171 f1: 0.7360000000000001
2023-10-13 21:21:52,788 Best Model saved with accuracy 0.7567567567567568
2023-10-13 21:31:32,899 Epoch: 96 Train loss: 0.6487042772419312 Val loss: 0.6172728492663457 accuracy: 0.6805896805896806 precision: 0.8292682926829268 f1: 0.723404255319149
2023-10-13 21:41:20,414 Epoch: 97 Train loss: 0.6429778968586641 Val loss: 0.6239590484362382 accuracy: 0.6633906633906634 precision: 0.9073170731707317 f1: 0.7308447937131631
2023-10-13 21:50:48,942 Epoch: 98 Train loss: 0.6405769084014145 Val loss: 0.6352305824940021 accuracy: 0.5282555282555282 precision: 0.06341463414634146 f1: 0.11926605504587155
2023-10-13 22:00:19,445 Epoch: 99 Train loss: 0.6434104734776067 Val loss: 0.6178768231318548 accuracy: 0.7027027027027027 precision: 0.775609756097561 f1: 0.7243735763097949
2023-10-13 22:00:19,446 Training finished
2023-10-13 22:00:19,446 accuracy: 0.7567567567567568 precision: 0.6731707317073171 f1: 0.7360000000000001 recall: 0.8117647058823529
