2023-10-15 03:23:05,075 {'device': 'cuda', 'logdir': 'logs', 'checkpoints': 'checkpoints', 'data': {'name': 'RECOVERY', 'img_root': 'data/new_modified_data/RECOVERY/images', 'data_path': 'data/new_modified_data/RECOVERY/recoveryn_modified.csv', 'txt_col': 'body_text', 'img_col': 'image', 'tar_col': 'reliability', 'idx_col': 'Unnamed: 0', 'batch_size': 16, 'num_workers': 4, 'max_len': 512, 'chunk_len': 200, 'overlap_len': 50}, 'model': {'name': 'Vgg', 'modality': 'text', 'vocab_size': 0, 'embedding_dim': 100, 'n_filters': 20, 'filter_sizes': [3, 4, 5], 'num_layers': 2, 'dropout': 0.2, 'common_hidden_dim': 512, 'output_dim': 1}, 'training': {'scheme': 2, 'beta': 0.7, 'margin': 0.2, 'epochs': 100, 'lr': 0.0001, 'warmup_steps': 0}}
2023-10-15 03:23:05,275 Loading tokenizer from local checkpoints checkpoints/tokenizer
2023-10-15 03:23:05,275 Length of tokenizer is 34141
2023-10-15 03:23:59,437 Epoch: 0 Train loss: 0.492649515529713 Val loss: 0.4143135909523283 accuracy: 0.8541033434650456 precision: 0.9485294117647058 f1: 0.9148936170212766
2023-10-15 03:24:00,446 Best Model saved with accuracy 0.8541033434650456
2023-10-15 03:24:52,232 Epoch: 1 Train loss: 0.42456671739199076 Val loss: 0.39298678792658304 accuracy: 0.8389057750759878 precision: 0.9191176470588235 f1: 0.9041591320072333
2023-10-15 03:25:42,022 Epoch: 2 Train loss: 0.4116459657628852 Val loss: 0.36836649548439754 accuracy: 0.8541033434650456 precision: 0.9779411764705882 f1: 0.9172413793103449
2023-10-15 03:26:34,419 Epoch: 3 Train loss: 0.38413548281034793 Val loss: 0.3869068736121768 accuracy: 0.8541033434650456 precision: 0.9705882352941176 f1: 0.9166666666666667
2023-10-15 03:27:22,731 Epoch: 4 Train loss: 0.37027125545294887 Val loss: 0.3957035697641827 accuracy: 0.8206686930091185 precision: 0.8970588235294118 f1: 0.8921389396709324
2023-10-15 03:28:12,789 Epoch: 5 Train loss: 0.3703583850558982 Val loss: 0.3647084399348214 accuracy: 0.8541033434650456 precision: 0.9485294117647058 f1: 0.9148936170212766
2023-10-15 03:29:02,174 Epoch: 6 Train loss: 0.3608551003846778 Val loss: 0.37299005474363056 accuracy: 0.8449848024316109 precision: 0.9595588235294118 f1: 0.9109947643979058
2023-10-15 03:29:52,022 Epoch: 7 Train loss: 0.34567300203334855 Val loss: 0.37315016772065845 accuracy: 0.8328267477203647 precision: 0.9375 f1: 0.9026548672566371
2023-10-15 03:30:41,186 Epoch: 8 Train loss: 0.32624981588268853 Val loss: 0.37893053321611314 accuracy: 0.8358662613981763 precision: 0.9338235294117647 f1: 0.9039145907473309
2023-10-15 03:31:30,343 Epoch: 9 Train loss: 0.32031468688005427 Val loss: 0.3714463505006972 accuracy: 0.8449848024316109 precision: 0.9411764705882353 f1: 0.9094138543516873
2023-10-15 03:32:20,669 Epoch: 10 Train loss: 0.3176907364682979 Val loss: 0.3716111027059101 accuracy: 0.8267477203647416 precision: 0.9705882352941176 f1: 0.9025641025641026
2023-10-15 03:33:10,162 Epoch: 11 Train loss: 0.30419079743954075 Val loss: 0.3733656058708827 accuracy: 0.8480243161094225 precision: 0.9669117647058824 f1: 0.9131944444444444
2023-10-15 03:34:02,087 Epoch: 12 Train loss: 0.28301160710762785 Val loss: 0.39138178030649823 accuracy: 0.8297872340425532 precision: 0.9044117647058824 f1: 0.8978102189781022
2023-10-15 03:34:53,257 Epoch: 13 Train loss: 0.2770713204181338 Val loss: 0.3822293061585653 accuracy: 0.8328267477203647 precision: 0.9191176470588235 f1: 0.9009009009009009
2023-10-15 03:35:43,017 Epoch: 14 Train loss: 0.28364366503903665 Val loss: 0.36421640394699006 accuracy: 0.8389057750759878 precision: 0.9338235294117647 f1: 0.9055258467023174
2023-10-15 03:36:32,365 Epoch: 15 Train loss: 0.27361263496329985 Val loss: 0.4021540255773635 accuracy: 0.8419452887537994 precision: 0.8970588235294118 f1: 0.9037037037037037
2023-10-15 03:37:24,119 Epoch: 16 Train loss: 0.247919993407755 Val loss: 0.4024014820655187 accuracy: 0.8267477203647416 precision: 0.9117647058823529 f1: 0.8969258589511754
2023-10-15 03:38:13,371 Epoch: 17 Train loss: 0.2602455521742982 Val loss: 0.40403873366968973 accuracy: 0.817629179331307 precision: 0.9007352941176471 f1: 0.890909090909091
2023-10-15 03:39:03,291 Epoch: 18 Train loss: 0.24110826661428772 Val loss: 0.3566456238428752 accuracy: 0.8541033434650456 precision: 0.9705882352941176 f1: 0.9166666666666667
2023-10-15 03:39:53,980 Epoch: 19 Train loss: 0.22664601023656777 Val loss: 0.3856011565242495 accuracy: 0.8601823708206687 precision: 0.9632352941176471 f1: 0.9192982456140351
2023-10-15 03:39:56,255 Best Model saved with accuracy 0.8601823708206687
2023-10-15 03:40:47,740 Epoch: 20 Train loss: 0.22732341612677975 Val loss: 0.39879150759606136 accuracy: 0.817629179331307 precision: 0.875 f1: 0.8880597014925373
2023-10-15 03:41:36,076 Epoch: 21 Train loss: 0.22366307828440724 Val loss: 0.38240461832001094 accuracy: 0.8480243161094225 precision: 0.9264705882352942 f1: 0.9097472924187726
2023-10-15 03:42:26,743 Epoch: 22 Train loss: 0.21151724260255514 Val loss: 0.3875167313076201 accuracy: 0.8480243161094225 precision: 0.9522058823529411 f1: 0.9119718309859155
2023-10-15 03:43:17,713 Epoch: 23 Train loss: 0.1976368282753301 Val loss: 0.3865304544922851 accuracy: 0.8541033434650456 precision: 0.9779411764705882 f1: 0.9172413793103449
2023-10-15 03:44:08,665 Epoch: 24 Train loss: 0.19583416801978307 Val loss: 0.39234215801670436 accuracy: 0.8389057750759878 precision: 0.9117647058823529 f1: 0.9034608378870674
2023-10-15 03:44:57,830 Epoch: 25 Train loss: 0.1940435306112989 Val loss: 0.38783304003022967 accuracy: 0.8632218844984803 precision: 0.9816176470588235 f1: 0.922279792746114
2023-10-15 03:45:00,099 Best Model saved with accuracy 0.8632218844984803
2023-10-15 03:45:51,356 Epoch: 26 Train loss: 0.20398865164403457 Val loss: 0.3702663332223892 accuracy: 0.8328267477203647 precision: 0.9375 f1: 0.9026548672566371
2023-10-15 03:46:40,991 Epoch: 27 Train loss: 0.19257266810500479 Val loss: 0.40931425775800434 accuracy: 0.8389057750759878 precision: 0.9264705882352942 f1: 0.9048473967684022
2023-10-15 03:47:30,914 Epoch: 28 Train loss: 0.17792506619210702 Val loss: 0.40169946991261984 accuracy: 0.8419452887537994 precision: 0.9191176470588235 f1: 0.9057971014492753
2023-10-15 03:48:25,599 Epoch: 29 Train loss: 0.16360843895250057 Val loss: 0.4073115885257721 accuracy: 0.8328267477203647 precision: 0.9227941176470589 f1: 0.9012567324955116
2023-10-15 03:49:18,082 Epoch: 30 Train loss: 0.15325150869966273 Val loss: 0.3776870745988119 accuracy: 0.851063829787234 precision: 0.9301470588235294 f1: 0.9117117117117117
2023-10-15 03:50:08,848 Epoch: 31 Train loss: 0.16744489231741572 Val loss: 0.42192442289420534 accuracy: 0.8389057750759878 precision: 0.9411764705882353 f1: 0.9061946902654868
2023-10-15 03:51:00,052 Epoch: 32 Train loss: 0.1564196232392127 Val loss: 0.3730948539007278 accuracy: 0.8632218844984803 precision: 0.9411764705882353 f1: 0.9192100538599641
2023-10-15 03:51:53,069 Epoch: 33 Train loss: 0.13693600181624832 Val loss: 0.42045710661581587 accuracy: 0.8419452887537994 precision: 0.9191176470588235 f1: 0.9057971014492753
2023-10-15 03:52:45,595 Epoch: 34 Train loss: 0.14530896835298424 Val loss: 0.44989111664749326 accuracy: 0.8206686930091185 precision: 0.9191176470588235 f1: 0.8944543828264758
2023-10-15 03:53:38,078 Epoch: 35 Train loss: 0.14718455181692738 Val loss: 0.4430735806624095 accuracy: 0.8206686930091185 precision: 0.9117647058823529 f1: 0.8936936936936938
2023-10-15 03:54:28,514 Epoch: 36 Train loss: 0.1418871160327311 Val loss: 0.4093919573795228 accuracy: 0.8449848024316109 precision: 0.9191176470588235 f1: 0.9074410163339381
2023-10-15 03:55:19,715 Epoch: 37 Train loss: 0.14700117821704192 Val loss: 0.4405857580048697 accuracy: 0.8358662613981763 precision: 0.9375 f1: 0.9042553191489362
2023-10-15 03:56:10,342 Epoch: 38 Train loss: 0.13092373594282622 Val loss: 0.42054522108464015 accuracy: 0.8480243161094225 precision: 0.9375 f1: 0.9107142857142858
2023-10-15 03:57:00,651 Epoch: 39 Train loss: 0.1335084887154131 Val loss: 0.45122128299304415 accuracy: 0.8389057750759878 precision: 0.9154411764705882 f1: 0.9038112522686026
2023-10-15 03:57:52,220 Epoch: 40 Train loss: 0.1328455925167325 Val loss: 0.4163169836004575 accuracy: 0.8541033434650456 precision: 0.9632352941176471 f1: 0.9160839160839161
2023-10-15 03:58:42,403 Epoch: 41 Train loss: 0.1273719439933817 Val loss: 0.4218121632224038 accuracy: 0.8480243161094225 precision: 0.9191176470588235 f1: 0.909090909090909
2023-10-15 03:59:32,948 Epoch: 42 Train loss: 0.13051368336541108 Val loss: 0.4391025397039595 accuracy: 0.8541033434650456 precision: 0.9558823529411765 f1: 0.9154929577464789
2023-10-15 04:00:23,613 Epoch: 43 Train loss: 0.10546806957348283 Val loss: 0.44167355802797137 accuracy: 0.8480243161094225 precision: 0.9375 f1: 0.9107142857142858
2023-10-15 04:01:15,443 Epoch: 44 Train loss: 0.11688933911991406 Val loss: 0.4019557592414674 accuracy: 0.851063829787234 precision: 0.9191176470588235 f1: 0.9107468123861566
2023-10-15 04:02:06,250 Epoch: 45 Train loss: 0.10719284065157535 Val loss: 0.44402244828996207 accuracy: 0.8541033434650456 precision: 0.9595588235294118 f1: 0.9157894736842106
2023-10-15 04:02:58,546 Epoch: 46 Train loss: 0.10148194836205747 Val loss: 0.429429007428033 accuracy: 0.8480243161094225 precision: 0.9191176470588235 f1: 0.909090909090909
2023-10-15 04:03:50,245 Epoch: 47 Train loss: 0.09750978261546557 Val loss: 0.44922242774849847 accuracy: 0.8449848024316109 precision: 0.9375 f1: 0.9090909090909091
2023-10-15 04:04:42,724 Epoch: 48 Train loss: 0.10625160005818828 Val loss: 0.4309198647027924 accuracy: 0.8419452887537994 precision: 0.9191176470588235 f1: 0.9057971014492753
2023-10-15 04:05:33,524 Epoch: 49 Train loss: 0.09999431861586959 Val loss: 0.4218546804927644 accuracy: 0.8693009118541033 precision: 0.9522058823529411 f1: 0.9233511586452763
2023-10-15 04:05:35,811 Best Model saved with accuracy 0.8693009118541033
2023-10-15 04:06:27,449 Epoch: 50 Train loss: 0.08485408958765757 Val loss: 0.4557774577822004 accuracy: 0.8389057750759878 precision: 0.9007352941176471 f1: 0.9023941068139962
2023-10-15 04:07:19,181 Epoch: 51 Train loss: 0.08509603555662086 Val loss: 0.45798608589740025 accuracy: 0.8206686930091185 precision: 0.875 f1: 0.8897196261682243
2023-10-15 04:08:10,446 Epoch: 52 Train loss: 0.08819616386240506 Val loss: 0.42527406556265696 accuracy: 0.8693009118541033 precision: 0.9669117647058824 f1: 0.9244288224956063
2023-10-15 04:09:02,358 Epoch: 53 Train loss: 0.08042553358946938 Val loss: 0.4568908345841226 accuracy: 0.8358662613981763 precision: 0.9227941176470589 f1: 0.9028776978417268
2023-10-15 04:09:52,493 Epoch: 54 Train loss: 0.08035592428487108 Val loss: 0.4587659544887997 accuracy: 0.8541033434650456 precision: 0.9338235294117647 f1: 0.9136690647482013
2023-10-15 04:10:45,447 Epoch: 55 Train loss: 0.0781549506607544 Val loss: 0.452162273582958 accuracy: 0.8480243161094225 precision: 0.9375 f1: 0.9107142857142858
2023-10-15 04:11:37,438 Epoch: 56 Train loss: 0.08231177719601665 Val loss: 0.48557317966506597 accuracy: 0.8267477203647416 precision: 0.9044117647058824 f1: 0.896174863387978
2023-10-15 04:12:31,304 Epoch: 57 Train loss: 0.09666023672704237 Val loss: 0.4506545971546854 accuracy: 0.8419452887537994 precision: 0.9191176470588235 f1: 0.9057971014492753
2023-10-15 04:13:23,430 Epoch: 58 Train loss: 0.08350848346522236 Val loss: 0.4680743691112314 accuracy: 0.8541033434650456 precision: 0.9448529411764706 f1: 0.9145907473309608
2023-10-15 04:14:14,784 Epoch: 59 Train loss: 0.08993856667776604 Val loss: 0.4521968307949248 accuracy: 0.8662613981762918 precision: 0.9558823529411765 f1: 0.9219858156028369
2023-10-15 04:15:05,581 Epoch: 60 Train loss: 0.08550353521615806 Val loss: 0.5008464611711956 accuracy: 0.8389057750759878 precision: 0.9338235294117647 f1: 0.9055258467023174
2023-10-15 04:15:57,843 Epoch: 61 Train loss: 0.0717671416946743 Val loss: 0.4834786518698647 accuracy: 0.8632218844984803 precision: 0.9595588235294118 f1: 0.9206349206349207
2023-10-15 04:16:49,475 Epoch: 62 Train loss: 0.07131263821284814 Val loss: 0.46437958166712806 accuracy: 0.8449848024316109 precision: 0.9301470588235294 f1: 0.9084380610412925
2023-10-15 04:17:42,455 Epoch: 63 Train loss: 0.06959919964737561 Val loss: 0.5075560843660718 accuracy: 0.8206686930091185 precision: 0.8933823529411765 f1: 0.891743119266055
2023-10-15 04:18:34,725 Epoch: 64 Train loss: 0.06944116084914968 Val loss: 0.4773101785353252 accuracy: 0.8419452887537994 precision: 0.9227941176470589 f1: 0.9061371841155235
2023-10-15 04:19:26,278 Epoch: 65 Train loss: 0.05783899744456432 Val loss: 0.47822818089099156 accuracy: 0.8449848024316109 precision: 0.9264705882352942 f1: 0.9081081081081082
2023-10-15 04:20:19,074 Epoch: 66 Train loss: 0.06584708181669913 Val loss: 0.4646829242507617 accuracy: 0.8571428571428571 precision: 0.9411764705882353 f1: 0.9159212880143113
2023-10-15 04:21:09,511 Epoch: 67 Train loss: 0.0646040577845401 Val loss: 0.5006157851644925 accuracy: 0.8419452887537994 precision: 0.9301470588235294 f1: 0.9068100358422939
2023-10-15 04:22:02,328 Epoch: 68 Train loss: 0.05953594089025654 Val loss: 0.4817596578172275 accuracy: 0.851063829787234 precision: 0.9375 f1: 0.9123434704830053
2023-10-15 04:22:55,306 Epoch: 69 Train loss: 0.05985642017527337 Val loss: 0.4576040513458706 accuracy: 0.851063829787234 precision: 0.9227941176470589 f1: 0.9110707803992741
2023-10-15 04:23:46,838 Epoch: 70 Train loss: 0.05711190487785512 Val loss: 0.5128497342978205 accuracy: 0.8328267477203647 precision: 0.9117647058823529 f1: 0.9001814882032667
2023-10-15 04:24:39,569 Epoch: 71 Train loss: 0.05949984314845853 Val loss: 0.4963328962524732 accuracy: 0.851063829787234 precision: 0.9485294117647058 f1: 0.9132743362831859
2023-10-15 04:25:29,947 Epoch: 72 Train loss: 0.05820863770253687 Val loss: 0.5562848322803066 accuracy: 0.8389057750759878 precision: 0.9191176470588235 f1: 0.9041591320072333
2023-10-15 04:26:20,708 Epoch: 73 Train loss: 0.05722296099088727 Val loss: 0.4397609978914261 accuracy: 0.8723404255319149 precision: 0.9522058823529411 f1: 0.9249999999999999
2023-10-15 04:26:23,000 Best Model saved with accuracy 0.8723404255319149
2023-10-15 04:27:14,677 Epoch: 74 Train loss: 0.06272693948977325 Val loss: 0.48273834781277747 accuracy: 0.8449848024316109 precision: 0.9338235294117647 f1: 0.9087656529516994
2023-10-15 04:28:06,264 Epoch: 75 Train loss: 0.06828964298523693 Val loss: 0.4759075889097793 accuracy: 0.851063829787234 precision: 0.9227941176470589 f1: 0.9110707803992741
2023-10-15 04:28:56,702 Epoch: 76 Train loss: 0.05728482774806669 Val loss: 0.4718006586744672 accuracy: 0.8449848024316109 precision: 0.9191176470588235 f1: 0.9074410163339381
2023-10-15 04:29:48,436 Epoch: 77 Train loss: 0.054350393462409996 Val loss: 0.5003090536310559 accuracy: 0.8358662613981763 precision: 0.8970588235294118 f1: 0.9003690036900369
2023-10-15 04:30:38,653 Epoch: 78 Train loss: 0.055555821228099156 Val loss: 0.47862125134893824 accuracy: 0.8632218844984803 precision: 0.9448529411764706 f1: 0.9194991055456172
2023-10-15 04:31:32,506 Epoch: 79 Train loss: 0.05094902658363782 Val loss: 0.5134547828208833 accuracy: 0.8601823708206687 precision: 0.9558823529411765 f1: 0.9187279151943463
2023-10-15 04:32:22,206 Epoch: 80 Train loss: 0.04752113068117255 Val loss: 0.520897004930746 accuracy: 0.8480243161094225 precision: 0.9375 f1: 0.9107142857142858
2023-10-15 04:33:10,999 Epoch: 81 Train loss: 0.041508974771138775 Val loss: 0.5118310792105538 accuracy: 0.8449848024316109 precision: 0.9227941176470589 f1: 0.9077757685352622
2023-10-15 04:34:05,177 Epoch: 82 Train loss: 0.05747067954121943 Val loss: 0.5056807735846156 accuracy: 0.8693009118541033 precision: 0.9632352941176471 f1: 0.9241622574955909
2023-10-15 04:34:55,203 Epoch: 83 Train loss: 0.06257893182112868 Val loss: 0.4769304756607328 accuracy: 0.8571428571428571 precision: 0.9301470588235294 f1: 0.9150090415913201
2023-10-15 04:35:46,853 Epoch: 84 Train loss: 0.03947154834799199 Val loss: 0.5448097501482282 accuracy: 0.817629179331307 precision: 0.8970588235294118 f1: 0.8905109489051095
2023-10-15 04:36:36,360 Epoch: 85 Train loss: 0.0476349627105407 Val loss: 0.5335531653392882 accuracy: 0.8601823708206687 precision: 0.9264705882352942 f1: 0.9163636363636365
2023-10-15 04:37:25,829 Epoch: 86 Train loss: 0.05398167553997714 Val loss: 0.8095541120994658 accuracy: 0.8419452887537994 precision: 0.9301470588235294 f1: 0.9068100358422939
2023-10-15 04:38:15,813 Epoch: 87 Train loss: 0.047483994173172145 Val loss: 0.7746696521838506 accuracy: 0.8601823708206687 precision: 0.9632352941176471 f1: 0.9192982456140351
2023-10-15 04:39:04,944 Epoch: 88 Train loss: 0.04766611685325582 Val loss: 0.5075482933648995 accuracy: 0.8541033434650456 precision: 0.9264705882352942 f1: 0.9130434782608695
2023-10-15 04:39:55,264 Epoch: 89 Train loss: 0.05469910217538835 Val loss: 0.6114811329614549 accuracy: 0.8449848024316109 precision: 0.9632352941176471 f1: 0.9113043478260869
2023-10-15 04:40:46,375 Epoch: 90 Train loss: 0.04728266845333828 Val loss: 0.5207471748193105 accuracy: 0.851063829787234 precision: 0.9301470588235294 f1: 0.9117117117117117
2023-10-15 04:41:35,951 Epoch: 91 Train loss: 0.05127569932647678 Val loss: 0.5587387631336848 accuracy: 0.817629179331307 precision: 0.8970588235294118 f1: 0.8905109489051095
2023-10-15 04:42:26,706 Epoch: 92 Train loss: 0.04765333146444544 Val loss: 0.5277291614384878 accuracy: 0.8389057750759878 precision: 0.9080882352941176 f1: 0.9031078610603291
2023-10-15 04:43:16,666 Epoch: 93 Train loss: 0.0393000150952174 Val loss: 0.5412498850907598 accuracy: 0.8541033434650456 precision: 0.9375 f1: 0.9139784946236559
2023-10-15 04:44:06,643 Epoch: 94 Train loss: 0.03863870508334857 Val loss: 0.8113923832064583 accuracy: 0.851063829787234 precision: 0.9558823529411765 f1: 0.9138840070298769
2023-10-15 04:44:57,462 Epoch: 95 Train loss: 0.038703576030478956 Val loss: 0.5839344334034693 accuracy: 0.8267477203647416 precision: 0.8897058823529411 f1: 0.8946395563770795
2023-10-15 04:45:46,816 Epoch: 96 Train loss: 0.03337641269619386 Val loss: 0.5343873646287691 accuracy: 0.8601823708206687 precision: 0.9191176470588235 f1: 0.9157509157509157
2023-10-15 04:46:35,515 Epoch: 97 Train loss: 0.03800160426601588 Val loss: 0.567369613441683 accuracy: 0.8297872340425532 precision: 0.8970588235294118 f1: 0.8970588235294118
2023-10-15 04:47:25,326 Epoch: 98 Train loss: 0.04453167977254748 Val loss: 0.5623403010623795 accuracy: 0.8419452887537994 precision: 0.9411764705882353 f1: 0.9078014184397163
2023-10-15 04:48:15,845 Epoch: 99 Train loss: 0.048887634136523285 Val loss: 0.5346382746384257 accuracy: 0.851063829787234 precision: 0.9264705882352942 f1: 0.9113924050632911
2023-10-15 04:48:15,845 Training finished
2023-10-15 04:48:15,846 accuracy: 0.8723404255319149 precision: 0.9522058823529411 f1: 0.9249999999999999 recall: 0.8993055555555556
