2023-10-11 05:35:00,153 {'device': 'cuda', 'logdir': 'logs', 'checkpoints': 'checkpoints', 'data': {'name': 'D1', 'img_root': 'data/new_modified_data/D1/images', 'data_path': 'data/new_modified_data/D1/df1_modified.csv', 'txt_col': 'Text', 'img_col': 'local_url', 'tar_col': 'Binary', 'idx_col': 'Unnamed: 0', 'batch_size': 16, 'num_workers': 4, 'max_len': 512, 'chunk_len': 200, 'overlap_len': 50}, 'model': {'name': 'LstmVgg', 'modality': 'multi', 'vocab_size': 0, 'embedding_dim': 100, 'hidden_dim': 256, 'num_layers': 2, 'dropout': 0.2, 'common_hidden_dim': 512, 'output_dim': 1}, 'training': {'scheme': 2, 'beta': 0.7, 'margin': 0.2, 'epochs': 100, 'lr': 0.0001, 'warmup_steps': 0}}
2023-10-11 05:35:00,360 Loading tokenizer from local checkpoints checkpoints/tokenizer
2023-10-11 05:35:00,360 Length of tokenizer is 34141
2023-10-11 05:35:57,114 Epoch: 0 Train loss: 0.4211299894194977 Val loss: 0.3293556132568763 accuracy: 0.85995085995086 precision: 0.8970588235294118 f1: 0.8652482269503545
2023-10-11 05:35:58,245 Best Model saved with accuracy 0.85995085995086
2023-10-11 05:36:47,022 Epoch: 1 Train loss: 0.31386273266638026 Val loss: 0.2981656612111972 accuracy: 0.8894348894348895 precision: 0.9019607843137255 f1: 0.8910411622276029
2023-10-11 05:36:49,717 Best Model saved with accuracy 0.8894348894348895
2023-10-11 05:37:38,228 Epoch: 2 Train loss: 0.24675267021737846 Val loss: 0.2544292383469068 accuracy: 0.9041769041769042 precision: 0.9313725490196079 f1: 0.9069212410501194
2023-10-11 05:37:40,835 Best Model saved with accuracy 0.9041769041769042
2023-10-11 05:38:30,780 Epoch: 3 Train loss: 0.207832595333457 Val loss: 0.2402572649029585 accuracy: 0.9017199017199017 precision: 0.9166666666666666 f1: 0.9033816425120773
2023-10-11 05:39:20,543 Epoch: 4 Train loss: 0.1686388555293282 Val loss: 0.2700793187205608 accuracy: 0.8894348894348895 precision: 0.8627450980392157 f1: 0.8866498740554156
2023-10-11 05:40:09,367 Epoch: 5 Train loss: 0.14578931439010537 Val loss: 0.24548319741510427 accuracy: 0.8820638820638821 precision: 0.8725490196078431 f1: 0.8811881188118812
2023-10-11 05:41:00,539 Epoch: 6 Train loss: 0.11432212568344731 Val loss: 0.2720980833356197 accuracy: 0.8746928746928747 precision: 0.9117647058823529 f1: 0.8794326241134752
2023-10-11 05:41:52,604 Epoch: 7 Train loss: 0.08893383363508345 Val loss: 0.2857208274877988 accuracy: 0.8943488943488943 precision: 0.9117647058823529 f1: 0.8963855421686748
2023-10-11 05:42:44,976 Epoch: 8 Train loss: 0.07168326375996877 Val loss: 0.32179272769448847 accuracy: 0.8746928746928747 precision: 0.8725490196078431 f1: 0.8746928746928747
2023-10-11 05:43:35,141 Epoch: 9 Train loss: 0.05847305244670304 Val loss: 0.3288544618452971 accuracy: 0.8918918918918919 precision: 0.8921568627450981 f1: 0.8921568627450981
2023-10-11 05:44:27,931 Epoch: 10 Train loss: 0.042506353902247024 Val loss: 0.3710698915215639 accuracy: 0.8869778869778869 precision: 0.8970588235294118 f1: 0.8883495145631067
2023-10-11 05:45:21,512 Epoch: 11 Train loss: 0.030765989224093182 Val loss: 0.44440751666059863 accuracy: 0.8673218673218673 precision: 0.8970588235294118 f1: 0.8714285714285713
2023-10-11 05:46:14,049 Epoch: 12 Train loss: 0.025508792136165807 Val loss: 0.42502598521801144 accuracy: 0.8869778869778869 precision: 0.8872549019607843 f1: 0.8872549019607843
2023-10-11 05:47:06,476 Epoch: 13 Train loss: 0.02138321069251819 Val loss: 0.47438776940823746 accuracy: 0.8918918918918919 precision: 0.9117647058823529 f1: 0.8942307692307693
2023-10-11 05:47:58,760 Epoch: 14 Train loss: 0.012398354021356413 Val loss: 0.5282516920437607 accuracy: 0.8697788697788698 precision: 0.9117647058823529 f1: 0.8752941176470588
2023-10-11 05:48:49,418 Epoch: 15 Train loss: 0.012635691050401838 Val loss: 0.5288058493125181 accuracy: 0.8796068796068796 precision: 0.8578431372549019 f1: 0.8771929824561403
2023-10-11 05:49:40,825 Epoch: 16 Train loss: 0.027160031448646822 Val loss: 0.4533669951331551 accuracy: 0.8820638820638821 precision: 0.8872549019607843 f1: 0.8829268292682928
2023-10-11 05:50:32,515 Epoch: 17 Train loss: 0.012372839538668403 Val loss: 0.5663155761027995 accuracy: 0.8525798525798526 precision: 0.8529411764705882 f1: 0.8529411764705882
2023-10-11 05:51:24,513 Epoch: 18 Train loss: 0.019502108678459668 Val loss: 0.5270813528645354 accuracy: 0.8771498771498771 precision: 0.8970588235294118 f1: 0.8798076923076924
2023-10-11 05:52:17,737 Epoch: 19 Train loss: 0.00838473660951422 Val loss: 0.7486548707999575 accuracy: 0.85995085995086 precision: 0.9558823529411765 f1: 0.87248322147651
2023-10-11 05:53:09,227 Epoch: 20 Train loss: 0.006546986396393086 Val loss: 0.5600597909226332 accuracy: 0.8771498771498771 precision: 0.8725490196078431 f1: 0.8768472906403942
2023-10-11 05:54:00,131 Epoch: 21 Train loss: 0.0029051580112153196 Val loss: 0.6614600918613948 accuracy: 0.8673218673218673 precision: 0.8970588235294118 f1: 0.8714285714285713
2023-10-11 05:54:51,056 Epoch: 22 Train loss: 0.0020109040602690974 Val loss: 0.700808441620141 accuracy: 0.8697788697788698 precision: 0.9117647058823529 f1: 0.8752941176470588
2023-10-11 05:55:42,285 Epoch: 23 Train loss: 0.007348469693758542 Val loss: 0.6672479384041463 accuracy: 0.8673218673218673 precision: 0.8872549019607843 f1: 0.8701923076923078
2023-10-11 05:56:33,805 Epoch: 24 Train loss: 0.007969077267850533 Val loss: 0.6947347775388223 accuracy: 0.8771498771498771 precision: 0.8725490196078431 f1: 0.8768472906403942
2023-10-11 05:57:26,084 Epoch: 25 Train loss: 0.004334162516879944 Val loss: 0.6009396720647391 accuracy: 0.8796068796068796 precision: 0.8676470588235294 f1: 0.8784119106699751
2023-10-11 05:58:18,716 Epoch: 26 Train loss: 0.0028156895804939126 Val loss: 0.7431842428175934 accuracy: 0.8722358722358723 precision: 0.9068627450980392 f1: 0.8767772511848342
2023-10-11 05:59:10,927 Epoch: 27 Train loss: 0.001665270164088653 Val loss: 0.7538774931677975 accuracy: 0.8525798525798526 precision: 0.8529411764705882 f1: 0.8529411764705882
2023-10-11 06:00:03,378 Epoch: 28 Train loss: 0.0011821266098008647 Val loss: 0.9727005706808995 accuracy: 0.855036855036855 precision: 0.8578431372549019 f1: 0.8557457212713937
2023-10-11 06:00:54,404 Epoch: 29 Train loss: 0.0006615584083817794 Val loss: 1.0131924944401431 accuracy: 0.8648648648648649 precision: 0.8872549019607843 f1: 0.86810551558753
2023-10-11 06:01:45,308 Epoch: 30 Train loss: 0.0007363490736366327 Val loss: 0.8047636486231707 accuracy: 0.85995085995086 precision: 0.8725490196078431 f1: 0.8619854721549637
2023-10-11 06:02:37,199 Epoch: 31 Train loss: 0.0017460170181242815 Val loss: 0.814984013648847 accuracy: 0.8525798525798526 precision: 0.8431372549019608 f1: 0.8514851485148515
2023-10-11 06:03:28,945 Epoch: 32 Train loss: 0.006791978163061917 Val loss: 0.7873097349186607 accuracy: 0.8648648648648649 precision: 0.8186274509803921 f1: 0.8586118251928021
2023-10-11 06:04:20,634 Epoch: 33 Train loss: 0.024812330904145103 Val loss: 1.3535329579160764 accuracy: 0.8427518427518428 precision: 0.7696078431372549 f1: 0.8306878306878307
2023-10-11 06:05:13,576 Epoch: 34 Train loss: 0.019182882167082846 Val loss: 1.6839298468369703 accuracy: 0.828009828009828 precision: 0.7990196078431373 f1: 0.8232323232323233
2023-10-11 06:06:05,355 Epoch: 35 Train loss: 0.023487158702899778 Val loss: 1.2274734150045192 accuracy: 0.8476658476658476 precision: 0.946078431372549 f1: 0.8616071428571428
2023-10-11 06:06:59,099 Epoch: 36 Train loss: 0.008675202186113291 Val loss: 0.8988646688622584 accuracy: 0.8697788697788698 precision: 0.8823529411764706 f1: 0.8716707021791767
2023-10-11 06:07:51,207 Epoch: 37 Train loss: 0.006786677688024593 Val loss: 1.2543433457612991 accuracy: 0.8501228501228502 precision: 0.8872549019607843 f1: 0.8557919621749409
2023-10-11 06:08:42,345 Epoch: 38 Train loss: 0.0034102033206297577 Val loss: 1.2346530168388898 accuracy: 0.855036855036855 precision: 0.8823529411764706 f1: 0.8591885441527446
2023-10-11 06:09:33,920 Epoch: 39 Train loss: 0.0021848476516002427 Val loss: 0.7301598414174245 accuracy: 0.8746928746928747 precision: 0.8774509803921569 f1: 0.8753056234718827
2023-10-11 06:10:26,135 Epoch: 40 Train loss: 0.0007469867865175533 Val loss: 0.9656289762172562 accuracy: 0.8697788697788698 precision: 0.8970588235294118 f1: 0.8735083532219571
2023-10-11 06:11:17,408 Epoch: 41 Train loss: 0.002441824407764902 Val loss: 1.500163958622859 accuracy: 0.8722358722358723 precision: 0.8774509803921569 f1: 0.8731707317073171
2023-10-11 06:12:08,465 Epoch: 42 Train loss: 0.000989256241479571 Val loss: 1.22509415469204 accuracy: 0.8673218673218673 precision: 0.9019607843137255 f1: 0.8720379146919431
2023-10-11 06:13:01,837 Epoch: 43 Train loss: 0.004747376524964362 Val loss: 1.173816216549872 accuracy: 0.8624078624078624 precision: 0.8578431372549019 f1: 0.8620689655172413
2023-10-11 06:13:53,626 Epoch: 44 Train loss: 0.005086446403691478 Val loss: 1.093363368883729 accuracy: 0.8845208845208845 precision: 0.8970588235294118 f1: 0.8861985472154964
2023-10-11 06:14:45,126 Epoch: 45 Train loss: 0.0005358954997939347 Val loss: 1.2026454393316481 accuracy: 0.8722358722358723 precision: 0.8970588235294118 f1: 0.8755980861244019
2023-10-11 06:15:36,967 Epoch: 46 Train loss: 0.000514982134769563 Val loss: 1.1752078558067576 accuracy: 0.8771498771498771 precision: 0.8970588235294118 f1: 0.8798076923076924
2023-10-11 06:16:30,347 Epoch: 47 Train loss: 0.00032697816019424634 Val loss: 1.2287150043778707 accuracy: 0.8722358722358723 precision: 0.8823529411764706 f1: 0.8737864077669903
2023-10-11 06:17:21,528 Epoch: 48 Train loss: 0.00021679414167507038 Val loss: 1.2542852531187236 accuracy: 0.8697788697788698 precision: 0.8774509803921569 f1: 0.8710462287104623
2023-10-11 06:18:14,099 Epoch: 49 Train loss: 0.00024452156483328115 Val loss: 1.2523665259538506 accuracy: 0.8746928746928747 precision: 0.8921568627450981 f1: 0.8771084337349399
2023-10-11 06:19:07,493 Epoch: 50 Train loss: 0.0001457004827494707 Val loss: 1.2277290019018647 accuracy: 0.8771498771498771 precision: 0.9019607843137255 f1: 0.8803827751196173
2023-10-11 06:19:58,859 Epoch: 51 Train loss: 0.00012193201451607677 Val loss: 1.258741166156072 accuracy: 0.8771498771498771 precision: 0.9019607843137255 f1: 0.8803827751196173
2023-10-11 06:20:50,792 Epoch: 52 Train loss: 0.0005197594166750538 Val loss: 1.3393800827190996 accuracy: 0.8722358722358723 precision: 0.9019607843137255 f1: 0.8761904761904761
2023-10-11 06:21:41,907 Epoch: 53 Train loss: 0.002072687594642665 Val loss: 1.0906658577531254 accuracy: 0.855036855036855 precision: 0.7647058823529411 f1: 0.8409703504043126
2023-10-11 06:22:31,207 Epoch: 54 Train loss: 0.08309330585468816 Val loss: 0.6867396320684389 accuracy: 0.8746928746928747 precision: 0.8382352941176471 f1: 0.8702290076335878
2023-10-11 06:23:20,226 Epoch: 55 Train loss: 0.009998490670169552 Val loss: 1.2154671347435886 accuracy: 0.8673218673218673 precision: 0.8627450980392157 f1: 0.8669950738916257
2023-10-11 06:24:10,996 Epoch: 56 Train loss: 0.011803913891263423 Val loss: 0.6280179366182822 accuracy: 0.8869778869778869 precision: 0.8725490196078431 f1: 0.8855721393034826
2023-10-11 06:25:00,470 Epoch: 57 Train loss: 0.004244202984027897 Val loss: 1.2231922492590876 accuracy: 0.8746928746928747 precision: 0.9313725490196079 f1: 0.8816705336426913
2023-10-11 06:25:49,785 Epoch: 58 Train loss: 0.006955829412088763 Val loss: 1.1251218539038677 accuracy: 0.8722358722358723 precision: 0.8921568627450981 f1: 0.875
2023-10-11 06:26:40,055 Epoch: 59 Train loss: 0.0008274246546240166 Val loss: 1.1802685403874 accuracy: 0.8673218673218673 precision: 0.8970588235294118 f1: 0.8714285714285713
2023-10-11 06:27:32,503 Epoch: 60 Train loss: 0.002886342511988019 Val loss: 1.499274237296329 accuracy: 0.8648648648648649 precision: 0.8970588235294118 f1: 0.8693586698337293
2023-10-11 06:28:24,162 Epoch: 61 Train loss: 0.0005684531885403395 Val loss: 0.9859710471131481 accuracy: 0.8771498771498771 precision: 0.8921568627450981 f1: 0.8792270531400966
2023-10-11 06:29:15,929 Epoch: 62 Train loss: 0.0010368156307637498 Val loss: 1.4733250817337717 accuracy: 0.8796068796068796 precision: 0.9068627450980392 f1: 0.8830548926014319
2023-10-11 06:30:07,523 Epoch: 63 Train loss: 0.0012595223897658141 Val loss: 0.9647647091898341 accuracy: 0.8918918918918919 precision: 0.9019607843137255 f1: 0.8932038834951457
2023-10-11 06:30:59,149 Epoch: 64 Train loss: 0.0005711314586208943 Val loss: 1.2088954546847022 accuracy: 0.8771498771498771 precision: 0.9019607843137255 f1: 0.8803827751196173
2023-10-11 06:31:52,264 Epoch: 65 Train loss: 0.0011584423985404296 Val loss: 1.6603817336637383 accuracy: 0.8574938574938575 precision: 0.9264705882352942 f1: 0.8669724770642203
2023-10-11 06:32:43,540 Epoch: 66 Train loss: 0.0030632986080447342 Val loss: 0.9606330157246423 accuracy: 0.8746928746928747 precision: 0.8921568627450981 f1: 0.8771084337349399
2023-10-11 06:33:35,262 Epoch: 67 Train loss: 0.00021507837255352978 Val loss: 1.0521398974633485 accuracy: 0.8697788697788698 precision: 0.8970588235294118 f1: 0.8735083532219571
2023-10-11 06:34:26,960 Epoch: 68 Train loss: 0.0006062682302437654 Val loss: 1.2484918260373747 accuracy: 0.8771498771498771 precision: 0.9117647058823529 f1: 0.8815165876777251
2023-10-11 06:35:19,648 Epoch: 69 Train loss: 0.0015799882544511416 Val loss: 1.278043016750408 accuracy: 0.8697788697788698 precision: 0.9068627450980392 f1: 0.8747044917257683
2023-10-11 06:36:10,331 Epoch: 70 Train loss: 0.00029680844697224705 Val loss: 1.3426711984927981 accuracy: 0.8673218673218673 precision: 0.9019607843137255 f1: 0.8720379146919431
2023-10-11 06:37:03,055 Epoch: 71 Train loss: 0.00017125756123155777 Val loss: 1.3388056739215524 accuracy: 0.8624078624078624 precision: 0.8921568627450981 f1: 0.8666666666666667
2023-10-11 06:37:54,570 Epoch: 72 Train loss: 0.0015298262035488182 Val loss: 1.6505661988364886 accuracy: 0.8624078624078624 precision: 0.9068627450980392 f1: 0.8685446009389671
2023-10-11 06:38:46,379 Epoch: 73 Train loss: 0.00015216493710449677 Val loss: 1.3815488597431864 accuracy: 0.8722358722358723 precision: 0.8921568627450981 f1: 0.875
2023-10-11 06:39:37,708 Epoch: 74 Train loss: 0.00016427091145144714 Val loss: 1.396265600454521 accuracy: 0.8648648648648649 precision: 0.8823529411764706 f1: 0.8674698795180724
2023-10-11 06:40:30,020 Epoch: 75 Train loss: 0.000548909446837722 Val loss: 1.4698763577062681 accuracy: 0.85995085995086 precision: 0.8823529411764706 f1: 0.8633093525179857
2023-10-11 06:41:20,175 Epoch: 76 Train loss: 0.0035257424396619107 Val loss: 1.3561518051204844 accuracy: 0.8697788697788698 precision: 0.9117647058823529 f1: 0.8752941176470588
2023-10-11 06:42:09,996 Epoch: 77 Train loss: 0.0005814714436130832 Val loss: 1.0386750541899625 accuracy: 0.8796068796068796 precision: 0.8725490196078431 f1: 0.8790123456790123
2023-10-11 06:42:58,944 Epoch: 78 Train loss: 0.0006166748532985441 Val loss: 1.303797421260522 accuracy: 0.8746928746928747 precision: 0.9215686274509803 f1: 0.8805620608899296
2023-10-11 06:43:48,996 Epoch: 79 Train loss: 0.005042876108614118 Val loss: 0.9495979054758069 accuracy: 0.9017199017199017 precision: 0.9313725490196079 f1: 0.9047619047619048
2023-10-11 06:44:37,051 Epoch: 80 Train loss: 0.020166462349629502 Val loss: 1.5579966498682132 accuracy: 0.8501228501228502 precision: 0.8088235294117647 f1: 0.8439897698209718
2023-10-11 06:45:27,028 Epoch: 81 Train loss: 0.04381085941450623 Val loss: 1.0071249461529637 accuracy: 0.8673218673218673 precision: 0.9264705882352942 f1: 0.875
2023-10-11 06:46:16,832 Epoch: 82 Train loss: 0.01906434805832191 Val loss: 1.3023993437572454 accuracy: 0.8722358722358723 precision: 0.9313725490196079 f1: 0.8796296296296297
2023-10-11 06:47:05,484 Epoch: 83 Train loss: 0.0020781472179206496 Val loss: 1.049949473729402 accuracy: 0.8746928746928747 precision: 0.9117647058823529 f1: 0.8794326241134752
2023-10-11 06:47:55,086 Epoch: 84 Train loss: 0.0017472365561668072 Val loss: 1.0116516720288649 accuracy: 0.8845208845208845 precision: 0.9068627450980392 f1: 0.8872901678657074
2023-10-11 06:48:43,014 Epoch: 85 Train loss: 0.0005284212071936 Val loss: 0.829923972311528 accuracy: 0.8746928746928747 precision: 0.8774509803921569 f1: 0.8753056234718827
2023-10-11 06:49:31,643 Epoch: 86 Train loss: 0.0005462958332052929 Val loss: 1.276545303945358 accuracy: 0.8722358722358723 precision: 0.8872549019607843 f1: 0.8743961352657006
2023-10-11 06:50:20,643 Epoch: 87 Train loss: 0.00024784691397103104 Val loss: 1.2573867669696204 accuracy: 0.8796068796068796 precision: 0.9019607843137255 f1: 0.8824940047961631
2023-10-11 06:51:09,350 Epoch: 88 Train loss: 0.00016857131146134444 Val loss: 1.0692755396234868 accuracy: 0.8771498771498771 precision: 0.9019607843137255 f1: 0.8803827751196173
2023-10-11 06:51:57,710 Epoch: 89 Train loss: 0.00022678776373638522 Val loss: 1.087480065158773 accuracy: 0.8894348894348895 precision: 0.9166666666666666 f1: 0.8926014319809069
2023-10-11 06:52:47,648 Epoch: 90 Train loss: 0.00014354356435756374 Val loss: 1.3092776934723729 accuracy: 0.8771498771498771 precision: 0.8921568627450981 f1: 0.8792270531400966
2023-10-11 06:53:37,044 Epoch: 91 Train loss: 0.0001165025319138951 Val loss: 1.301985345961594 accuracy: 0.8771498771498771 precision: 0.8970588235294118 f1: 0.8798076923076924
2023-10-11 06:54:25,597 Epoch: 92 Train loss: 0.0002203717154603949 Val loss: 1.589920218834917 accuracy: 0.8722358722358723 precision: 0.8774509803921569 f1: 0.8731707317073171
2023-10-11 06:55:13,553 Epoch: 93 Train loss: 0.00014494238037531705 Val loss: 1.5886412271155188 accuracy: 0.8722358722358723 precision: 0.8823529411764706 f1: 0.8737864077669903
2023-10-11 06:56:03,191 Epoch: 94 Train loss: 0.0005243337831803669 Val loss: 1.5275787030267076 accuracy: 0.8673218673218673 precision: 0.8823529411764706 f1: 0.8695652173913043
2023-10-11 06:56:52,894 Epoch: 95 Train loss: 0.0001880452171384243 Val loss: 1.7931513901040979 accuracy: 0.8697788697788698 precision: 0.8823529411764706 f1: 0.8716707021791767
2023-10-11 06:57:41,001 Epoch: 96 Train loss: 0.00010561935512516036 Val loss: 1.541302621221313 accuracy: 0.8673218673218673 precision: 0.8774509803921569 f1: 0.8689320388349515
2023-10-11 06:58:31,559 Epoch: 97 Train loss: 0.00029101201376617564 Val loss: 0.9297099259923786 accuracy: 0.8796068796068796 precision: 0.8627450980392157 f1: 0.8778054862842892
2023-10-11 06:59:21,698 Epoch: 98 Train loss: 0.0001832408350449053 Val loss: 1.5604589319110136 accuracy: 0.8771498771498771 precision: 0.8823529411764706 f1: 0.8780487804878048
2023-10-11 07:00:12,491 Epoch: 99 Train loss: 0.00039916616584050236 Val loss: 2.0718175676660255 accuracy: 0.855036855036855 precision: 0.8823529411764706 f1: 0.8591885441527446
2023-10-11 07:00:12,491 Training finished
2023-10-11 07:00:12,491 accuracy: 0.9041769041769042 precision: 0.9313725490196079 f1: 0.9069212410501194 recall: 0.8837209302325582
