2023-10-13 04:28:16,484 {'device': 'cuda', 'logdir': 'logs', 'checkpoints': 'checkpoints', 'data': {'name': 'D1', 'img_root': 'data/new_modified_data/D1/images', 'data_path': 'data/new_modified_data/D1/df1_modified.csv', 'txt_col': 'Text', 'img_col': 'local_url', 'tar_col': 'Binary', 'idx_col': 'Unnamed: 0', 'batch_size': 16, 'num_workers': 4, 'max_len': 512, 'chunk_len': 200, 'overlap_len': 50}, 'model': {'name': 'Cnn', 'modality': 'text', 'vocab_size': 0, 'embedding_dim': 100, 'n_filters': 20, 'filter_sizes': [3, 4, 5], 'num_layers': 2, 'dropout': 0.2, 'common_hidden_dim': 512, 'output_dim': 1}, 'training': {'scheme': 2, 'beta': 0.7, 'margin': 0.2, 'epochs': 100, 'lr': 0.0001, 'warmup_steps': 0}}
2023-10-13 04:28:16,683 Loading tokenizer from local checkpoints checkpoints/tokenizer
2023-10-13 04:28:16,683 Length of tokenizer is 34141
2023-10-13 04:28:46,457 Epoch: 0 Train loss: 0.6656214869489857 Val loss: 0.6317271590232849 accuracy: 0.5749385749385749 precision: 0.17766497461928935 f1: 0.2880658436213992
2023-10-13 04:28:46,526 Best Model saved with accuracy 0.5749385749385749
2023-10-13 04:29:11,026 Epoch: 1 Train loss: 0.5853336023933747 Val loss: 0.5229694465031991 accuracy: 0.7395577395577395 precision: 0.8883248730964467 f1: 0.7675438596491228
2023-10-13 04:29:11,150 Best Model saved with accuracy 0.7395577395577395
2023-10-13 04:29:36,182 Epoch: 2 Train loss: 0.4921053554497513 Val loss: 0.4566904168862563 accuracy: 0.769041769041769 precision: 0.6091370558375635 f1: 0.7185628742514971
2023-10-13 04:29:36,306 Best Model saved with accuracy 0.769041769041769
2023-10-13 04:30:00,484 Epoch: 3 Train loss: 0.4295922939976056 Val loss: 0.4038456701315366 accuracy: 0.8255528255528255 precision: 0.8121827411167513 f1: 0.8184143222506393
2023-10-13 04:30:00,601 Best Model saved with accuracy 0.8255528255528255
2023-10-13 04:30:25,588 Epoch: 4 Train loss: 0.3698291676301582 Val loss: 0.3756635229174907 accuracy: 0.8329238329238329 precision: 0.8883248730964467 f1: 0.8373205741626794
2023-10-13 04:30:25,709 Best Model saved with accuracy 0.8329238329238329
2023-10-13 04:30:50,372 Epoch: 5 Train loss: 0.32505206383910834 Val loss: 0.3481356988732631 accuracy: 0.8574938574938575 precision: 0.8223350253807107 f1: 0.8481675392670158
2023-10-13 04:30:50,511 Best Model saved with accuracy 0.8574938574938575
2023-10-13 04:31:14,829 Epoch: 6 Train loss: 0.3055412751786849 Val loss: 0.32640797931414384 accuracy: 0.8673218673218673 precision: 0.8527918781725888 f1: 0.8615384615384616
2023-10-13 04:31:14,950 Best Model saved with accuracy 0.8673218673218673
2023-10-13 04:31:40,127 Epoch: 7 Train loss: 0.2775082759851334 Val loss: 0.32024115553269017 accuracy: 0.855036855036855 precision: 0.817258883248731 f1: 0.8451443569553807
2023-10-13 04:32:05,415 Epoch: 8 Train loss: 0.2445938092674695 Val loss: 0.3144104669873531 accuracy: 0.8796068796068796 precision: 0.8883248730964467 f1: 0.8771929824561403
2023-10-13 04:32:05,535 Best Model saved with accuracy 0.8796068796068796
2023-10-13 04:32:31,629 Epoch: 9 Train loss: 0.22351050088364705 Val loss: 0.2947364959579248 accuracy: 0.8796068796068796 precision: 0.8730964467005076 f1: 0.8753180661577609
2023-10-13 04:32:57,205 Epoch: 10 Train loss: 0.20723115747757986 Val loss: 0.2851640061976818 accuracy: 0.8820638820638821 precision: 0.8934010152284264 f1: 0.88
2023-10-13 04:32:57,335 Best Model saved with accuracy 0.8820638820638821
2023-10-13 04:33:22,860 Epoch: 11 Train loss: 0.18495657484905392 Val loss: 0.29179725595391715 accuracy: 0.8624078624078624 precision: 0.7918781725888325 f1: 0.8478260869565218
2023-10-13 04:33:48,539 Epoch: 12 Train loss: 0.16729054800873877 Val loss: 0.2713954682246997 accuracy: 0.8697788697788698 precision: 0.8426395939086294 f1: 0.8623376623376624
2023-10-13 04:34:14,036 Epoch: 13 Train loss: 0.15304500489112208 Val loss: 0.2742629607136433 accuracy: 0.8722358722358723 precision: 0.8477157360406091 f1: 0.8652849740932643
2023-10-13 04:34:39,033 Epoch: 14 Train loss: 0.1508481915054076 Val loss: 0.27584202759541 accuracy: 0.8796068796068796 precision: 0.8629441624365483 f1: 0.8740359897172236
2023-10-13 04:35:04,006 Epoch: 15 Train loss: 0.15008177846560583 Val loss: 0.27705057036991304 accuracy: 0.8722358722358723 precision: 0.8223350253807107 f1: 0.8617021276595745
2023-10-13 04:35:29,231 Epoch: 16 Train loss: 0.13805238559257751 Val loss: 0.2593567742464634 accuracy: 0.8796068796068796 precision: 0.868020304568528 f1: 0.8746803069053709
2023-10-13 04:35:54,717 Epoch: 17 Train loss: 0.11062509232365034 Val loss: 0.2668780784767408 accuracy: 0.8845208845208845 precision: 0.883248730964467 f1: 0.8810126582278481
2023-10-13 04:35:54,850 Best Model saved with accuracy 0.8845208845208845
2023-10-13 04:36:19,042 Epoch: 18 Train loss: 0.10895256402299684 Val loss: 0.2616279090826328 accuracy: 0.8820638820638821 precision: 0.883248730964467 f1: 0.8787878787878788
2023-10-13 04:36:44,763 Epoch: 19 Train loss: 0.12203666047357462 Val loss: 0.26494106392447764 accuracy: 0.8820638820638821 precision: 0.8426395939086294 f1: 0.8736842105263157
2023-10-13 04:37:09,733 Epoch: 20 Train loss: 0.11837079565899045 Val loss: 0.2781479162378953 accuracy: 0.8869778869778869 precision: 0.8781725888324873 f1: 0.8826530612244897
2023-10-13 04:37:09,854 Best Model saved with accuracy 0.8869778869778869
2023-10-13 04:37:35,496 Epoch: 21 Train loss: 0.10453057180469234 Val loss: 0.2643612420472961 accuracy: 0.8820638820638821 precision: 0.8527918781725888 f1: 0.8750000000000001
2023-10-13 04:38:00,729 Epoch: 22 Train loss: 0.09483177269644597 Val loss: 0.2639137194491923 accuracy: 0.8845208845208845 precision: 0.8629441624365483 f1: 0.8785529715762274
2023-10-13 04:38:25,932 Epoch: 23 Train loss: 0.09381363025921233 Val loss: 0.282308376680773 accuracy: 0.8869778869778869 precision: 0.868020304568528 f1: 0.8814432989690723
2023-10-13 04:38:50,946 Epoch: 24 Train loss: 0.08272048866823681 Val loss: 0.2763742827452146 accuracy: 0.8845208845208845 precision: 0.8477157360406091 f1: 0.8766404199475065
2023-10-13 04:39:16,252 Epoch: 25 Train loss: 0.08675966298609387 Val loss: 0.2708164626159347 accuracy: 0.8894348894348895 precision: 0.883248730964467 f1: 0.8854961832061069
2023-10-13 04:39:16,399 Best Model saved with accuracy 0.8894348894348895
2023-10-13 04:39:41,941 Epoch: 26 Train loss: 0.08806418474106227 Val loss: 0.29068992458857024 accuracy: 0.8820638820638821 precision: 0.868020304568528 f1: 0.876923076923077
2023-10-13 04:40:07,485 Epoch: 27 Train loss: 0.08486452870819644 Val loss: 0.2713465720701676 accuracy: 0.8968058968058968 precision: 0.9187817258883249 f1: 0.896039603960396
2023-10-13 04:40:07,624 Best Model saved with accuracy 0.8968058968058968
2023-10-13 04:40:32,449 Epoch: 28 Train loss: 0.08781338870689712 Val loss: 0.26106489850924564 accuracy: 0.8968058968058968 precision: 0.8781725888324873 f1: 0.8917525773195876
2023-10-13 04:40:56,955 Epoch: 29 Train loss: 0.07787740710830572 Val loss: 0.2721986687527253 accuracy: 0.8869778869778869 precision: 0.8527918781725888 f1: 0.8795811518324608
2023-10-13 04:41:22,313 Epoch: 30 Train loss: 0.07692154378210213 Val loss: 0.26233141131412524 accuracy: 0.8820638820638821 precision: 0.8730964467005076 f1: 0.8775510204081632
2023-10-13 04:41:47,651 Epoch: 31 Train loss: 0.07168179216301616 Val loss: 0.2708311647606584 accuracy: 0.8918918918918919 precision: 0.868020304568528 f1: 0.8860103626943004
2023-10-13 04:42:14,403 Epoch: 32 Train loss: 0.069645636984348 Val loss: 0.26977408075561893 accuracy: 0.8918918918918919 precision: 0.868020304568528 f1: 0.8860103626943004
2023-10-13 04:42:40,345 Epoch: 33 Train loss: 0.059704504584135745 Val loss: 0.27064818158172643 accuracy: 0.8968058968058968 precision: 0.8781725888324873 f1: 0.8917525773195876
2023-10-13 04:43:06,583 Epoch: 34 Train loss: 0.06779761111372899 Val loss: 0.27899462027618516 accuracy: 0.8918918918918919 precision: 0.868020304568528 f1: 0.8860103626943004
2023-10-13 04:43:32,043 Epoch: 35 Train loss: 0.05863776335072722 Val loss: 0.284582968084858 accuracy: 0.8918918918918919 precision: 0.8984771573604061 f1: 0.8894472361809045
2023-10-13 04:43:57,523 Epoch: 36 Train loss: 0.07095688033173335 Val loss: 0.27853717719419646 accuracy: 0.8968058968058968 precision: 0.8934010152284264 f1: 0.8934010152284264
2023-10-13 04:44:24,098 Epoch: 37 Train loss: 0.06562418459718317 Val loss: 0.28320967592298985 accuracy: 0.8918918918918919 precision: 0.868020304568528 f1: 0.8860103626943004
2023-10-13 04:44:50,608 Epoch: 38 Train loss: 0.0662001385627424 Val loss: 0.304870436541163 accuracy: 0.8697788697788698 precision: 0.817258883248731 f1: 0.8586666666666667
2023-10-13 04:45:16,276 Epoch: 39 Train loss: 0.07314213717815138 Val loss: 0.28188310606548417 accuracy: 0.8968058968058968 precision: 0.8934010152284264 f1: 0.8934010152284264
2023-10-13 04:45:41,545 Epoch: 40 Train loss: 0.0619399929510466 Val loss: 0.2997418623417616 accuracy: 0.8943488943488943 precision: 0.8781725888324873 f1: 0.8894601542416452
2023-10-13 04:46:07,027 Epoch: 41 Train loss: 0.0570155723892408 Val loss: 0.2795188723920056 accuracy: 0.8992628992628993 precision: 0.8781725888324873 f1: 0.8940568475452197
2023-10-13 04:46:07,158 Best Model saved with accuracy 0.8992628992628993
2023-10-13 04:46:33,162 Epoch: 42 Train loss: 0.061171228736330865 Val loss: 0.2916077081687175 accuracy: 0.8992628992628993 precision: 0.8984771573604061 f1: 0.8962025316455696
2023-10-13 04:46:58,617 Epoch: 43 Train loss: 0.06236283127081526 Val loss: 0.29334710932408387 accuracy: 0.8992628992628993 precision: 0.883248730964467 f1: 0.8946015424164525
2023-10-13 04:47:24,309 Epoch: 44 Train loss: 0.047362584596746325 Val loss: 0.2756906765011641 accuracy: 0.8992628992628993 precision: 0.8934010152284264 f1: 0.8956743002544528
2023-10-13 04:47:50,750 Epoch: 45 Train loss: 0.06083842698203893 Val loss: 0.2860294349509506 accuracy: 0.8894348894348895 precision: 0.9086294416243654 f1: 0.8883374689826303
2023-10-13 04:48:16,072 Epoch: 46 Train loss: 0.05005306291494373 Val loss: 0.2947190383879038 accuracy: 0.8968058968058968 precision: 0.8883248730964467 f1: 0.8928571428571428
2023-10-13 04:48:41,250 Epoch: 47 Train loss: 0.062427103476069286 Val loss: 0.2984293640161363 accuracy: 0.8968058968058968 precision: 0.8934010152284264 f1: 0.8934010152284264
2023-10-13 04:49:06,159 Epoch: 48 Train loss: 0.057384508578608946 Val loss: 0.29204221753976667 accuracy: 0.8968058968058968 precision: 0.8730964467005076 f1: 0.8911917098445595
2023-10-13 04:49:31,436 Epoch: 49 Train loss: 0.061852779579531475 Val loss: 0.28464976282647025 accuracy: 0.8968058968058968 precision: 0.8730964467005076 f1: 0.8911917098445595
2023-10-13 04:49:56,450 Epoch: 50 Train loss: 0.05457118370424153 Val loss: 0.29378591005045634 accuracy: 0.8894348894348895 precision: 0.8629441624365483 f1: 0.8831168831168831
2023-10-13 04:50:21,893 Epoch: 51 Train loss: 0.05054105923273692 Val loss: 0.28685724458549744 accuracy: 0.8968058968058968 precision: 0.9086294416243654 f1: 0.8949999999999999
2023-10-13 04:50:47,556 Epoch: 52 Train loss: 0.04925452953880178 Val loss: 0.2963090617782794 accuracy: 0.8918918918918919 precision: 0.8730964467005076 f1: 0.8865979381443299
2023-10-13 04:51:13,085 Epoch: 53 Train loss: 0.05139465699218871 Val loss: 0.31882204201359016 accuracy: 0.8968058968058968 precision: 0.883248730964467 f1: 0.8923076923076924
2023-10-13 04:51:38,370 Epoch: 54 Train loss: 0.05379392260653606 Val loss: 0.2965702893785559 accuracy: 0.8943488943488943 precision: 0.9035532994923858 f1: 0.8922305764411027
2023-10-13 04:52:04,843 Epoch: 55 Train loss: 0.05977629763918801 Val loss: 0.2824041405871797 accuracy: 0.8968058968058968 precision: 0.8934010152284264 f1: 0.8934010152284264
2023-10-13 04:52:30,381 Epoch: 56 Train loss: 0.050822532056675605 Val loss: 0.28779938953140605 accuracy: 0.8968058968058968 precision: 0.8883248730964467 f1: 0.8928571428571428
2023-10-13 04:52:54,271 Epoch: 57 Train loss: 0.04659190997264494 Val loss: 0.28719720418135136 accuracy: 0.8968058968058968 precision: 0.8883248730964467 f1: 0.8928571428571428
2023-10-13 04:53:19,553 Epoch: 58 Train loss: 0.05822549116405129 Val loss: 0.2876589523198513 accuracy: 0.8943488943488943 precision: 0.8883248730964467 f1: 0.89058524173028
2023-10-13 04:53:45,299 Epoch: 59 Train loss: 0.044103487506600134 Val loss: 0.2839556930300135 accuracy: 0.8968058968058968 precision: 0.8934010152284264 f1: 0.8934010152284264
2023-10-13 04:54:10,863 Epoch: 60 Train loss: 0.04617695396825416 Val loss: 0.3216839178393667 accuracy: 0.8722358722358723 precision: 0.8324873096446701 f1: 0.8631578947368421
2023-10-13 04:54:35,951 Epoch: 61 Train loss: 0.041753678081566284 Val loss: 0.3018520772457123 accuracy: 0.8992628992628993 precision: 0.8984771573604061 f1: 0.8962025316455696
2023-10-13 04:55:00,558 Epoch: 62 Train loss: 0.039760767237406555 Val loss: 0.33834342285990715 accuracy: 0.8697788697788698 precision: 0.8020304568527918 f1: 0.8563685636856369
2023-10-13 04:55:25,652 Epoch: 63 Train loss: 0.033936668085801765 Val loss: 0.2931801356160297 accuracy: 0.8968058968058968 precision: 0.8934010152284264 f1: 0.8934010152284264
2023-10-13 04:55:51,045 Epoch: 64 Train loss: 0.037514773620904295 Val loss: 0.30606276670900673 accuracy: 0.8869778869778869 precision: 0.8629441624365483 f1: 0.8808290155440415
2023-10-13 04:56:15,972 Epoch: 65 Train loss: 0.04544625316481745 Val loss: 0.2983851803180117 accuracy: 0.8869778869778869 precision: 0.8629441624365483 f1: 0.8808290155440415
2023-10-13 04:56:41,989 Epoch: 66 Train loss: 0.042769232907505964 Val loss: 0.29834581098447627 accuracy: 0.8943488943488943 precision: 0.8934010152284264 f1: 0.8911392405063291
2023-10-13 04:57:06,678 Epoch: 67 Train loss: 0.05002025718425227 Val loss: 0.3503086862619966 accuracy: 0.8697788697788698 precision: 0.8071065989847716 f1: 0.8571428571428571
2023-10-13 04:57:33,080 Epoch: 68 Train loss: 0.045057887930477804 Val loss: 0.291089978069067 accuracy: 0.9017199017199017 precision: 0.8883248730964467 f1: 0.8974358974358975
2023-10-13 04:57:33,210 Best Model saved with accuracy 0.9017199017199017
2023-10-13 04:57:59,278 Epoch: 69 Train loss: 0.038798338538161295 Val loss: 0.2916086827440617 accuracy: 0.8992628992628993 precision: 0.883248730964467 f1: 0.8946015424164525
2023-10-13 04:58:23,916 Epoch: 70 Train loss: 0.0465589341754322 Val loss: 0.3059332661975462 accuracy: 0.8968058968058968 precision: 0.8883248730964467 f1: 0.8928571428571428
2023-10-13 04:58:49,445 Epoch: 71 Train loss: 0.042467531415989954 Val loss: 0.3041836502603613 accuracy: 0.8943488943488943 precision: 0.883248730964467 f1: 0.8900255754475703
2023-10-13 04:59:14,549 Epoch: 72 Train loss: 0.05111276592566248 Val loss: 0.3326711596455425 accuracy: 0.8746928746928747 precision: 0.8324873096446701 f1: 0.8654353562005277
2023-10-13 04:59:39,778 Epoch: 73 Train loss: 0.0567150054831633 Val loss: 0.31859320416473424 accuracy: 0.8771498771498771 precision: 0.8324873096446701 f1: 0.8677248677248678
2023-10-13 05:00:05,166 Epoch: 74 Train loss: 0.045331049252269495 Val loss: 0.3141604600330958 accuracy: 0.8771498771498771 precision: 0.8426395939086294 f1: 0.8691099476439791
2023-10-13 05:00:30,192 Epoch: 75 Train loss: 0.0388335117969808 Val loss: 0.31401177128561986 accuracy: 0.8894348894348895 precision: 0.868020304568528 f1: 0.8837209302325582
2023-10-13 05:00:55,961 Epoch: 76 Train loss: 0.050057438738055196 Val loss: 0.3266701235507543 accuracy: 0.8771498771498771 precision: 0.8426395939086294 f1: 0.8691099476439791
2023-10-13 05:01:22,018 Epoch: 77 Train loss: 0.03992676202095954 Val loss: 0.3127030674368143 accuracy: 0.8992628992628993 precision: 0.883248730964467 f1: 0.8946015424164525
2023-10-13 05:01:47,409 Epoch: 78 Train loss: 0.042954852256134116 Val loss: 0.3168378003577415 accuracy: 0.8820638820638821 precision: 0.8426395939086294 f1: 0.8736842105263157
2023-10-13 05:02:12,857 Epoch: 79 Train loss: 0.04191287811651515 Val loss: 0.3179207785198322 accuracy: 0.8869778869778869 precision: 0.8527918781725888 f1: 0.8795811518324608
2023-10-13 05:02:38,149 Epoch: 80 Train loss: 0.03867559085084198 Val loss: 0.30422182424137223 accuracy: 0.8992628992628993 precision: 0.8883248730964467 f1: 0.8951406649616369
2023-10-13 05:03:02,761 Epoch: 81 Train loss: 0.03797060315150256 Val loss: 0.30750738743406075 accuracy: 0.8918918918918919 precision: 0.8781725888324873 f1: 0.8871794871794872
2023-10-13 05:03:27,799 Epoch: 82 Train loss: 0.04621480799459295 Val loss: 0.3141764644354295 accuracy: 0.8894348894348895 precision: 0.8629441624365483 f1: 0.8831168831168831
2023-10-13 05:03:52,410 Epoch: 83 Train loss: 0.041919566778803936 Val loss: 0.33032457179461533 accuracy: 0.8894348894348895 precision: 0.8578680203045685 f1: 0.8825065274151435
2023-10-13 05:04:16,998 Epoch: 84 Train loss: 0.04036701504510882 Val loss: 0.34361923538828987 accuracy: 0.8722358722358723 precision: 0.8121827411167513 f1: 0.8602150537634409
2023-10-13 05:04:41,601 Epoch: 85 Train loss: 0.03826881478672993 Val loss: 0.33809574084499705 accuracy: 0.8894348894348895 precision: 0.8629441624365483 f1: 0.8831168831168831
2023-10-13 05:05:06,105 Epoch: 86 Train loss: 0.037379770557748215 Val loss: 0.33290426001454204 accuracy: 0.8943488943488943 precision: 0.8730964467005076 f1: 0.8888888888888888
2023-10-13 05:05:31,261 Epoch: 87 Train loss: 0.03423097573149968 Val loss: 0.3371458820138986 accuracy: 0.8992628992628993 precision: 0.8730964467005076 f1: 0.8935064935064935
2023-10-13 05:05:56,015 Epoch: 88 Train loss: 0.04030600783024805 Val loss: 0.31006305242100585 accuracy: 0.8943488943488943 precision: 0.868020304568528 f1: 0.8883116883116883
2023-10-13 05:06:21,315 Epoch: 89 Train loss: 0.04082516408736553 Val loss: 0.34469912853091955 accuracy: 0.8722358722358723 precision: 0.8121827411167513 f1: 0.8602150537634409
2023-10-13 05:06:47,262 Epoch: 90 Train loss: 0.041924366959160665 Val loss: 0.3026061010761903 accuracy: 0.8992628992628993 precision: 0.883248730964467 f1: 0.8946015424164525
2023-10-13 05:07:11,738 Epoch: 91 Train loss: 0.03177601821759405 Val loss: 0.317371074647571 accuracy: 0.8918918918918919 precision: 0.8883248730964467 f1: 0.8883248730964467
2023-10-13 05:07:36,666 Epoch: 92 Train loss: 0.03738869455564247 Val loss: 0.34820492268325043 accuracy: 0.8796068796068796 precision: 0.8375634517766497 f1: 0.870712401055409
2023-10-13 05:08:02,149 Epoch: 93 Train loss: 0.03164609199373837 Val loss: 0.3333684975066437 accuracy: 0.8746928746928747 precision: 0.8274111675126904 f1: 0.8647214854111407
2023-10-13 05:08:27,346 Epoch: 94 Train loss: 0.03906740259045881 Val loss: 0.37628238515641826 accuracy: 0.8648648648648649 precision: 0.7918781725888325 f1: 0.8501362397820164
2023-10-13 05:08:52,293 Epoch: 95 Train loss: 0.031900031570294946 Val loss: 0.31062827789439607 accuracy: 0.8992628992628993 precision: 0.8781725888324873 f1: 0.8940568475452197
2023-10-13 05:09:17,795 Epoch: 96 Train loss: 0.03681226770847799 Val loss: 0.31068226118357134 accuracy: 0.8992628992628993 precision: 0.883248730964467 f1: 0.8946015424164525
2023-10-13 05:09:42,650 Epoch: 97 Train loss: 0.04214835423273126 Val loss: 0.3267498519988014 accuracy: 0.8943488943488943 precision: 0.8629441624365483 f1: 0.8877284595300261
2023-10-13 05:10:07,653 Epoch: 98 Train loss: 0.03046678058664981 Val loss: 0.34689807682745877 accuracy: 0.8869778869778869 precision: 0.8477157360406091 f1: 0.8789473684210526
2023-10-13 05:10:32,585 Epoch: 99 Train loss: 0.02801031831611409 Val loss: 0.3471203294690125 accuracy: 0.8918918918918919 precision: 0.8578680203045685 f1: 0.8848167539267016
2023-10-13 05:10:32,586 Training finished
2023-10-13 05:10:32,586 accuracy: 0.9017199017199017 precision: 0.8883248730964467 f1: 0.8974358974358975 recall: 0.9067357512953368
