2023-10-14 05:16:45,015 {'device': 'cuda', 'logdir': 'logs', 'checkpoints': 'checkpoints', 'data': {'name': 'RECOVERY', 'img_root': 'data/new_modified_data/RECOVERY/images', 'data_path': 'data/new_modified_data/RECOVERY/recoveryn_modified.csv', 'txt_col': 'body_text', 'img_col': 'image', 'tar_col': 'reliability', 'idx_col': 'Unnamed: 0', 'batch_size': 16, 'num_workers': 4, 'max_len': 512, 'chunk_len': 200, 'overlap_len': 50}, 'model': {'name': 'Cnn', 'modality': 'text', 'vocab_size': 0, 'embedding_dim': 100, 'n_filters': 20, 'filter_sizes': [3, 4, 5], 'num_layers': 2, 'dropout': 0.2, 'common_hidden_dim': 512, 'output_dim': 1}, 'training': {'scheme': 2, 'beta': 0.7, 'margin': 0.2, 'epochs': 100, 'lr': 0.0001, 'warmup_steps': 0}}
2023-10-14 05:16:45,214 Loading tokenizer from local checkpoints checkpoints/tokenizer
2023-10-14 05:16:45,214 Length of tokenizer is 34141
2023-10-14 05:17:37,299 Epoch: 0 Train loss: 0.4909827603274081 Val loss: 0.5265902905237108 accuracy: 0.7811550151975684 precision: 1.0 f1: 0.8771331058020477
2023-10-14 05:17:37,369 Best Model saved with accuracy 0.7811550151975684
2023-10-14 05:18:28,111 Epoch: 1 Train loss: 0.4749171374792076 Val loss: 0.5286723219213032 accuracy: 0.7811550151975684 precision: 1.0 f1: 0.8771331058020477
2023-10-14 05:19:20,438 Epoch: 2 Train loss: 0.46697638946843434 Val loss: 0.5120749927702404 accuracy: 0.7811550151975684 precision: 1.0 f1: 0.8771331058020477
2023-10-14 05:20:12,166 Epoch: 3 Train loss: 0.45349650731287805 Val loss: 0.5074641761325654 accuracy: 0.7811550151975684 precision: 1.0 f1: 0.8771331058020477
2023-10-14 05:21:04,707 Epoch: 4 Train loss: 0.4405057423086052 Val loss: 0.5072431975886935 accuracy: 0.7811550151975684 precision: 1.0 f1: 0.8771331058020477
2023-10-14 05:21:55,243 Epoch: 5 Train loss: 0.43948443198060416 Val loss: 0.49356334124292645 accuracy: 0.7811550151975684 precision: 1.0 f1: 0.8771331058020477
2023-10-14 05:22:47,977 Epoch: 6 Train loss: 0.4192397975059877 Val loss: 0.47358266654468717 accuracy: 0.7811550151975684 precision: 1.0 f1: 0.8771331058020477
2023-10-14 05:23:38,144 Epoch: 7 Train loss: 0.39825767081186 Val loss: 0.4617098889180592 accuracy: 0.7872340425531915 precision: 1.0 f1: 0.8801369863013698
2023-10-14 05:23:38,281 Best Model saved with accuracy 0.7872340425531915
2023-10-14 05:24:29,915 Epoch: 8 Train loss: 0.37418612882674457 Val loss: 0.449405312538147 accuracy: 0.7872340425531915 precision: 1.0 f1: 0.8801369863013698
2023-10-14 05:25:23,069 Epoch: 9 Train loss: 0.36114908844591626 Val loss: 0.43191133652414593 accuracy: 0.7872340425531915 precision: 1.0 f1: 0.8801369863013698
2023-10-14 05:26:15,096 Epoch: 10 Train loss: 0.35158412176442433 Val loss: 0.4253380873373577 accuracy: 0.7872340425531915 precision: 1.0 f1: 0.8801369863013698
2023-10-14 05:27:05,966 Epoch: 11 Train loss: 0.3196767764278205 Val loss: 0.41452378247465405 accuracy: 0.790273556231003 precision: 1.0 f1: 0.8816466552315608
2023-10-14 05:27:06,082 Best Model saved with accuracy 0.790273556231003
2023-10-14 05:27:59,262 Epoch: 12 Train loss: 0.30624200825590686 Val loss: 0.42451342479104087 accuracy: 0.790273556231003 precision: 1.0 f1: 0.8816466552315608
2023-10-14 05:28:52,510 Epoch: 13 Train loss: 0.29850335293505564 Val loss: 0.4020182873521532 accuracy: 0.7993920972644377 precision: 1.0 f1: 0.8862068965517241
2023-10-14 05:28:52,630 Best Model saved with accuracy 0.7993920972644377
2023-10-14 05:29:44,327 Epoch: 14 Train loss: 0.26166393787386905 Val loss: 0.3797635095460074 accuracy: 0.8206686930091185 precision: 1.0 f1: 0.8970331588132636
2023-10-14 05:29:44,448 Best Model saved with accuracy 0.8206686930091185
2023-10-14 05:30:36,158 Epoch: 15 Train loss: 0.2542716154312513 Val loss: 0.37142229364031837 accuracy: 0.8328267477203647 precision: 0.9922178988326849 f1: 0.9026548672566371
2023-10-14 05:30:36,274 Best Model saved with accuracy 0.8328267477203647
2023-10-14 05:31:28,003 Epoch: 16 Train loss: 0.24133511210780545 Val loss: 0.3746636846945399 accuracy: 0.8267477203647416 precision: 1.0 f1: 0.9001751313485115
2023-10-14 05:32:19,486 Epoch: 17 Train loss: 0.2107543666588973 Val loss: 0.34773196350960506 accuracy: 0.8419452887537994 precision: 0.9883268482490273 f1: 0.907142857142857
2023-10-14 05:32:19,609 Best Model saved with accuracy 0.8419452887537994
2023-10-14 05:33:11,549 Epoch: 18 Train loss: 0.21007158791264854 Val loss: 0.3505178917021978 accuracy: 0.8358662613981763 precision: 0.9883268482490273 f1: 0.903914590747331
2023-10-14 05:34:02,301 Epoch: 19 Train loss: 0.20629951216459994 Val loss: 0.3606573265223276 accuracy: 0.8389057750759878 precision: 0.9922178988326849 f1: 0.9058614564831261
2023-10-14 05:34:53,921 Epoch: 20 Train loss: 0.17821475118398666 Val loss: 0.3585561570667085 accuracy: 0.8389057750759878 precision: 0.9961089494163424 f1: 0.9061946902654867
2023-10-14 05:35:48,088 Epoch: 21 Train loss: 0.18405174968921276 Val loss: 0.3409389555454254 accuracy: 0.8419452887537994 precision: 0.9883268482490273 f1: 0.907142857142857
2023-10-14 05:36:39,878 Epoch: 22 Train loss: 0.1615886550890394 Val loss: 0.3954289227369286 accuracy: 0.8237082066869301 precision: 0.9961089494163424 f1: 0.8982456140350876
2023-10-14 05:37:32,418 Epoch: 23 Train loss: 0.15886499481387886 Val loss: 0.3501609819275992 accuracy: 0.8419452887537994 precision: 0.9922178988326849 f1: 0.907473309608541
2023-10-14 05:38:24,911 Epoch: 24 Train loss: 0.1652241346078465 Val loss: 0.3595712135235469 accuracy: 0.8419452887537994 precision: 0.9961089494163424 f1: 0.9078014184397164
2023-10-14 05:39:16,386 Epoch: 25 Train loss: 0.12530580367219735 Val loss: 0.3895068030272211 accuracy: 0.8389057750759878 precision: 0.9961089494163424 f1: 0.9061946902654867
2023-10-14 05:40:11,930 Epoch: 26 Train loss: 0.1399324100172843 Val loss: 0.32597006680000395 accuracy: 0.8541033434650456 precision: 0.9883268482490273 f1: 0.9136690647482015
2023-10-14 05:40:12,054 Best Model saved with accuracy 0.8541033434650456
2023-10-14 05:41:04,691 Epoch: 27 Train loss: 0.1294967005343502 Val loss: 0.3251609399559952 accuracy: 0.8541033434650456 precision: 0.9883268482490273 f1: 0.9136690647482015
2023-10-14 05:41:55,678 Epoch: 28 Train loss: 0.11424612390797541 Val loss: 0.3511458016222432 accuracy: 0.851063829787234 precision: 0.9922178988326849 f1: 0.9123434704830053
2023-10-14 05:42:47,192 Epoch: 29 Train loss: 0.12422272141080305 Val loss: 0.2988640272191593 accuracy: 0.8723404255319149 precision: 0.9844357976653697 f1: 0.9233576642335767
2023-10-14 05:42:47,313 Best Model saved with accuracy 0.8723404255319149
2023-10-14 05:43:39,730 Epoch: 30 Train loss: 0.1188333932848939 Val loss: 0.3690428992822057 accuracy: 0.8480243161094225 precision: 0.9961089494163424 f1: 0.9110320284697508
2023-10-14 05:44:31,868 Epoch: 31 Train loss: 0.12513729610132523 Val loss: 0.32083507911080406 accuracy: 0.8601823708206687 precision: 0.9883268482490273 f1: 0.9169675090252709
2023-10-14 05:45:25,707 Epoch: 32 Train loss: 0.1136800533452307 Val loss: 0.2913837693631649 accuracy: 0.8753799392097265 precision: 0.980544747081712 f1: 0.9247706422018348
2023-10-14 05:45:25,850 Best Model saved with accuracy 0.8753799392097265
2023-10-14 05:46:17,762 Epoch: 33 Train loss: 0.1090298317462565 Val loss: 0.34178181932795615 accuracy: 0.8571428571428571 precision: 0.9922178988326849 f1: 0.9156193895870736
2023-10-14 05:47:09,115 Epoch: 34 Train loss: 0.1146422057996044 Val loss: 0.326501453738837 accuracy: 0.8723404255319149 precision: 0.9883268482490273 f1: 0.9236363636363636
2023-10-14 05:47:59,361 Epoch: 35 Train loss: 0.10845234745507498 Val loss: 0.3562478164122218 accuracy: 0.8571428571428571 precision: 0.9922178988326849 f1: 0.9156193895870736
2023-10-14 05:48:50,996 Epoch: 36 Train loss: 0.09169430475322957 Val loss: 0.3032295528267111 accuracy: 0.8753799392097265 precision: 0.9844357976653697 f1: 0.9250457038391225
2023-10-14 05:49:42,100 Epoch: 37 Train loss: 0.09912196940080409 Val loss: 0.3140300111401649 accuracy: 0.8723404255319149 precision: 0.9844357976653697 f1: 0.9233576642335767
2023-10-14 05:50:32,369 Epoch: 38 Train loss: 0.07604188829974597 Val loss: 0.3743486070916766 accuracy: 0.8541033434650456 precision: 0.9961089494163424 f1: 0.9142857142857144
2023-10-14 05:51:23,561 Epoch: 39 Train loss: 0.08452415439378784 Val loss: 0.3375282587394828 accuracy: 0.8632218844984803 precision: 0.9883268482490273 f1: 0.918625678119349
2023-10-14 05:52:13,051 Epoch: 40 Train loss: 0.10238829314013023 Val loss: 0.3646821134856769 accuracy: 0.8632218844984803 precision: 0.9922178988326849 f1: 0.918918918918919
2023-10-14 05:53:03,452 Epoch: 41 Train loss: 0.08864639677017568 Val loss: 0.3419244798964688 accuracy: 0.8601823708206687 precision: 0.9883268482490273 f1: 0.9169675090252709
2023-10-14 05:53:54,622 Epoch: 42 Train loss: 0.07513214022633675 Val loss: 0.3912727614598615 accuracy: 0.851063829787234 precision: 0.9961089494163424 f1: 0.9126559714795008
2023-10-14 05:54:47,170 Epoch: 43 Train loss: 0.09127384349030543 Val loss: 0.3602987624083956 accuracy: 0.8632218844984803 precision: 0.9922178988326849 f1: 0.918918918918919
2023-10-14 05:55:38,947 Epoch: 44 Train loss: 0.07789249033723251 Val loss: 0.31427797071990515 accuracy: 0.8753799392097265 precision: 0.9844357976653697 f1: 0.9250457038391225
2023-10-14 05:56:31,706 Epoch: 45 Train loss: 0.08272936144080686 Val loss: 0.3385755183796088 accuracy: 0.8693009118541033 precision: 0.9922178988326849 f1: 0.922242314647378
2023-10-14 05:57:22,552 Epoch: 46 Train loss: 0.06590201234983573 Val loss: 0.3509052637077513 accuracy: 0.8693009118541033 precision: 0.9844357976653697 f1: 0.9216757741347906
2023-10-14 05:58:15,675 Epoch: 47 Train loss: 0.06958793262188065 Val loss: 0.3246697973282564 accuracy: 0.8753799392097265 precision: 0.9844357976653697 f1: 0.9250457038391225
2023-10-14 05:59:06,610 Epoch: 48 Train loss: 0.0757759026173188 Val loss: 0.3138351889238471 accuracy: 0.878419452887538 precision: 0.980544747081712 f1: 0.926470588235294
2023-10-14 05:59:06,738 Best Model saved with accuracy 0.878419452887538
2023-10-14 06:00:00,204 Epoch: 49 Train loss: 0.0735169290901577 Val loss: 0.32562959247401785 accuracy: 0.8753799392097265 precision: 0.9844357976653697 f1: 0.9250457038391225
2023-10-14 06:00:53,350 Epoch: 50 Train loss: 0.07687629826075162 Val loss: 0.4018990361974353 accuracy: 0.8571428571428571 precision: 0.9961089494163424 f1: 0.9159212880143113
2023-10-14 06:01:44,607 Epoch: 51 Train loss: 0.07724055835096368 Val loss: 0.3707764381986289 accuracy: 0.8662613981762918 precision: 0.9922178988326849 f1: 0.92057761732852
2023-10-14 06:02:36,181 Epoch: 52 Train loss: 0.0641075543307486 Val loss: 0.30937010582004276 accuracy: 0.8814589665653495 precision: 0.9766536964980544 f1: 0.9279112754158965
2023-10-14 06:02:36,293 Best Model saved with accuracy 0.8814589665653495
2023-10-14 06:03:28,596 Epoch: 53 Train loss: 0.061930842540529836 Val loss: 0.3980768385032813 accuracy: 0.8571428571428571 precision: 0.9922178988326849 f1: 0.9156193895870736
2023-10-14 06:04:22,605 Epoch: 54 Train loss: 0.06729624031605311 Val loss: 0.34745975725707556 accuracy: 0.8723404255319149 precision: 0.9922178988326849 f1: 0.9239130434782609
2023-10-14 06:05:14,132 Epoch: 55 Train loss: 0.07104050144356822 Val loss: 0.2872507706994102 accuracy: 0.8875379939209727 precision: 0.9727626459143969 f1: 0.931098696461825
2023-10-14 06:05:14,251 Best Model saved with accuracy 0.8875379939209727
2023-10-14 06:06:07,177 Epoch: 56 Train loss: 0.05439580009663927 Val loss: 0.3643180273828052 accuracy: 0.8632218844984803 precision: 0.9922178988326849 f1: 0.918918918918919
2023-10-14 06:06:59,263 Epoch: 57 Train loss: 0.07594331253757589 Val loss: 0.33057502728132976 accuracy: 0.8693009118541033 precision: 0.9766536964980544 f1: 0.9211009174311926
2023-10-14 06:07:51,363 Epoch: 58 Train loss: 0.05727965951790607 Val loss: 0.3340942747890949 accuracy: 0.8693009118541033 precision: 0.980544747081712 f1: 0.9213893967093235
2023-10-14 06:08:45,748 Epoch: 59 Train loss: 0.06535249391110637 Val loss: 0.3388473858968133 accuracy: 0.8723404255319149 precision: 0.9766536964980544 f1: 0.9227941176470588
2023-10-14 06:09:38,742 Epoch: 60 Train loss: 0.0475578051921631 Val loss: 0.3954785879523981 accuracy: 0.8601823708206687 precision: 0.9961089494163424 f1: 0.917562724014337
2023-10-14 06:10:31,134 Epoch: 61 Train loss: 0.061994694369699226 Val loss: 0.30631059621061596 accuracy: 0.8814589665653495 precision: 0.9688715953307393 f1: 0.9273743016759776
2023-10-14 06:11:25,299 Epoch: 62 Train loss: 0.047857299940772806 Val loss: 0.3549614513204211 accuracy: 0.8632218844984803 precision: 0.980544747081712 f1: 0.9180327868852459
2023-10-14 06:12:22,695 Epoch: 63 Train loss: 0.05915261551468487 Val loss: 0.3669763296909098 accuracy: 0.8662613981762918 precision: 0.9883268482490273 f1: 0.9202898550724637
2023-10-14 06:13:19,801 Epoch: 64 Train loss: 0.0682679174344493 Val loss: 0.31821061200684025 accuracy: 0.8723404255319149 precision: 0.9766536964980544 f1: 0.9227941176470588
2023-10-14 06:14:15,351 Epoch: 65 Train loss: 0.0612448270149327 Val loss: 0.4199993789550804 accuracy: 0.8693009118541033 precision: 0.9961089494163424 f1: 0.9225225225225224
2023-10-14 06:15:08,684 Epoch: 66 Train loss: 0.06374846234446369 Val loss: 0.379304117922272 accuracy: 0.8753799392097265 precision: 0.9961089494163424 f1: 0.925858951175407
2023-10-14 06:16:03,188 Epoch: 67 Train loss: 0.06025371762169301 Val loss: 0.3878204943168731 accuracy: 0.8693009118541033 precision: 0.9922178988326849 f1: 0.922242314647378
2023-10-14 06:16:55,468 Epoch: 68 Train loss: 0.048317802253639304 Val loss: 0.3393239144768034 accuracy: 0.8693009118541033 precision: 0.980544747081712 f1: 0.9213893967093235
2023-10-14 06:17:48,214 Epoch: 69 Train loss: 0.04583184929502881 Val loss: 0.4079071634138624 accuracy: 0.8632218844984803 precision: 0.9961089494163424 f1: 0.919210053859964
2023-10-14 06:18:43,797 Epoch: 70 Train loss: 0.059558162408185206 Val loss: 0.40146883705719594 accuracy: 0.8632218844984803 precision: 0.9961089494163424 f1: 0.919210053859964
2023-10-14 06:19:38,242 Epoch: 71 Train loss: 0.0541042578631047 Val loss: 0.3420060816265288 accuracy: 0.8723404255319149 precision: 0.980544747081712 f1: 0.923076923076923
2023-10-14 06:20:30,645 Epoch: 72 Train loss: 0.05108491570270811 Val loss: 0.29730402979822385 accuracy: 0.878419452887538 precision: 0.9688715953307393 f1: 0.9256505576208178
2023-10-14 06:21:22,072 Epoch: 73 Train loss: 0.05543585695853704 Val loss: 0.3627463250110547 accuracy: 0.878419452887538 precision: 0.9922178988326849 f1: 0.9272727272727272
2023-10-14 06:22:15,194 Epoch: 74 Train loss: 0.048609712177954886 Val loss: 0.34722968173168955 accuracy: 0.8723404255319149 precision: 0.9844357976653697 f1: 0.9233576642335767
2023-10-14 06:23:09,811 Epoch: 75 Train loss: 0.04431758923224645 Val loss: 0.4305210474080273 accuracy: 0.8632218844984803 precision: 0.9961089494163424 f1: 0.919210053859964
2023-10-14 06:24:03,843 Epoch: 76 Train loss: 0.04221685369027756 Val loss: 0.3180121307571729 accuracy: 0.878419452887538 precision: 0.9844357976653697 f1: 0.9267399267399269
2023-10-14 06:24:57,926 Epoch: 77 Train loss: 0.05270527036305158 Val loss: 0.36576529947065173 accuracy: 0.8753799392097265 precision: 0.9922178988326849 f1: 0.9255898366606171
2023-10-14 06:25:52,444 Epoch: 78 Train loss: 0.05774962518599827 Val loss: 0.37744951336866334 accuracy: 0.8753799392097265 precision: 0.9922178988326849 f1: 0.9255898366606171
2023-10-14 06:26:44,588 Epoch: 79 Train loss: 0.03309858253321061 Val loss: 0.3838973731866905 accuracy: 0.878419452887538 precision: 0.9922178988326849 f1: 0.9272727272727272
2023-10-14 06:27:37,587 Epoch: 80 Train loss: 0.03583756484321307 Val loss: 0.37147325844991774 accuracy: 0.8753799392097265 precision: 0.9922178988326849 f1: 0.9255898366606171
2023-10-14 06:28:33,065 Epoch: 81 Train loss: 0.040954556090746996 Val loss: 0.4461654037946746 accuracy: 0.8632218844984803 precision: 0.9961089494163424 f1: 0.919210053859964
2023-10-14 06:29:27,277 Epoch: 82 Train loss: 0.03293765375828258 Val loss: 0.3595720375222819 accuracy: 0.878419452887538 precision: 0.9883268482490273 f1: 0.927007299270073
2023-10-14 06:30:20,837 Epoch: 83 Train loss: 0.03319022805796072 Val loss: 0.41060984853122917 accuracy: 0.8693009118541033 precision: 0.9961089494163424 f1: 0.9225225225225224
2023-10-14 06:31:12,786 Epoch: 84 Train loss: 0.04038746230702578 Val loss: 0.3782147930136749 accuracy: 0.878419452887538 precision: 0.9961089494163424 f1: 0.9275362318840579
2023-10-14 06:32:05,594 Epoch: 85 Train loss: 0.030812938483740508 Val loss: 0.3410074994677589 accuracy: 0.878419452887538 precision: 0.9844357976653697 f1: 0.9267399267399269
2023-10-14 06:32:58,968 Epoch: 86 Train loss: 0.04311606752258762 Val loss: 0.4084960124677136 accuracy: 0.8753799392097265 precision: 0.9961089494163424 f1: 0.925858951175407
2023-10-14 06:33:51,897 Epoch: 87 Train loss: 0.040230282768361686 Val loss: 0.36644272080489565 accuracy: 0.8814589665653495 precision: 0.9922178988326849 f1: 0.9289617486338798
2023-10-14 06:34:45,892 Epoch: 88 Train loss: 0.038501845240727604 Val loss: 0.40932817366861163 accuracy: 0.8753799392097265 precision: 0.9922178988326849 f1: 0.9255898366606171
2023-10-14 06:35:39,029 Epoch: 89 Train loss: 0.03584044594149363 Val loss: 0.364617865621334 accuracy: 0.8814589665653495 precision: 0.9922178988326849 f1: 0.9289617486338798
2023-10-14 06:36:31,952 Epoch: 90 Train loss: 0.042028119023159956 Val loss: 0.3386451642782915 accuracy: 0.878419452887538 precision: 0.9844357976653697 f1: 0.9267399267399269
2023-10-14 06:37:26,910 Epoch: 91 Train loss: 0.03625066061591409 Val loss: 0.41843912814788164 accuracy: 0.8723404255319149 precision: 0.9922178988326849 f1: 0.9239130434782609
2023-10-14 06:38:19,963 Epoch: 92 Train loss: 0.037240059060291444 Val loss: 0.35654809276041177 accuracy: 0.8814589665653495 precision: 0.9883268482490273 f1: 0.9287020109689215
2023-10-14 06:39:13,422 Epoch: 93 Train loss: 0.018667380469568923 Val loss: 0.41538438342866446 accuracy: 0.8723404255319149 precision: 0.9922178988326849 f1: 0.9239130434782609
2023-10-14 06:40:05,199 Epoch: 94 Train loss: 0.03435579263773489 Val loss: 0.4084994260310417 accuracy: 0.8723404255319149 precision: 0.9922178988326849 f1: 0.9239130434782609
2023-10-14 06:40:57,709 Epoch: 95 Train loss: 0.026407152331568838 Val loss: 0.5549649689346552 accuracy: 0.8571428571428571 precision: 0.9961089494163424 f1: 0.9159212880143113
2023-10-14 06:41:48,724 Epoch: 96 Train loss: 0.05331018662917517 Val loss: 0.2973293529025146 accuracy: 0.8905775075987842 precision: 0.9688715953307393 f1: 0.9325842696629214
2023-10-14 06:41:48,859 Best Model saved with accuracy 0.8905775075987842
2023-10-14 06:42:41,183 Epoch: 97 Train loss: 0.031039949516865357 Val loss: 0.3468341375035899 accuracy: 0.8814589665653495 precision: 0.9844357976653697 f1: 0.928440366972477
2023-10-14 06:43:34,013 Epoch: 98 Train loss: 0.03130214406227895 Val loss: 0.3406661415383929 accuracy: 0.8814589665653495 precision: 0.980544747081712 f1: 0.9281767955801105
2023-10-14 06:44:27,348 Epoch: 99 Train loss: 0.03565218488171035 Val loss: 0.3615319911567938 accuracy: 0.878419452887538 precision: 0.9922178988326849 f1: 0.9272727272727272
2023-10-14 06:44:27,349 Training finished
2023-10-14 06:44:27,349 accuracy: 0.8905775075987842 precision: 0.9688715953307393 f1: 0.9325842696629214 recall: 0.8989169675090253
