2023-10-14 04:31:06,366 {'device': 'cuda', 'logdir': 'logs', 'checkpoints': 'checkpoints', 'data': {'name': 'D1', 'img_root': 'data/new_modified_data/D1/images', 'data_path': 'data/new_modified_data/D1/df1_modified.csv', 'txt_col': 'Text', 'img_col': 'local_url', 'tar_col': 'Binary', 'idx_col': 'Unnamed: 0', 'batch_size': 16, 'num_workers': 4, 'max_len': 512, 'chunk_len': 200, 'overlap_len': 50}, 'model': {'name': 'Vgg', 'modality': 'text', 'vocab_size': 0, 'embedding_dim': 100, 'n_filters': 20, 'filter_sizes': [3, 4, 5], 'num_layers': 2, 'dropout': 0.2, 'common_hidden_dim': 512, 'output_dim': 1}, 'training': {'scheme': 2, 'beta': 0.7, 'margin': 0.2, 'epochs': 100, 'lr': 0.0001, 'warmup_steps': 0}}
2023-10-14 04:31:06,566 Loading tokenizer from local checkpoints checkpoints/tokenizer
2023-10-14 04:31:06,566 Length of tokenizer is 34141
2023-10-14 04:31:37,158 Epoch: 0 Train loss: 0.4116020308551835 Val loss: 0.31760233697982937 accuracy: 0.8673218673218673 precision: 0.8549222797927462 f1: 0.859375
2023-10-14 04:31:38,165 Best Model saved with accuracy 0.8673218673218673
2023-10-14 04:32:03,279 Epoch: 1 Train loss: 0.31266066322431846 Val loss: 0.2851395188615872 accuracy: 0.8746928746928747 precision: 0.8704663212435233 f1: 0.8682170542635659
2023-10-14 04:32:05,556 Best Model saved with accuracy 0.8746928746928747
2023-10-14 04:32:30,118 Epoch: 2 Train loss: 0.284489719671946 Val loss: 0.26577269629790234 accuracy: 0.8992628992628993 precision: 0.9326424870466321 f1: 0.8977556109725686
2023-10-14 04:32:32,394 Best Model saved with accuracy 0.8992628992628993
2023-10-14 04:32:57,267 Epoch: 3 Train loss: 0.28195129429884985 Val loss: 0.26285876448337847 accuracy: 0.8992628992628993 precision: 0.9378238341968912 f1: 0.8982630272952854
2023-10-14 04:33:22,905 Epoch: 4 Train loss: 0.26115942158389327 Val loss: 0.2564211656840948 accuracy: 0.8894348894348895 precision: 0.9015544041450777 f1: 0.8854961832061069
2023-10-14 04:33:47,279 Epoch: 5 Train loss: 0.24124203403206432 Val loss: 0.2524232208155669 accuracy: 0.8894348894348895 precision: 0.8860103626943006 f1: 0.8837209302325582
2023-10-14 04:34:12,398 Epoch: 6 Train loss: 0.23654257444043955 Val loss: 0.2386777105812843 accuracy: 0.9041769041769042 precision: 0.917098445595855 f1: 0.900763358778626
2023-10-14 04:34:14,680 Best Model saved with accuracy 0.9041769041769042
2023-10-14 04:34:40,881 Epoch: 7 Train loss: 0.22568650799346904 Val loss: 0.24453015883381551 accuracy: 0.9090909090909091 precision: 0.9585492227979274 f1: 0.9090909090909091
2023-10-14 04:34:43,160 Best Model saved with accuracy 0.9090909090909091
2023-10-14 04:35:07,367 Epoch: 8 Train loss: 0.22062488446267797 Val loss: 0.26661918154702735 accuracy: 0.9066339066339066 precision: 0.9585492227979274 f1: 0.9068627450980391
2023-10-14 04:35:31,790 Epoch: 9 Train loss: 0.20519676209226542 Val loss: 0.22485195515820613 accuracy: 0.9213759213759214 precision: 0.927461139896373 f1: 0.9179487179487179
2023-10-14 04:35:34,069 Best Model saved with accuracy 0.9213759213759214
2023-10-14 04:35:59,334 Epoch: 10 Train loss: 0.19162108263402594 Val loss: 0.23733543812368924 accuracy: 0.9041769041769042 precision: 0.8963730569948186 f1: 0.8987012987012987
2023-10-14 04:36:23,783 Epoch: 11 Train loss: 0.18770958043123578 Val loss: 0.2510806345739044 accuracy: 0.9115479115479116 precision: 0.9637305699481865 f1: 0.9117647058823529
2023-10-14 04:36:48,204 Epoch: 12 Train loss: 0.19288836934548967 Val loss: 0.2719538812167369 accuracy: 0.9066339066339066 precision: 0.9637305699481865 f1: 0.9073170731707317
2023-10-14 04:37:13,466 Epoch: 13 Train loss: 0.19340222332553536 Val loss: 0.23598239843088847 accuracy: 0.9115479115479116 precision: 0.9378238341968912 f1: 0.9095477386934673
2023-10-14 04:37:37,764 Epoch: 14 Train loss: 0.18091126699365823 Val loss: 0.22610744490073278 accuracy: 0.914004914004914 precision: 0.9222797927461139 f1: 0.9104859335038363
2023-10-14 04:38:02,927 Epoch: 15 Train loss: 0.17191649242943408 Val loss: 0.24067327810021547 accuracy: 0.9115479115479116 precision: 0.9119170984455959 f1: 0.9072164948453609
2023-10-14 04:38:27,589 Epoch: 16 Train loss: 0.1632783304096437 Val loss: 0.26685349886807114 accuracy: 0.9017199017199017 precision: 0.9689119170984456 f1: 0.9033816425120772
2023-10-14 04:38:52,620 Epoch: 17 Train loss: 0.16068105154908172 Val loss: 0.24061189119059306 accuracy: 0.9115479115479116 precision: 0.9481865284974094 f1: 0.9104477611940298
2023-10-14 04:39:18,369 Epoch: 18 Train loss: 0.15686046322990282 Val loss: 0.2284696172349728 accuracy: 0.9164619164619164 precision: 0.917098445595855 f1: 0.9123711340206185
2023-10-14 04:39:43,971 Epoch: 19 Train loss: 0.15290231003846025 Val loss: 0.21874088550416323 accuracy: 0.9238329238329238 precision: 0.9378238341968912 f1: 0.9211195928753181
2023-10-14 04:39:46,157 Best Model saved with accuracy 0.9238329238329238
2023-10-14 04:40:11,584 Epoch: 20 Train loss: 0.15436537178488924 Val loss: 0.20233871673162168 accuracy: 0.9238329238329238 precision: 0.9222797927461139 f1: 0.9198966408268733
2023-10-14 04:40:36,531 Epoch: 21 Train loss: 0.146079663881192 Val loss: 0.22038518795027182 accuracy: 0.918918918918919 precision: 0.9430051813471503 f1: 0.9168765743073047
2023-10-14 04:41:01,223 Epoch: 22 Train loss: 0.16509737216812723 Val loss: 0.22927287890790746 accuracy: 0.9115479115479116 precision: 0.9119170984455959 f1: 0.9072164948453609
2023-10-14 04:41:25,937 Epoch: 23 Train loss: 0.1473694313865374 Val loss: 0.2345077504332249 accuracy: 0.9312039312039312 precision: 0.9378238341968912 f1: 0.9282051282051282
2023-10-14 04:41:28,225 Best Model saved with accuracy 0.9312039312039312
2023-10-14 04:41:53,681 Epoch: 24 Train loss: 0.1369413899476914 Val loss: 0.24950350018648002 accuracy: 0.9090909090909091 precision: 0.9326424870466321 f1: 0.906801007556675
2023-10-14 04:42:19,324 Epoch: 25 Train loss: 0.12650746536240273 Val loss: 0.23585221328987524 accuracy: 0.914004914004914 precision: 0.9378238341968912 f1: 0.9118387909319899
2023-10-14 04:42:44,968 Epoch: 26 Train loss: 0.13559662727821692 Val loss: 0.23237073536102587 accuracy: 0.9238329238329238 precision: 0.9430051813471503 f1: 0.9215189873417722
2023-10-14 04:43:10,203 Epoch: 27 Train loss: 0.12865441836708902 Val loss: 0.2365574910520361 accuracy: 0.9164619164619164 precision: 0.917098445595855 f1: 0.9123711340206185
2023-10-14 04:43:35,106 Epoch: 28 Train loss: 0.12361470110458779 Val loss: 0.2320358155008692 accuracy: 0.9090909090909091 precision: 0.9326424870466321 f1: 0.906801007556675
2023-10-14 04:43:59,517 Epoch: 29 Train loss: 0.12483406996390983 Val loss: 0.23376381074866423 accuracy: 0.9090909090909091 precision: 0.8911917098445595 f1: 0.9028871391076115
2023-10-14 04:44:25,243 Epoch: 30 Train loss: 0.1168860337496096 Val loss: 0.2446404162507791 accuracy: 0.914004914004914 precision: 0.9430051813471503 f1: 0.912280701754386
2023-10-14 04:44:49,920 Epoch: 31 Train loss: 0.11686251443975113 Val loss: 0.2386924236153181 accuracy: 0.9090909090909091 precision: 0.9067357512953368 f1: 0.9043927648578811
2023-10-14 04:45:14,644 Epoch: 32 Train loss: 0.12039717687659111 Val loss: 0.2493455316334103 accuracy: 0.9090909090909091 precision: 0.9326424870466321 f1: 0.906801007556675
2023-10-14 04:45:39,200 Epoch: 33 Train loss: 0.11293717602030466 Val loss: 0.23481932246627715 accuracy: 0.9238329238329238 precision: 0.927461139896373 f1: 0.9203084832904883
2023-10-14 04:46:03,675 Epoch: 34 Train loss: 0.11138967515024192 Val loss: 0.2407859813851806 accuracy: 0.9287469287469288 precision: 0.927461139896373 f1: 0.9250645994832042
2023-10-14 04:46:28,113 Epoch: 35 Train loss: 0.10394183658154718 Val loss: 0.24147642246232584 accuracy: 0.9213759213759214 precision: 0.9222797927461139 f1: 0.9175257731958762
2023-10-14 04:46:53,711 Epoch: 36 Train loss: 0.10594129368808924 Val loss: 0.2350808149203658 accuracy: 0.9213759213759214 precision: 0.9222797927461139 f1: 0.9175257731958762
2023-10-14 04:47:19,076 Epoch: 37 Train loss: 0.1085141882227332 Val loss: 0.2637305766917192 accuracy: 0.9164619164619164 precision: 0.9637305699481865 f1: 0.916256157635468
2023-10-14 04:47:44,871 Epoch: 38 Train loss: 0.10610468881935173 Val loss: 0.2509909175837842 accuracy: 0.9090909090909091 precision: 0.9430051813471503 f1: 0.9077306733167083
2023-10-14 04:48:10,549 Epoch: 39 Train loss: 0.10520651207908112 Val loss: 0.2738863629503892 accuracy: 0.9213759213759214 precision: 0.917098445595855 f1: 0.917098445595855
2023-10-14 04:48:35,373 Epoch: 40 Train loss: 0.10217485384212113 Val loss: 0.27871653322990125 accuracy: 0.9090909090909091 precision: 0.9585492227979274 f1: 0.9090909090909091
2023-10-14 04:48:59,820 Epoch: 41 Train loss: 0.10327179025055147 Val loss: 0.24536573972839576 accuracy: 0.9213759213759214 precision: 0.917098445595855 f1: 0.917098445595855
2023-10-14 04:49:24,742 Epoch: 42 Train loss: 0.096988477013713 Val loss: 0.27399209335159797 accuracy: 0.9115479115479116 precision: 0.9378238341968912 f1: 0.9095477386934673
2023-10-14 04:49:49,156 Epoch: 43 Train loss: 0.09285598208981694 Val loss: 0.29669298145633477 accuracy: 0.8992628992628993 precision: 0.9481865284974094 f1: 0.8992628992628993
2023-10-14 04:50:15,251 Epoch: 44 Train loss: 0.09442184596121603 Val loss: 0.2898474478234465 accuracy: 0.9164619164619164 precision: 0.927461139896373 f1: 0.913265306122449
2023-10-14 04:50:40,888 Epoch: 45 Train loss: 0.09143102920486354 Val loss: 0.2689958858805207 accuracy: 0.9262899262899262 precision: 0.9430051813471503 f1: 0.9238578680203046
2023-10-14 04:51:05,579 Epoch: 46 Train loss: 0.10346773075962476 Val loss: 0.2488795774630629 accuracy: 0.9164619164619164 precision: 0.9119170984455959 f1: 0.9119170984455959
2023-10-14 04:51:29,543 Epoch: 47 Train loss: 0.1079896435908535 Val loss: 0.2959528654240645 accuracy: 0.9017199017199017 precision: 0.9533678756476683 f1: 0.9019607843137254
2023-10-14 04:51:53,561 Epoch: 48 Train loss: 0.1019771263624231 Val loss: 0.25382510440137523 accuracy: 0.914004914004914 precision: 0.927461139896373 f1: 0.910941475826972
2023-10-14 04:52:18,562 Epoch: 49 Train loss: 0.09688966640033851 Val loss: 0.23270462381725127 accuracy: 0.9213759213759214 precision: 0.9119170984455959 f1: 0.9166666666666667
2023-10-14 04:52:43,245 Epoch: 50 Train loss: 0.09135788745319873 Val loss: 0.30231261898118716 accuracy: 0.9017199017199017 precision: 0.9326424870466321 f1: 0.9
2023-10-14 04:53:08,312 Epoch: 51 Train loss: 0.09894628009265836 Val loss: 0.2582757876505359 accuracy: 0.9238329238329238 precision: 0.9067357512953368 f1: 0.9186351706036746
2023-10-14 04:53:33,316 Epoch: 52 Train loss: 0.08823870084084132 Val loss: 0.28000736394180703 accuracy: 0.9213759213759214 precision: 0.9378238341968912 f1: 0.9187817258883249
2023-10-14 04:53:58,514 Epoch: 53 Train loss: 0.0911944326573718 Val loss: 0.309389856715615 accuracy: 0.9041769041769042 precision: 0.9430051813471503 f1: 0.903225806451613
2023-10-14 04:54:23,314 Epoch: 54 Train loss: 0.0956159310561477 Val loss: 0.2772392133394113 accuracy: 0.9213759213759214 precision: 0.9222797927461139 f1: 0.9175257731958762
2023-10-14 04:54:49,395 Epoch: 55 Train loss: 0.0846206440827718 Val loss: 0.2555635620195132 accuracy: 0.918918918918919 precision: 0.917098445595855 f1: 0.9147286821705426
2023-10-14 04:55:15,639 Epoch: 56 Train loss: 0.08888131790045722 Val loss: 0.27374402451543856 accuracy: 0.918918918918919 precision: 0.927461139896373 f1: 0.9156010230179027
2023-10-14 04:55:41,968 Epoch: 57 Train loss: 0.08192566709191192 Val loss: 0.27323217084631324 accuracy: 0.9213759213759214 precision: 0.9326424870466321 f1: 0.9183673469387754
2023-10-14 04:56:08,664 Epoch: 58 Train loss: 0.0872076622657843 Val loss: 0.2760041288744945 accuracy: 0.918918918918919 precision: 0.9481865284974094 f1: 0.9172932330827068
2023-10-14 04:56:34,709 Epoch: 59 Train loss: 0.08228264344107433 Val loss: 0.25317636504769325 accuracy: 0.9287469287469288 precision: 0.9326424870466321 f1: 0.9254498714652956
2023-10-14 04:57:00,370 Epoch: 60 Train loss: 0.07854410908276252 Val loss: 0.2527967162716847 accuracy: 0.9312039312039312 precision: 0.917098445595855 f1: 0.9267015706806283
2023-10-14 04:57:26,144 Epoch: 61 Train loss: 0.08703171323377676 Val loss: 0.2610862974364024 accuracy: 0.9312039312039312 precision: 0.9222797927461139 f1: 0.9270833333333333
2023-10-14 04:57:51,218 Epoch: 62 Train loss: 0.0807532047825482 Val loss: 0.3415575257430856 accuracy: 0.9164619164619164 precision: 0.9585492227979274 f1: 0.9158415841584158
2023-10-14 04:58:16,523 Epoch: 63 Train loss: 0.07338852506569203 Val loss: 0.28364530854070413 accuracy: 0.9213759213759214 precision: 0.927461139896373 f1: 0.9179487179487179
2023-10-14 04:58:41,762 Epoch: 64 Train loss: 0.07701267653564904 Val loss: 0.27745447546028745 accuracy: 0.9213759213759214 precision: 0.927461139896373 f1: 0.9179487179487179
2023-10-14 04:59:07,672 Epoch: 65 Train loss: 0.0745113712242421 Val loss: 0.3094625130582314 accuracy: 0.9213759213759214 precision: 0.9378238341968912 f1: 0.9187817258883249
2023-10-14 04:59:34,616 Epoch: 66 Train loss: 0.0796961659729919 Val loss: 0.2880335829149072 accuracy: 0.9090909090909091 precision: 0.927461139896373 f1: 0.9063291139240506
2023-10-14 05:00:00,453 Epoch: 67 Train loss: 0.07083000072880703 Val loss: 0.26134291260789794 accuracy: 0.914004914004914 precision: 0.9222797927461139 f1: 0.9104859335038363
2023-10-14 05:00:26,182 Epoch: 68 Train loss: 0.08171678468466316 Val loss: 0.25894799226751697 accuracy: 0.914004914004914 precision: 0.927461139896373 f1: 0.910941475826972
2023-10-14 05:00:53,513 Epoch: 69 Train loss: 0.08730438031146631 Val loss: 0.30112971222171414 accuracy: 0.918918918918919 precision: 0.9533678756476683 f1: 0.9177057356608479
2023-10-14 05:01:19,593 Epoch: 70 Train loss: 0.07823504783514448 Val loss: 0.28793666176856136 accuracy: 0.9115479115479116 precision: 0.9326424870466321 f1: 0.9090909090909091
2023-10-14 05:01:43,977 Epoch: 71 Train loss: 0.07075714018634137 Val loss: 0.27331447440127915 accuracy: 0.9164619164619164 precision: 0.927461139896373 f1: 0.913265306122449
2023-10-14 05:02:09,065 Epoch: 72 Train loss: 0.07623048928821934 Val loss: 0.2783844674435946 accuracy: 0.914004914004914 precision: 0.9326424870466321 f1: 0.9113924050632911
2023-10-14 05:02:33,840 Epoch: 73 Train loss: 0.06535738339766349 Val loss: 0.2763994033090197 accuracy: 0.9115479115479116 precision: 0.9119170984455959 f1: 0.9072164948453609
2023-10-14 05:02:59,447 Epoch: 74 Train loss: 0.06586158388367325 Val loss: 0.2667726560925635 accuracy: 0.9213759213759214 precision: 0.9067357512953368 f1: 0.9162303664921466
2023-10-14 05:03:26,169 Epoch: 75 Train loss: 0.06957148577488374 Val loss: 0.28831348822523767 accuracy: 0.9164619164619164 precision: 0.9378238341968912 f1: 0.9141414141414141
2023-10-14 05:03:50,812 Epoch: 76 Train loss: 0.07182064253435123 Val loss: 0.2463820009993819 accuracy: 0.9238329238329238 precision: 0.9378238341968912 f1: 0.9211195928753181
2023-10-14 05:04:15,495 Epoch: 77 Train loss: 0.07095812792734553 Val loss: 0.2542539615040788 accuracy: 0.9213759213759214 precision: 0.9119170984455959 f1: 0.9166666666666667
2023-10-14 05:04:40,134 Epoch: 78 Train loss: 0.06550892805406715 Val loss: 0.28427677938284784 accuracy: 0.9238329238329238 precision: 0.9378238341968912 f1: 0.9211195928753181
2023-10-14 05:05:05,191 Epoch: 79 Train loss: 0.06164081232375739 Val loss: 0.298041784347823 accuracy: 0.918918918918919 precision: 0.8911917098445595 f1: 0.9124668435013263
2023-10-14 05:05:30,107 Epoch: 80 Train loss: 0.06846387253380289 Val loss: 0.28000741355264414 accuracy: 0.9213759213759214 precision: 0.9067357512953368 f1: 0.9162303664921466
2023-10-14 05:05:55,122 Epoch: 81 Train loss: 0.06856982035370653 Val loss: 0.2631988935172558 accuracy: 0.9287469287469288 precision: 0.917098445595855 f1: 0.9242819843342036
2023-10-14 05:06:19,753 Epoch: 82 Train loss: 0.06994426448135545 Val loss: 0.31765694729983807 accuracy: 0.9164619164619164 precision: 0.9637305699481865 f1: 0.916256157635468
2023-10-14 05:06:44,021 Epoch: 83 Train loss: 0.06724553623044972 Val loss: 0.28613055312934405 accuracy: 0.914004914004914 precision: 0.9222797927461139 f1: 0.9104859335038363
2023-10-14 05:07:08,620 Epoch: 84 Train loss: 0.0645764070858622 Val loss: 0.27864178545916307 accuracy: 0.9164619164619164 precision: 0.9222797927461139 f1: 0.9128205128205128
2023-10-14 05:07:33,331 Epoch: 85 Train loss: 0.06618762028166185 Val loss: 0.2876454618257972 accuracy: 0.9164619164619164 precision: 0.9119170984455959 f1: 0.9119170984455959
2023-10-14 05:07:58,510 Epoch: 86 Train loss: 0.0671030873336884 Val loss: 0.25644928187830374 accuracy: 0.9262899262899262 precision: 0.9119170984455959 f1: 0.9214659685863873
2023-10-14 05:08:23,238 Epoch: 87 Train loss: 0.06190496297865905 Val loss: 0.30332205885161573 accuracy: 0.9238329238329238 precision: 0.927461139896373 f1: 0.9203084832904883
2023-10-14 05:08:48,111 Epoch: 88 Train loss: 0.061393323609224226 Val loss: 0.305741944995064 accuracy: 0.9115479115479116 precision: 0.9430051813471503 f1: 0.9099999999999999
2023-10-14 05:09:13,595 Epoch: 89 Train loss: 0.06935199470186204 Val loss: 0.32243296625809026 accuracy: 0.918918918918919 precision: 0.9481865284974094 f1: 0.9172932330827068
2023-10-14 05:09:38,196 Epoch: 90 Train loss: 0.07756398316454508 Val loss: 0.2777625166882689 accuracy: 0.9213759213759214 precision: 0.9378238341968912 f1: 0.9187817258883249
2023-10-14 05:10:03,016 Epoch: 91 Train loss: 0.06705515549572952 Val loss: 0.31249595132584757 accuracy: 0.9262899262899262 precision: 0.9430051813471503 f1: 0.9238578680203046
2023-10-14 05:10:27,528 Epoch: 92 Train loss: 0.0657535417589779 Val loss: 0.2958945706486702 accuracy: 0.9090909090909091 precision: 0.927461139896373 f1: 0.9063291139240506
2023-10-14 05:10:52,573 Epoch: 93 Train loss: 0.06511653975044907 Val loss: 0.2842066417215392 accuracy: 0.9238329238329238 precision: 0.9481865284974094 f1: 0.9219143576826195
2023-10-14 05:11:18,102 Epoch: 94 Train loss: 0.07400976850390982 Val loss: 0.3183125025736025 accuracy: 0.914004914004914 precision: 0.9533678756476683 f1: 0.9131513647642681
2023-10-14 05:11:43,934 Epoch: 95 Train loss: 0.059313909803498904 Val loss: 0.296779233460816 accuracy: 0.9090909090909091 precision: 0.917098445595855 f1: 0.9053708439897699
2023-10-14 05:12:07,783 Epoch: 96 Train loss: 0.05688367588399891 Val loss: 0.32869077301942384 accuracy: 0.9017199017199017 precision: 0.9222797927461139 f1: 0.8989898989898989
2023-10-14 05:12:32,451 Epoch: 97 Train loss: 0.05985294905714873 Val loss: 0.3314670362115766 accuracy: 0.9115479115479116 precision: 0.9430051813471503 f1: 0.9099999999999999
2023-10-14 05:12:57,163 Epoch: 98 Train loss: 0.0685691904418134 Val loss: 0.37447008512054497 accuracy: 0.914004914004914 precision: 0.9533678756476683 f1: 0.9131513647642681
2023-10-14 05:13:21,848 Epoch: 99 Train loss: 0.07107326239986601 Val loss: 0.32368248738706684 accuracy: 0.914004914004914 precision: 0.9326424870466321 f1: 0.9113924050632911
2023-10-14 05:13:21,849 Training finished
2023-10-14 05:13:21,849 accuracy: 0.9312039312039312 precision: 0.9378238341968912 f1: 0.9282051282051282 recall: 0.9187817258883249
